[2019-11-17 21:52:18,307] {taskinstance.py:620} INFO - Dependencies all met for <TaskInstance: udacity_dag.Load_versions_dim_table 2007-10-29T01:00:00+00:00 [queued]>
[2019-11-17 21:52:18,314] {taskinstance.py:620} INFO - Dependencies all met for <TaskInstance: udacity_dag.Load_versions_dim_table 2007-10-29T01:00:00+00:00 [queued]>
[2019-11-17 21:52:18,314] {taskinstance.py:838} INFO - 
--------------------------------------------------------------------------------
[2019-11-17 21:52:18,314] {taskinstance.py:839} INFO - Starting attempt 1 of 4
[2019-11-17 21:52:18,314] {taskinstance.py:840} INFO - 
--------------------------------------------------------------------------------
[2019-11-17 21:52:18,318] {taskinstance.py:859} INFO - Executing <Task(LoadDimensionOperator): Load_versions_dim_table> on 2007-10-29T01:00:00+00:00
[2019-11-17 21:52:18,318] {base_task_runner.py:133} INFO - Running: ['airflow', 'run', 'udacity_dag', 'Load_versions_dim_table', '2007-10-29T01:00:00+00:00', '--job_id', '279', '--pool', 'default_pool', '--raw', '-sd', 'DAGS_FOLDER/udacity_dag.py', '--cfg_path', '/var/folders/8q/nyxhvd6d55nfqjdbrybk6jpw0000gn/T/tmp0p8c2n8f']
[2019-11-17 21:52:18,995] {base_task_runner.py:115} INFO - Job 279: Subtask Load_versions_dim_table /Users/likejun/anaconda3/lib/python3.7/site-packages/psycopg2/__init__.py:144: UserWarning: The psycopg2 wheel package will be renamed from release 2.8; in order to keep installing from binary please use "pip install psycopg2-binary" instead. For details see: <http://initd.org/psycopg/docs/install.html#binary-install-from-pypi>.
[2019-11-17 21:52:18,996] {base_task_runner.py:115} INFO - Job 279: Subtask Load_versions_dim_table   """)
[2019-11-17 21:52:19,069] {base_task_runner.py:115} INFO - Job 279: Subtask Load_versions_dim_table [2019-11-17 21:52:19,069] {__init__.py:51} INFO - Using executor SequentialExecutor
[2019-11-17 21:52:19,350] {base_task_runner.py:115} INFO - Job 279: Subtask Load_versions_dim_table [2019-11-17 21:52:19,350] {dagbag.py:90} INFO - Filling up the DagBag from /Users/likejun/airflow/dags/udacity_dag.py
[2019-11-17 21:52:19,362] {base_task_runner.py:115} INFO - Job 279: Subtask Load_versions_dim_table [2019-11-17 21:52:19,361] {cli.py:516} INFO - Running <TaskInstance: udacity_dag.Load_versions_dim_table 2007-10-29T01:00:00+00:00 [running]> on host likejundeMacBook-Pro.local
[2019-11-17 21:52:19,368] {load_dimensions.py:23} INFO - LoadDimensionOperator for version_dim
[2019-11-17 21:52:19,372] {logging_mixin.py:95} INFO - [[34m2019-11-17 21:52:19,372[0m] {[34mbase_hook.py:[0m84} INFO[0m - Using connection to: [1mid: redshift. Host: redshift-cluster.chjcdyihped1.us-west-2.redshift.amazonaws.com, Port: 5439, Schema: dev, Login: awsuser, Password: XXXXXXXX, extra: {}[0m[0m
[2019-11-17 21:52:24,101] {logging_mixin.py:95} INFO - [[34m2019-11-17 21:52:24,101[0m] {[34mdbapi_hook.py:[0m171} INFO[0m - 
    INSERT INTO version_dim
        (SELECT
            sv.id AS version_id,
            sv.number,
            sv.published_timestamp
        FROM staging_versions sv
        JOIN staging_projects sp
        ON sv.project_id = sp.id
        WHERE TO_CHAR(sp."repository created timestamp", 'YYYY-MM-DD') = '2007-10-29')
    [0m
[2019-11-17 21:52:26,427] {load_dimensions.py:41} INFO - inserted into version_dim
[2019-11-17 21:52:28,317] {logging_mixin.py:95} INFO - [[34m2019-11-17 21:52:28,317[0m] {[34mlocal_task_job.py:[0m105} INFO[0m - Task exited with return code 0[0m
