[2019-11-10 22:10:29,757] {taskinstance.py:620} INFO - Dependencies all met for <TaskInstance: capstone_dag.Stage_stars 2018-11-03T11:00:00+00:00 [queued]>
[2019-11-10 22:10:29,762] {taskinstance.py:620} INFO - Dependencies all met for <TaskInstance: capstone_dag.Stage_stars 2018-11-03T11:00:00+00:00 [queued]>
[2019-11-10 22:10:29,762] {taskinstance.py:838} INFO - 
--------------------------------------------------------------------------------
[2019-11-10 22:10:29,762] {taskinstance.py:839} INFO - Starting attempt 1 of 4
[2019-11-10 22:10:29,763] {taskinstance.py:840} INFO - 
--------------------------------------------------------------------------------
[2019-11-10 22:10:29,766] {taskinstance.py:859} INFO - Executing <Task(StageToRedshiftOperator): Stage_stars> on 2018-11-03T11:00:00+00:00
[2019-11-10 22:10:29,766] {base_task_runner.py:133} INFO - Running: ['airflow', 'run', 'capstone_dag', 'Stage_stars', '2018-11-03T11:00:00+00:00', '--job_id', '147', '--pool', 'default_pool', '--raw', '-sd', 'DAGS_FOLDER/capstone_dag.py', '--cfg_path', '/var/folders/8q/nyxhvd6d55nfqjdbrybk6jpw0000gn/T/tmprem53q2k']
[2019-11-10 22:10:30,445] {base_task_runner.py:115} INFO - Job 147: Subtask Stage_stars /Users/likejun/anaconda3/lib/python3.7/site-packages/psycopg2/__init__.py:144: UserWarning: The psycopg2 wheel package will be renamed from release 2.8; in order to keep installing from binary please use "pip install psycopg2-binary" instead. For details see: <http://initd.org/psycopg/docs/install.html#binary-install-from-pypi>.
[2019-11-10 22:10:30,445] {base_task_runner.py:115} INFO - Job 147: Subtask Stage_stars   """)
[2019-11-10 22:10:30,534] {base_task_runner.py:115} INFO - Job 147: Subtask Stage_stars [2019-11-10 22:10:30,533] {__init__.py:51} INFO - Using executor SequentialExecutor
[2019-11-10 22:10:30,817] {base_task_runner.py:115} INFO - Job 147: Subtask Stage_stars [2019-11-10 22:10:30,816] {dagbag.py:90} INFO - Filling up the DagBag from /Users/likejun/airflow/dags/capstone_dag.py
[2019-11-10 22:10:30,831] {base_task_runner.py:115} INFO - Job 147: Subtask Stage_stars [2019-11-10 22:10:30,830] {cli.py:516} INFO - Running <TaskInstance: capstone_dag.Stage_stars 2018-11-03T11:00:00+00:00 [running]> on host likejundeMacBook-Pro.local
[2019-11-10 22:10:30,837] {staging_redshift.py:33} INFO - StageToRedshiftOperator for staging_stars on 2018-11-03T11:00:00+00:00
[2019-11-10 22:10:30,844] {staging_redshift.py:44} INFO - copy command 
        COPY staging_stars FROM 's3://dend-capstone-lkj/star.json'
        ACCESS_KEY_ID 'AKIA2ZJJD7TPQUMASLMS'
        SECRET_ACCESS_KEY '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'
        REGION 'us-west-2'
        JSON 'auto' TIMEFORMAT 'YYYY-MM-DDTHH:MI:SSZ';
        
[2019-11-10 22:10:30,846] {logging_mixin.py:95} INFO - [[34m2019-11-10 22:10:30,846[0m] {[34mbase_hook.py:[0m84} INFO[0m - Using connection to: [1mid: redshift. Host: redshift-cluster.chjcdyihped1.us-west-2.redshift.amazonaws.com, Port: 5439, Schema: dev, Login: awsuser, Password: XXXXXXXX, extra: {}[0m[0m
[2019-11-10 22:10:33,196] {logging_mixin.py:95} INFO - [[34m2019-11-10 22:10:33,196[0m] {[34mdbapi_hook.py:[0m171} INFO[0m - 
        COPY staging_stars FROM 's3://dend-capstone-lkj/star.json'
        ACCESS_KEY_ID 'AKIA2ZJJD7TPQUMASLMS'
        SECRET_ACCESS_KEY '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'
        REGION 'us-west-2'
        JSON 'auto' TIMEFORMAT 'YYYY-MM-DDTHH:MI:SSZ';
        [0m
[2019-11-10 22:10:34,694] {staging_redshift.py:48} INFO - staging_stars loaded
[2019-11-10 22:10:34,763] {logging_mixin.py:95} INFO - [[34m2019-11-10 22:10:34,763[0m] {[34mlocal_task_job.py:[0m172} [33mWARNING[0m - [33mState of this instance has been externally set to [1msuccess[0m. Taking the poison pill.[0m
[2019-11-10 22:10:34,773] {helpers.py:307} INFO - Sending Signals.SIGTERM to GPID 17473
[2019-11-10 22:10:34,787] {helpers.py:285} INFO - Process psutil.Process(pid=17473, status='terminated') (17473) terminated with exit code -15
[2019-11-10 22:10:34,788] {logging_mixin.py:95} INFO - [[34m2019-11-10 22:10:34,788[0m] {[34mlocal_task_job.py:[0m105} INFO[0m - Task exited with return code 0[0m
