[2019-11-03 11:12:20,135] {taskinstance.py:620} INFO - Dependencies all met for <TaskInstance: capstone_dag.Stage_dependencies 2018-11-03T02:00:00+00:00 [queued]>
[2019-11-03 11:12:20,140] {taskinstance.py:620} INFO - Dependencies all met for <TaskInstance: capstone_dag.Stage_dependencies 2018-11-03T02:00:00+00:00 [queued]>
[2019-11-03 11:12:20,140] {taskinstance.py:838} INFO - 
--------------------------------------------------------------------------------
[2019-11-03 11:12:20,140] {taskinstance.py:839} INFO - Starting attempt 1 of 4
[2019-11-03 11:12:20,140] {taskinstance.py:840} INFO - 
--------------------------------------------------------------------------------
[2019-11-03 11:12:20,144] {taskinstance.py:859} INFO - Executing <Task(StageToRedshiftOperator): Stage_dependencies> on 2018-11-03T02:00:00+00:00
[2019-11-03 11:12:20,144] {base_task_runner.py:133} INFO - Running: ['airflow', 'run', 'capstone_dag', 'Stage_dependencies', '2018-11-03T02:00:00+00:00', '--job_id', '43', '--pool', 'default_pool', '--raw', '-sd', 'DAGS_FOLDER/capstone_dag.py', '--cfg_path', '/var/folders/8q/nyxhvd6d55nfqjdbrybk6jpw0000gn/T/tmp1exi1nxw']
[2019-11-03 11:12:20,835] {base_task_runner.py:115} INFO - Job 43: Subtask Stage_dependencies /Users/likejun/anaconda3/lib/python3.7/site-packages/psycopg2/__init__.py:144: UserWarning: The psycopg2 wheel package will be renamed from release 2.8; in order to keep installing from binary please use "pip install psycopg2-binary" instead. For details see: <http://initd.org/psycopg/docs/install.html#binary-install-from-pypi>.
[2019-11-03 11:12:20,836] {base_task_runner.py:115} INFO - Job 43: Subtask Stage_dependencies   """)
[2019-11-03 11:12:20,926] {base_task_runner.py:115} INFO - Job 43: Subtask Stage_dependencies [2019-11-03 11:12:20,925] {__init__.py:51} INFO - Using executor SequentialExecutor
[2019-11-03 11:12:21,229] {base_task_runner.py:115} INFO - Job 43: Subtask Stage_dependencies [2019-11-03 11:12:21,228] {dagbag.py:90} INFO - Filling up the DagBag from /Users/likejun/airflow/dags/capstone_dag.py
[2019-11-03 11:12:21,242] {base_task_runner.py:115} INFO - Job 43: Subtask Stage_dependencies [2019-11-03 11:12:21,242] {cli.py:516} INFO - Running <TaskInstance: capstone_dag.Stage_dependencies 2018-11-03T02:00:00+00:00 [running]> on host likejundeMacBook-Pro.local
[2019-11-03 11:12:21,249] {staging_redshift.py:33} INFO - StageToRedshiftOperator for staging_dependencies on 2018-11-03T02:00:00+00:00
[2019-11-03 11:12:21,255] {staging_redshift.py:44} INFO - copy command 
        COPY staging_dependencies FROM 's3://dend-capstone-lkj/dependencies-1.0.0-2017-06-15.csv'
        ACCESS_KEY_ID 'AKIA2ZJJD7TPQUMASLMS'
        SECRET_ACCESS_KEY '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'
        REGION 'us-west-2'
        IGNOREHEADER 1 CSV;
        
[2019-11-03 11:12:21,257] {logging_mixin.py:95} INFO - [[34m2019-11-03 11:12:21,257[0m] {[34mbase_hook.py:[0m84} INFO[0m - Using connection to: [1mid: redshift. Host: redshift-cluster.chjcdyihped1.us-west-2.redshift.amazonaws.com, Port: 5439, Schema: dev, Login: awsuser, Password: XXXXXXXX, extra: {}[0m[0m
[2019-11-03 11:15:43,633] {logging_mixin.py:95} INFO - [[34m2019-11-03 11:15:43,633[0m] {[34mdbapi_hook.py:[0m171} INFO[0m - 
        COPY staging_dependencies FROM 's3://dend-capstone-lkj/dependencies-1.0.0-2017-06-15.csv'
        ACCESS_KEY_ID 'AKIA2ZJJD7TPQUMASLMS'
        SECRET_ACCESS_KEY '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'
        REGION 'us-west-2'
        IGNOREHEADER 1 CSV;
        [0m
[2019-11-03 11:18:53,670] {staging_redshift.py:48} INFO - staging_dependencies loaded
[2019-11-03 11:18:55,649] {logging_mixin.py:95} INFO - [[34m2019-11-03 11:18:55,648[0m] {[34mlocal_task_job.py:[0m105} INFO[0m - Task exited with return code 0[0m
