[2019-11-17 22:07:37,681] {taskinstance.py:620} INFO - Dependencies all met for <TaskInstance: udacity_dag.Run_data_quality_checks 2007-10-29T02:00:00+00:00 [queued]>
[2019-11-17 22:07:37,685] {taskinstance.py:620} INFO - Dependencies all met for <TaskInstance: udacity_dag.Run_data_quality_checks 2007-10-29T02:00:00+00:00 [queued]>
[2019-11-17 22:07:37,685] {taskinstance.py:838} INFO - 
--------------------------------------------------------------------------------
[2019-11-17 22:07:37,685] {taskinstance.py:839} INFO - Starting attempt 1 of 4
[2019-11-17 22:07:37,685] {taskinstance.py:840} INFO - 
--------------------------------------------------------------------------------
[2019-11-17 22:07:37,692] {taskinstance.py:859} INFO - Executing <Task(QualityCheckOperator): Run_data_quality_checks> on 2007-10-29T02:00:00+00:00
[2019-11-17 22:07:37,692] {base_task_runner.py:133} INFO - Running: ['airflow', 'run', 'udacity_dag', 'Run_data_quality_checks', '2007-10-29T02:00:00+00:00', '--job_id', '293', '--pool', 'default_pool', '--raw', '-sd', 'DAGS_FOLDER/udacity_dag.py', '--cfg_path', '/var/folders/8q/nyxhvd6d55nfqjdbrybk6jpw0000gn/T/tmpk8g_ujt2']
[2019-11-17 22:07:38,342] {base_task_runner.py:115} INFO - Job 293: Subtask Run_data_quality_checks /Users/likejun/anaconda3/lib/python3.7/site-packages/psycopg2/__init__.py:144: UserWarning: The psycopg2 wheel package will be renamed from release 2.8; in order to keep installing from binary please use "pip install psycopg2-binary" instead. For details see: <http://initd.org/psycopg/docs/install.html#binary-install-from-pypi>.
[2019-11-17 22:07:38,342] {base_task_runner.py:115} INFO - Job 293: Subtask Run_data_quality_checks   """)
[2019-11-17 22:07:38,416] {base_task_runner.py:115} INFO - Job 293: Subtask Run_data_quality_checks [2019-11-17 22:07:38,416] {__init__.py:51} INFO - Using executor SequentialExecutor
[2019-11-17 22:07:38,690] {base_task_runner.py:115} INFO - Job 293: Subtask Run_data_quality_checks [2019-11-17 22:07:38,689] {dagbag.py:90} INFO - Filling up the DagBag from /Users/likejun/airflow/dags/udacity_dag.py
[2019-11-17 22:07:38,703] {base_task_runner.py:115} INFO - Job 293: Subtask Run_data_quality_checks [2019-11-17 22:07:38,703] {cli.py:516} INFO - Running <TaskInstance: udacity_dag.Run_data_quality_checks 2007-10-29T02:00:00+00:00 [running]> on host likejundeMacBook-Pro.local
[2019-11-17 22:07:38,710] {quality_check.py:20} INFO - QualityCheckOperator for ['staging_versions', 'staging_dependencies', 'staging_projects', 'repository_fact', 'version_dim', 'dependency_dim', 'project_dim', 'time_dim']
[2019-11-17 22:07:38,715] {logging_mixin.py:95} INFO - [[34m2019-11-17 22:07:38,715[0m] {[34mbase_hook.py:[0m84} INFO[0m - Using connection to: [1mid: redshift. Host: redshift-cluster.chjcdyihped1.us-west-2.redshift.amazonaws.com, Port: 5439, Schema: dev, Login: awsuser, Password: XXXXXXXX, extra: {}[0m[0m
[2019-11-17 22:07:43,006] {quality_check.py:29} INFO - data quality check on staging_versions check passed with 54138630 records
[2019-11-17 22:07:43,012] {logging_mixin.py:95} INFO - [[34m2019-11-17 22:07:43,011[0m] {[34mbase_hook.py:[0m84} INFO[0m - Using connection to: [1mid: redshift. Host: redshift-cluster.chjcdyihped1.us-west-2.redshift.amazonaws.com, Port: 5439, Schema: dev, Login: awsuser, Password: XXXXXXXX, extra: {}[0m[0m
[2019-11-17 22:07:47,160] {quality_check.py:29} INFO - data quality check on staging_dependencies check passed with 307439916 records
[2019-11-17 22:07:47,165] {logging_mixin.py:95} INFO - [[34m2019-11-17 22:07:47,165[0m] {[34mbase_hook.py:[0m84} INFO[0m - Using connection to: [1mid: redshift. Host: redshift-cluster.chjcdyihped1.us-west-2.redshift.amazonaws.com, Port: 5439, Schema: dev, Login: awsuser, Password: XXXXXXXX, extra: {}[0m[0m
[2019-11-17 22:07:51,320] {quality_check.py:29} INFO - data quality check on staging_projects check passed with 13291506 records
[2019-11-17 22:07:51,325] {logging_mixin.py:95} INFO - [[34m2019-11-17 22:07:51,325[0m] {[34mbase_hook.py:[0m84} INFO[0m - Using connection to: [1mid: redshift. Host: redshift-cluster.chjcdyihped1.us-west-2.redshift.amazonaws.com, Port: 5439, Schema: dev, Login: awsuser, Password: XXXXXXXX, extra: {}[0m[0m
[2019-11-17 22:07:55,241] {quality_check.py:29} INFO - data quality check on repository_fact check passed with 209385 records
[2019-11-17 22:07:55,246] {logging_mixin.py:95} INFO - [[34m2019-11-17 22:07:55,245[0m] {[34mbase_hook.py:[0m84} INFO[0m - Using connection to: [1mid: redshift. Host: redshift-cluster.chjcdyihped1.us-west-2.redshift.amazonaws.com, Port: 5439, Schema: dev, Login: awsuser, Password: XXXXXXXX, extra: {}[0m[0m
[2019-11-17 22:08:00,158] {quality_check.py:29} INFO - data quality check on version_dim check passed with 3542 records
[2019-11-17 22:08:00,165] {logging_mixin.py:95} INFO - [[34m2019-11-17 22:08:00,165[0m] {[34mbase_hook.py:[0m84} INFO[0m - Using connection to: [1mid: redshift. Host: redshift-cluster.chjcdyihped1.us-west-2.redshift.amazonaws.com, Port: 5439, Schema: dev, Login: awsuser, Password: XXXXXXXX, extra: {}[0m[0m
[2019-11-17 22:08:05,381] {quality_check.py:29} INFO - data quality check on dependency_dim check passed with 307439916 records
[2019-11-17 22:08:05,386] {logging_mixin.py:95} INFO - [[34m2019-11-17 22:08:05,385[0m] {[34mbase_hook.py:[0m84} INFO[0m - Using connection to: [1mid: redshift. Host: redshift-cluster.chjcdyihped1.us-west-2.redshift.amazonaws.com, Port: 5439, Schema: dev, Login: awsuser, Password: XXXXXXXX, extra: {}[0m[0m
[2019-11-17 22:08:09,374] {quality_check.py:29} INFO - data quality check on project_dim check passed with 285 records
[2019-11-17 22:08:09,378] {logging_mixin.py:95} INFO - [[34m2019-11-17 22:08:09,378[0m] {[34mbase_hook.py:[0m84} INFO[0m - Using connection to: [1mid: redshift. Host: redshift-cluster.chjcdyihped1.us-west-2.redshift.amazonaws.com, Port: 5439, Schema: dev, Login: awsuser, Password: XXXXXXXX, extra: {}[0m[0m
[2019-11-17 22:08:12,733] {quality_check.py:29} INFO - data quality check on time_dim check passed with 285 records
[2019-11-17 22:08:17,736] {logging_mixin.py:95} INFO - [[34m2019-11-17 22:08:17,735[0m] {[34mlocal_task_job.py:[0m105} INFO[0m - Task exited with return code 0[0m
