[2019-11-17 20:49:02,516] {taskinstance.py:620} INFO - Dependencies all met for <TaskInstance: dend_dag.Load_projects_dim_table 2018-11-03T05:00:00+00:00 [queued]>
[2019-11-17 20:49:02,521] {taskinstance.py:620} INFO - Dependencies all met for <TaskInstance: dend_dag.Load_projects_dim_table 2018-11-03T05:00:00+00:00 [queued]>
[2019-11-17 20:49:02,521] {taskinstance.py:838} INFO - 
--------------------------------------------------------------------------------
[2019-11-17 20:49:02,521] {taskinstance.py:839} INFO - Starting attempt 1 of 4
[2019-11-17 20:49:02,521] {taskinstance.py:840} INFO - 
--------------------------------------------------------------------------------
[2019-11-17 20:49:02,525] {taskinstance.py:859} INFO - Executing <Task(LoadDimensionOperator): Load_projects_dim_table> on 2018-11-03T05:00:00+00:00
[2019-11-17 20:49:02,526] {base_task_runner.py:133} INFO - Running: ['airflow', 'run', 'dend_dag', 'Load_projects_dim_table', '2018-11-03T05:00:00+00:00', '--job_id', '288', '--pool', 'default_pool', '--raw', '-sd', 'DAGS_FOLDER/dend_dag.py', '--cfg_path', '/var/folders/8q/nyxhvd6d55nfqjdbrybk6jpw0000gn/T/tmpcdl0_2i2']
[2019-11-17 20:49:03,183] {base_task_runner.py:115} INFO - Job 288: Subtask Load_projects_dim_table /Users/likejun/anaconda3/lib/python3.7/site-packages/psycopg2/__init__.py:144: UserWarning: The psycopg2 wheel package will be renamed from release 2.8; in order to keep installing from binary please use "pip install psycopg2-binary" instead. For details see: <http://initd.org/psycopg/docs/install.html#binary-install-from-pypi>.
[2019-11-17 20:49:03,183] {base_task_runner.py:115} INFO - Job 288: Subtask Load_projects_dim_table   """)
[2019-11-17 20:49:03,261] {base_task_runner.py:115} INFO - Job 288: Subtask Load_projects_dim_table [2019-11-17 20:49:03,260] {__init__.py:51} INFO - Using executor SequentialExecutor
[2019-11-17 20:49:03,534] {base_task_runner.py:115} INFO - Job 288: Subtask Load_projects_dim_table [2019-11-17 20:49:03,534] {dagbag.py:90} INFO - Filling up the DagBag from /Users/likejun/airflow/dags/dend_dag.py
[2019-11-17 20:49:03,547] {base_task_runner.py:115} INFO - Job 288: Subtask Load_projects_dim_table [2019-11-17 20:49:03,547] {cli.py:516} INFO - Running <TaskInstance: dend_dag.Load_projects_dim_table 2018-11-03T05:00:00+00:00 [running]> on host likejundeMacBook-Pro.local
[2019-11-17 20:49:03,554] {load_dimensions.py:23} INFO - LoadDimensionOperator for project_dim
[2019-11-17 20:49:03,558] {logging_mixin.py:95} INFO - [[34m2019-11-17 20:49:03,558[0m] {[34mbase_hook.py:[0m84} INFO[0m - Using connection to: [1mid: redshift. Host: redshift-cluster.chjcdyihped1.us-west-2.redshift.amazonaws.com, Port: 5439, Schema: dev, Login: awsuser, Password: XXXXXXXX, extra: {}[0m[0m
[2019-11-17 20:49:09,227] {logging_mixin.py:95} INFO - [[34m2019-11-17 20:49:09,227[0m] {[34mdbapi_hook.py:[0m171} INFO[0m - DELETE FROM project_dim[0m
[2019-11-17 20:49:14,758] {logging_mixin.py:95} INFO - [[34m2019-11-17 20:49:14,758[0m] {[34mbase_hook.py:[0m84} INFO[0m - Using connection to: [1mid: redshift. Host: redshift-cluster.chjcdyihped1.us-west-2.redshift.amazonaws.com, Port: 5439, Schema: dev, Login: awsuser, Password: XXXXXXXX, extra: {}[0m[0m
[2019-11-17 20:49:17,557] {logging_mixin.py:95} INFO - [[34m2019-11-17 20:49:17,557[0m] {[34mdbapi_hook.py:[0m171} INFO[0m - 
    INSERT INTO project_dim
        (SELECT
            id AS project_id,
            platform,
            name,
            "repository host type" AS host,
            language,
            licenses,
            status
        FROM staging_projects
        WHERE TO_CHAR("repository created timestamp", 'YYYY-MM-DD') = '2018-11-03')
    [0m
[2019-11-17 20:49:22,840] {load_dimensions.py:41} INFO - inserted into project_dim
[2019-11-17 20:49:27,543] {logging_mixin.py:95} INFO - [[34m2019-11-17 20:49:27,542[0m] {[34mlocal_task_job.py:[0m105} INFO[0m - Task exited with return code 0[0m
