[2019-11-17 21:54:28,327] {taskinstance.py:620} INFO - Dependencies all met for <TaskInstance: udacity_dag.Run_data_quality_checks 2007-10-29T01:00:00+00:00 [queued]>
[2019-11-17 21:54:28,335] {taskinstance.py:620} INFO - Dependencies all met for <TaskInstance: udacity_dag.Run_data_quality_checks 2007-10-29T01:00:00+00:00 [queued]>
[2019-11-17 21:54:28,335] {taskinstance.py:838} INFO - 
--------------------------------------------------------------------------------
[2019-11-17 21:54:28,335] {taskinstance.py:839} INFO - Starting attempt 1 of 4
[2019-11-17 21:54:28,335] {taskinstance.py:840} INFO - 
--------------------------------------------------------------------------------
[2019-11-17 21:54:28,339] {taskinstance.py:859} INFO - Executing <Task(QualityCheckOperator): Run_data_quality_checks> on 2007-10-29T01:00:00+00:00
[2019-11-17 21:54:28,339] {base_task_runner.py:133} INFO - Running: ['airflow', 'run', 'udacity_dag', 'Run_data_quality_checks', '2007-10-29T01:00:00+00:00', '--job_id', '282', '--pool', 'default_pool', '--raw', '-sd', 'DAGS_FOLDER/udacity_dag.py', '--cfg_path', '/var/folders/8q/nyxhvd6d55nfqjdbrybk6jpw0000gn/T/tmp2xxu7cau']
[2019-11-17 21:54:29,007] {base_task_runner.py:115} INFO - Job 282: Subtask Run_data_quality_checks /Users/likejun/anaconda3/lib/python3.7/site-packages/psycopg2/__init__.py:144: UserWarning: The psycopg2 wheel package will be renamed from release 2.8; in order to keep installing from binary please use "pip install psycopg2-binary" instead. For details see: <http://initd.org/psycopg/docs/install.html#binary-install-from-pypi>.
[2019-11-17 21:54:29,007] {base_task_runner.py:115} INFO - Job 282: Subtask Run_data_quality_checks   """)
[2019-11-17 21:54:29,087] {base_task_runner.py:115} INFO - Job 282: Subtask Run_data_quality_checks [2019-11-17 21:54:29,087] {__init__.py:51} INFO - Using executor SequentialExecutor
[2019-11-17 21:54:29,377] {base_task_runner.py:115} INFO - Job 282: Subtask Run_data_quality_checks [2019-11-17 21:54:29,377] {dagbag.py:90} INFO - Filling up the DagBag from /Users/likejun/airflow/dags/udacity_dag.py
[2019-11-17 21:54:29,390] {base_task_runner.py:115} INFO - Job 282: Subtask Run_data_quality_checks [2019-11-17 21:54:29,389] {cli.py:516} INFO - Running <TaskInstance: udacity_dag.Run_data_quality_checks 2007-10-29T01:00:00+00:00 [running]> on host likejundeMacBook-Pro.local
[2019-11-17 21:54:29,396] {quality_check.py:20} INFO - QualityCheckOperator for ['staging_versions', 'staging_dependencies', 'staging_projects', 'repository_fact', 'version_dim', 'dependency_dim', 'project_dim', 'time_dim']
[2019-11-17 21:54:29,400] {logging_mixin.py:95} INFO - [[34m2019-11-17 21:54:29,400[0m] {[34mbase_hook.py:[0m84} INFO[0m - Using connection to: [1mid: redshift. Host: redshift-cluster.chjcdyihped1.us-west-2.redshift.amazonaws.com, Port: 5439, Schema: dev, Login: awsuser, Password: XXXXXXXX, extra: {}[0m[0m
[2019-11-17 21:54:32,652] {quality_check.py:29} INFO - data quality check on staging_versions check passed with 45115525 records
[2019-11-17 21:54:32,657] {logging_mixin.py:95} INFO - [[34m2019-11-17 21:54:32,657[0m] {[34mbase_hook.py:[0m84} INFO[0m - Using connection to: [1mid: redshift. Host: redshift-cluster.chjcdyihped1.us-west-2.redshift.amazonaws.com, Port: 5439, Schema: dev, Login: awsuser, Password: XXXXXXXX, extra: {}[0m[0m
[2019-11-17 21:54:36,711] {quality_check.py:29} INFO - data quality check on staging_dependencies check passed with 256199930 records
[2019-11-17 21:54:36,716] {logging_mixin.py:95} INFO - [[34m2019-11-17 21:54:36,715[0m] {[34mbase_hook.py:[0m84} INFO[0m - Using connection to: [1mid: redshift. Host: redshift-cluster.chjcdyihped1.us-west-2.redshift.amazonaws.com, Port: 5439, Schema: dev, Login: awsuser, Password: XXXXXXXX, extra: {}[0m[0m
[2019-11-17 21:54:40,498] {quality_check.py:29} INFO - data quality check on staging_projects check passed with 11076255 records
[2019-11-17 21:54:40,502] {logging_mixin.py:95} INFO - [[34m2019-11-17 21:54:40,502[0m] {[34mbase_hook.py:[0m84} INFO[0m - Using connection to: [1mid: redshift. Host: redshift-cluster.chjcdyihped1.us-west-2.redshift.amazonaws.com, Port: 5439, Schema: dev, Login: awsuser, Password: XXXXXXXX, extra: {}[0m[0m
[2019-11-17 21:54:44,835] {quality_check.py:29} INFO - data quality check on repository_fact check passed with 97713 records
[2019-11-17 21:54:44,840] {logging_mixin.py:95} INFO - [[34m2019-11-17 21:54:44,840[0m] {[34mbase_hook.py:[0m84} INFO[0m - Using connection to: [1mid: redshift. Host: redshift-cluster.chjcdyihped1.us-west-2.redshift.amazonaws.com, Port: 5439, Schema: dev, Login: awsuser, Password: XXXXXXXX, extra: {}[0m[0m
[2019-11-17 21:54:49,099] {quality_check.py:29} INFO - data quality check on version_dim check passed with 1886 records
[2019-11-17 21:54:49,104] {logging_mixin.py:95} INFO - [[34m2019-11-17 21:54:49,104[0m] {[34mbase_hook.py:[0m84} INFO[0m - Using connection to: [1mid: redshift. Host: redshift-cluster.chjcdyihped1.us-west-2.redshift.amazonaws.com, Port: 5439, Schema: dev, Login: awsuser, Password: XXXXXXXX, extra: {}[0m[0m
[2019-11-17 21:54:55,604] {quality_check.py:29} INFO - data quality check on dependency_dim check passed with 256199930 records
[2019-11-17 21:54:55,609] {logging_mixin.py:95} INFO - [[34m2019-11-17 21:54:55,609[0m] {[34mbase_hook.py:[0m84} INFO[0m - Using connection to: [1mid: redshift. Host: redshift-cluster.chjcdyihped1.us-west-2.redshift.amazonaws.com, Port: 5439, Schema: dev, Login: awsuser, Password: XXXXXXXX, extra: {}[0m[0m
[2019-11-17 21:54:59,545] {quality_check.py:29} INFO - data quality check on project_dim check passed with 171 records
[2019-11-17 21:54:59,550] {logging_mixin.py:95} INFO - [[34m2019-11-17 21:54:59,549[0m] {[34mbase_hook.py:[0m84} INFO[0m - Using connection to: [1mid: redshift. Host: redshift-cluster.chjcdyihped1.us-west-2.redshift.amazonaws.com, Port: 5439, Schema: dev, Login: awsuser, Password: XXXXXXXX, extra: {}[0m[0m
[2019-11-17 21:55:03,556] {quality_check.py:29} INFO - data quality check on time_dim check passed with 171 records
[2019-11-17 21:55:08,361] {logging_mixin.py:95} INFO - [[34m2019-11-17 21:55:08,360[0m] {[34mlocal_task_job.py:[0m105} INFO[0m - Task exited with return code 0[0m
