[2019-11-17 12:34:02,895] {scheduler_job.py:146} INFO - Started process (PID=19439) to work on /Users/likejun/airflow/dags/dend_dag.py
[2019-11-17 12:34:02,904] {scheduler_job.py:1520} INFO - Processing file /Users/likejun/airflow/dags/dend_dag.py for tasks to queue
[2019-11-17 12:34:02,905] {logging_mixin.py:95} INFO - [2019-11-17 12:34:02,905] {dagbag.py:90} INFO - Filling up the DagBag from /Users/likejun/airflow/dags/dend_dag.py
[2019-11-17 12:34:02,912] {scheduler_job.py:1532} INFO - DAG(s) dict_keys(['dend_dag']) retrieved from /Users/likejun/airflow/dags/dend_dag.py
[2019-11-17 12:34:02,925] {logging_mixin.py:95} INFO - [2019-11-17 12:34:02,925] {dag.py:1323} INFO - Creating ORM DAG for dend_dag
[2019-11-17 12:34:02,939] {scheduler_job.py:152} INFO - Processing /Users/likejun/airflow/dags/dend_dag.py took 0.044 seconds
[2019-11-17 12:48:14,038] {scheduler_job.py:146} INFO - Started process (PID=19662) to work on /Users/likejun/airflow/dags/dend_dag.py
[2019-11-17 12:48:14,050] {scheduler_job.py:1520} INFO - Processing file /Users/likejun/airflow/dags/dend_dag.py for tasks to queue
[2019-11-17 12:48:14,052] {logging_mixin.py:95} INFO - [2019-11-17 12:48:14,052] {dagbag.py:90} INFO - Filling up the DagBag from /Users/likejun/airflow/dags/dend_dag.py
[2019-11-17 12:48:14,065] {scheduler_job.py:1532} INFO - DAG(s) dict_keys(['dend_dag']) retrieved from /Users/likejun/airflow/dags/dend_dag.py
[2019-11-17 12:48:14,110] {scheduler_job.py:152} INFO - Processing /Users/likejun/airflow/dags/dend_dag.py took 0.073 seconds
[2019-11-17 12:48:56,137] {scheduler_job.py:146} INFO - Started process (PID=19694) to work on /Users/likejun/airflow/dags/dend_dag.py
[2019-11-17 12:48:56,145] {scheduler_job.py:1520} INFO - Processing file /Users/likejun/airflow/dags/dend_dag.py for tasks to queue
[2019-11-17 12:48:56,146] {logging_mixin.py:95} INFO - [2019-11-17 12:48:56,146] {dagbag.py:90} INFO - Filling up the DagBag from /Users/likejun/airflow/dags/dend_dag.py
[2019-11-17 12:48:56,154] {scheduler_job.py:1532} INFO - DAG(s) dict_keys(['dend_dag']) retrieved from /Users/likejun/airflow/dags/dend_dag.py
[2019-11-17 12:48:56,179] {scheduler_job.py:1255} INFO - Processing dend_dag
[2019-11-17 12:48:56,200] {scheduler_job.py:1265} INFO - Created <DagRun dend_dag @ 2018-11-03T00:00:00+00:00: scheduled__2018-11-03T00:00:00+00:00, externally triggered: False>
[2019-11-17 12:48:56,202] {scheduler_job.py:729} INFO - Examining DAG run <DagRun dend_dag @ 2018-11-03 00:00:00+00:00: scheduled__2018-11-03T00:00:00+00:00, externally triggered: False>
[2019-11-17 12:48:56,229] {scheduler_job.py:429} INFO - Skipping SLA check for <DAG: dend_dag> because no tasks in DAG have SLAs
[2019-11-17 12:48:56,232] {scheduler_job.py:1596} INFO - Creating / updating <TaskInstance: dend_dag.Begin_execution 2018-11-03 00:00:00+00:00 [scheduled]> in ORM
[2019-11-17 12:48:56,239] {scheduler_job.py:152} INFO - Processing /Users/likejun/airflow/dags/dend_dag.py took 0.103 seconds
[2019-11-17 12:49:44,596] {scheduler_job.py:146} INFO - Started process (PID=19724) to work on /Users/likejun/airflow/dags/dend_dag.py
[2019-11-17 12:49:44,607] {scheduler_job.py:1520} INFO - Processing file /Users/likejun/airflow/dags/dend_dag.py for tasks to queue
[2019-11-17 12:49:44,608] {logging_mixin.py:95} INFO - [2019-11-17 12:49:44,608] {dagbag.py:90} INFO - Filling up the DagBag from /Users/likejun/airflow/dags/dend_dag.py
[2019-11-17 12:49:44,617] {scheduler_job.py:1532} INFO - DAG(s) dict_keys(['dend_dag']) retrieved from /Users/likejun/airflow/dags/dend_dag.py
[2019-11-17 12:49:44,638] {scheduler_job.py:1255} INFO - Processing dend_dag
[2019-11-17 12:49:44,644] {scheduler_job.py:729} INFO - Examining DAG run <DagRun dend_dag @ 2018-11-03 00:00:00+00:00: scheduled__2018-11-03T00:00:00+00:00, externally triggered: False>
[2019-11-17 12:49:44,684] {scheduler_job.py:429} INFO - Skipping SLA check for <DAG: dend_dag> because no tasks in DAG have SLAs
[2019-11-17 12:49:44,688] {scheduler_job.py:1596} INFO - Creating / updating <TaskInstance: dend_dag.Stage_versions 2018-11-03 00:00:00+00:00 [scheduled]> in ORM
[2019-11-17 12:49:44,690] {scheduler_job.py:1596} INFO - Creating / updating <TaskInstance: dend_dag.Stage_dependencies 2018-11-03 00:00:00+00:00 [scheduled]> in ORM
[2019-11-17 12:49:44,693] {scheduler_job.py:1596} INFO - Creating / updating <TaskInstance: dend_dag.Stage_projects 2018-11-03 00:00:00+00:00 [scheduled]> in ORM
[2019-11-17 12:49:44,701] {scheduler_job.py:152} INFO - Processing /Users/likejun/airflow/dags/dend_dag.py took 0.104 seconds
[2019-11-17 12:55:36,281] {scheduler_job.py:146} INFO - Started process (PID=19799) to work on /Users/likejun/airflow/dags/dend_dag.py
[2019-11-17 12:55:36,290] {scheduler_job.py:1520} INFO - Processing file /Users/likejun/airflow/dags/dend_dag.py for tasks to queue
[2019-11-17 12:55:36,291] {logging_mixin.py:95} INFO - [2019-11-17 12:55:36,291] {dagbag.py:90} INFO - Filling up the DagBag from /Users/likejun/airflow/dags/dend_dag.py
[2019-11-17 12:55:36,303] {scheduler_job.py:1532} INFO - DAG(s) dict_keys(['dend_dag']) retrieved from /Users/likejun/airflow/dags/dend_dag.py
[2019-11-17 12:55:36,324] {scheduler_job.py:1255} INFO - Processing dend_dag
[2019-11-17 12:55:36,329] {scheduler_job.py:729} INFO - Examining DAG run <DagRun dend_dag @ 2018-11-03 00:00:00+00:00: scheduled__2018-11-03T00:00:00+00:00, externally triggered: False>
[2019-11-17 12:55:36,357] {scheduler_job.py:429} INFO - Skipping SLA check for <DAG: dend_dag> because no tasks in DAG have SLAs
[2019-11-17 12:55:36,360] {scheduler_job.py:1596} INFO - Creating / updating <TaskInstance: dend_dag.Load_repositories_fact_table 2018-11-03 00:00:00+00:00 [scheduled]> in ORM
[2019-11-17 12:55:36,369] {scheduler_job.py:152} INFO - Processing /Users/likejun/airflow/dags/dend_dag.py took 0.088 seconds
[2019-11-17 12:56:28,859] {scheduler_job.py:146} INFO - Started process (PID=19830) to work on /Users/likejun/airflow/dags/dend_dag.py
[2019-11-17 12:56:28,866] {scheduler_job.py:1520} INFO - Processing file /Users/likejun/airflow/dags/dend_dag.py for tasks to queue
[2019-11-17 12:56:28,867] {logging_mixin.py:95} INFO - [2019-11-17 12:56:28,866] {dagbag.py:90} INFO - Filling up the DagBag from /Users/likejun/airflow/dags/dend_dag.py
[2019-11-17 12:56:28,878] {scheduler_job.py:1532} INFO - DAG(s) dict_keys(['dend_dag']) retrieved from /Users/likejun/airflow/dags/dend_dag.py
[2019-11-17 12:56:28,900] {scheduler_job.py:152} INFO - Processing /Users/likejun/airflow/dags/dend_dag.py took 0.041 seconds
[2019-11-17 12:57:10,970] {scheduler_job.py:146} INFO - Started process (PID=19870) to work on /Users/likejun/airflow/dags/dend_dag.py
[2019-11-17 12:57:10,978] {scheduler_job.py:1520} INFO - Processing file /Users/likejun/airflow/dags/dend_dag.py for tasks to queue
[2019-11-17 12:57:10,978] {logging_mixin.py:95} INFO - [2019-11-17 12:57:10,978] {dagbag.py:90} INFO - Filling up the DagBag from /Users/likejun/airflow/dags/dend_dag.py
[2019-11-17 12:57:10,990] {scheduler_job.py:1532} INFO - DAG(s) dict_keys(['dend_dag']) retrieved from /Users/likejun/airflow/dags/dend_dag.py
[2019-11-17 12:57:11,009] {scheduler_job.py:152} INFO - Processing /Users/likejun/airflow/dags/dend_dag.py took 0.039 seconds
[2019-11-17 12:57:53,098] {scheduler_job.py:146} INFO - Started process (PID=19910) to work on /Users/likejun/airflow/dags/dend_dag.py
[2019-11-17 12:57:53,107] {scheduler_job.py:1520} INFO - Processing file /Users/likejun/airflow/dags/dend_dag.py for tasks to queue
[2019-11-17 12:57:53,108] {logging_mixin.py:95} INFO - [2019-11-17 12:57:53,107] {dagbag.py:90} INFO - Filling up the DagBag from /Users/likejun/airflow/dags/dend_dag.py
[2019-11-17 12:57:53,119] {scheduler_job.py:1532} INFO - DAG(s) dict_keys(['dend_dag']) retrieved from /Users/likejun/airflow/dags/dend_dag.py
[2019-11-17 12:57:53,139] {scheduler_job.py:152} INFO - Processing /Users/likejun/airflow/dags/dend_dag.py took 0.042 seconds
[2019-11-17 12:58:35,198] {scheduler_job.py:146} INFO - Started process (PID=19963) to work on /Users/likejun/airflow/dags/dend_dag.py
[2019-11-17 12:58:35,205] {scheduler_job.py:1520} INFO - Processing file /Users/likejun/airflow/dags/dend_dag.py for tasks to queue
[2019-11-17 12:58:35,206] {logging_mixin.py:95} INFO - [2019-11-17 12:58:35,206] {dagbag.py:90} INFO - Filling up the DagBag from /Users/likejun/airflow/dags/dend_dag.py
[2019-11-17 12:58:35,218] {scheduler_job.py:1532} INFO - DAG(s) dict_keys(['dend_dag']) retrieved from /Users/likejun/airflow/dags/dend_dag.py
[2019-11-17 12:58:35,240] {scheduler_job.py:152} INFO - Processing /Users/likejun/airflow/dags/dend_dag.py took 0.042 seconds
[2019-11-17 12:59:17,334] {scheduler_job.py:146} INFO - Started process (PID=20007) to work on /Users/likejun/airflow/dags/dend_dag.py
[2019-11-17 12:59:17,342] {scheduler_job.py:1520} INFO - Processing file /Users/likejun/airflow/dags/dend_dag.py for tasks to queue
[2019-11-17 12:59:17,343] {logging_mixin.py:95} INFO - [2019-11-17 12:59:17,342] {dagbag.py:90} INFO - Filling up the DagBag from /Users/likejun/airflow/dags/dend_dag.py
[2019-11-17 12:59:17,355] {scheduler_job.py:1532} INFO - DAG(s) dict_keys(['dend_dag']) retrieved from /Users/likejun/airflow/dags/dend_dag.py
[2019-11-17 12:59:17,378] {scheduler_job.py:152} INFO - Processing /Users/likejun/airflow/dags/dend_dag.py took 0.045 seconds
[2019-11-17 12:59:59,458] {scheduler_job.py:146} INFO - Started process (PID=20034) to work on /Users/likejun/airflow/dags/dend_dag.py
[2019-11-17 12:59:59,469] {scheduler_job.py:1520} INFO - Processing file /Users/likejun/airflow/dags/dend_dag.py for tasks to queue
[2019-11-17 12:59:59,470] {logging_mixin.py:95} INFO - [2019-11-17 12:59:59,469] {dagbag.py:90} INFO - Filling up the DagBag from /Users/likejun/airflow/dags/dend_dag.py
[2019-11-17 12:59:59,477] {scheduler_job.py:1532} INFO - DAG(s) dict_keys(['dend_dag']) retrieved from /Users/likejun/airflow/dags/dend_dag.py
[2019-11-17 12:59:59,496] {scheduler_job.py:1255} INFO - Processing dend_dag
[2019-11-17 12:59:59,501] {scheduler_job.py:729} INFO - Examining DAG run <DagRun dend_dag @ 2018-11-03 00:00:00+00:00: scheduled__2018-11-03T00:00:00+00:00, externally triggered: False>
[2019-11-17 12:59:59,523] {scheduler_job.py:429} INFO - Skipping SLA check for <DAG: dend_dag> because no tasks in DAG have SLAs
[2019-11-17 12:59:59,526] {scheduler_job.py:1596} INFO - Creating / updating <TaskInstance: dend_dag.Load_repositories_fact_table 2018-11-03 00:00:00+00:00 [scheduled]> in ORM
[2019-11-17 12:59:59,532] {scheduler_job.py:152} INFO - Processing /Users/likejun/airflow/dags/dend_dag.py took 0.075 seconds
[2019-11-17 13:01:27,856] {scheduler_job.py:146} INFO - Started process (PID=20066) to work on /Users/likejun/airflow/dags/dend_dag.py
[2019-11-17 13:01:27,867] {scheduler_job.py:1520} INFO - Processing file /Users/likejun/airflow/dags/dend_dag.py for tasks to queue
[2019-11-17 13:01:27,867] {logging_mixin.py:95} INFO - [2019-11-17 13:01:27,867] {dagbag.py:90} INFO - Filling up the DagBag from /Users/likejun/airflow/dags/dend_dag.py
[2019-11-17 13:01:27,874] {scheduler_job.py:1532} INFO - DAG(s) dict_keys(['dend_dag']) retrieved from /Users/likejun/airflow/dags/dend_dag.py
[2019-11-17 13:01:27,892] {scheduler_job.py:152} INFO - Processing /Users/likejun/airflow/dags/dend_dag.py took 0.035 seconds
[2019-11-17 13:02:09,952] {scheduler_job.py:146} INFO - Started process (PID=20099) to work on /Users/likejun/airflow/dags/dend_dag.py
[2019-11-17 13:02:09,969] {scheduler_job.py:1520} INFO - Processing file /Users/likejun/airflow/dags/dend_dag.py for tasks to queue
[2019-11-17 13:02:09,970] {logging_mixin.py:95} INFO - [2019-11-17 13:02:09,969] {dagbag.py:90} INFO - Filling up the DagBag from /Users/likejun/airflow/dags/dend_dag.py
[2019-11-17 13:02:09,980] {scheduler_job.py:1532} INFO - DAG(s) dict_keys(['dend_dag']) retrieved from /Users/likejun/airflow/dags/dend_dag.py
[2019-11-17 13:02:10,007] {scheduler_job.py:152} INFO - Processing /Users/likejun/airflow/dags/dend_dag.py took 0.055 seconds
[2019-11-17 13:02:52,059] {scheduler_job.py:146} INFO - Started process (PID=20126) to work on /Users/likejun/airflow/dags/dend_dag.py
[2019-11-17 13:02:52,070] {scheduler_job.py:1520} INFO - Processing file /Users/likejun/airflow/dags/dend_dag.py for tasks to queue
[2019-11-17 13:02:52,071] {logging_mixin.py:95} INFO - [2019-11-17 13:02:52,071] {dagbag.py:90} INFO - Filling up the DagBag from /Users/likejun/airflow/dags/dend_dag.py
[2019-11-17 13:02:52,078] {scheduler_job.py:1532} INFO - DAG(s) dict_keys(['dend_dag']) retrieved from /Users/likejun/airflow/dags/dend_dag.py
[2019-11-17 13:02:52,098] {scheduler_job.py:152} INFO - Processing /Users/likejun/airflow/dags/dend_dag.py took 0.039 seconds
[2019-11-17 13:03:34,182] {scheduler_job.py:146} INFO - Started process (PID=20152) to work on /Users/likejun/airflow/dags/dend_dag.py
[2019-11-17 13:03:34,195] {scheduler_job.py:1520} INFO - Processing file /Users/likejun/airflow/dags/dend_dag.py for tasks to queue
[2019-11-17 13:03:34,196] {logging_mixin.py:95} INFO - [2019-11-17 13:03:34,196] {dagbag.py:90} INFO - Filling up the DagBag from /Users/likejun/airflow/dags/dend_dag.py
[2019-11-17 13:03:34,203] {scheduler_job.py:1532} INFO - DAG(s) dict_keys(['dend_dag']) retrieved from /Users/likejun/airflow/dags/dend_dag.py
[2019-11-17 13:03:34,223] {scheduler_job.py:152} INFO - Processing /Users/likejun/airflow/dags/dend_dag.py took 0.041 seconds
[2019-11-17 13:04:16,302] {scheduler_job.py:146} INFO - Started process (PID=20179) to work on /Users/likejun/airflow/dags/dend_dag.py
[2019-11-17 13:04:16,315] {scheduler_job.py:1520} INFO - Processing file /Users/likejun/airflow/dags/dend_dag.py for tasks to queue
[2019-11-17 13:04:16,315] {logging_mixin.py:95} INFO - [2019-11-17 13:04:16,315] {dagbag.py:90} INFO - Filling up the DagBag from /Users/likejun/airflow/dags/dend_dag.py
[2019-11-17 13:04:16,322] {scheduler_job.py:1532} INFO - DAG(s) dict_keys(['dend_dag']) retrieved from /Users/likejun/airflow/dags/dend_dag.py
[2019-11-17 13:04:16,346] {scheduler_job.py:152} INFO - Processing /Users/likejun/airflow/dags/dend_dag.py took 0.044 seconds
[2019-11-17 13:04:58,425] {scheduler_job.py:146} INFO - Started process (PID=20205) to work on /Users/likejun/airflow/dags/dend_dag.py
[2019-11-17 13:04:58,436] {scheduler_job.py:1520} INFO - Processing file /Users/likejun/airflow/dags/dend_dag.py for tasks to queue
[2019-11-17 13:04:58,436] {logging_mixin.py:95} INFO - [2019-11-17 13:04:58,436] {dagbag.py:90} INFO - Filling up the DagBag from /Users/likejun/airflow/dags/dend_dag.py
[2019-11-17 13:04:58,444] {scheduler_job.py:1532} INFO - DAG(s) dict_keys(['dend_dag']) retrieved from /Users/likejun/airflow/dags/dend_dag.py
[2019-11-17 13:04:58,464] {scheduler_job.py:152} INFO - Processing /Users/likejun/airflow/dags/dend_dag.py took 0.040 seconds
[2019-11-17 13:05:40,531] {scheduler_job.py:146} INFO - Started process (PID=20232) to work on /Users/likejun/airflow/dags/dend_dag.py
[2019-11-17 13:05:40,539] {scheduler_job.py:1520} INFO - Processing file /Users/likejun/airflow/dags/dend_dag.py for tasks to queue
[2019-11-17 13:05:40,540] {logging_mixin.py:95} INFO - [2019-11-17 13:05:40,540] {dagbag.py:90} INFO - Filling up the DagBag from /Users/likejun/airflow/dags/dend_dag.py
[2019-11-17 13:05:40,547] {scheduler_job.py:1532} INFO - DAG(s) dict_keys(['dend_dag']) retrieved from /Users/likejun/airflow/dags/dend_dag.py
[2019-11-17 13:05:40,569] {scheduler_job.py:152} INFO - Processing /Users/likejun/airflow/dags/dend_dag.py took 0.038 seconds
[2019-11-17 13:06:22,638] {scheduler_job.py:146} INFO - Started process (PID=20264) to work on /Users/likejun/airflow/dags/dend_dag.py
[2019-11-17 13:06:22,645] {scheduler_job.py:1520} INFO - Processing file /Users/likejun/airflow/dags/dend_dag.py for tasks to queue
[2019-11-17 13:06:22,646] {logging_mixin.py:95} INFO - [2019-11-17 13:06:22,646] {dagbag.py:90} INFO - Filling up the DagBag from /Users/likejun/airflow/dags/dend_dag.py
[2019-11-17 13:06:22,653] {scheduler_job.py:1532} INFO - DAG(s) dict_keys(['dend_dag']) retrieved from /Users/likejun/airflow/dags/dend_dag.py
[2019-11-17 13:06:22,675] {scheduler_job.py:1255} INFO - Processing dend_dag
[2019-11-17 13:06:22,681] {scheduler_job.py:729} INFO - Examining DAG run <DagRun dend_dag @ 2018-11-03 00:00:00+00:00: scheduled__2018-11-03T00:00:00+00:00, externally triggered: False>
[2019-11-17 13:06:22,706] {scheduler_job.py:429} INFO - Skipping SLA check for <DAG: dend_dag> because no tasks in DAG have SLAs
[2019-11-17 13:06:22,709] {scheduler_job.py:1596} INFO - Creating / updating <TaskInstance: dend_dag.Load_repositories_fact_table 2018-11-03 00:00:00+00:00 [scheduled]> in ORM
[2019-11-17 13:06:22,716] {scheduler_job.py:152} INFO - Processing /Users/likejun/airflow/dags/dend_dag.py took 0.078 seconds
