[2019-11-17 23:00:35,335] {taskinstance.py:620} INFO - Dependencies all met for <TaskInstance: udacity_dag.Load_projects_dim_table 2007-11-01T00:00:00+00:00 [queued]>
[2019-11-17 23:00:35,339] {taskinstance.py:620} INFO - Dependencies all met for <TaskInstance: udacity_dag.Load_projects_dim_table 2007-11-01T00:00:00+00:00 [queued]>
[2019-11-17 23:00:35,339] {taskinstance.py:838} INFO - 
--------------------------------------------------------------------------------
[2019-11-17 23:00:35,339] {taskinstance.py:839} INFO - Starting attempt 1 of 4
[2019-11-17 23:00:35,339] {taskinstance.py:840} INFO - 
--------------------------------------------------------------------------------
[2019-11-17 23:00:35,346] {taskinstance.py:859} INFO - Executing <Task(LoadDimensionOperator): Load_projects_dim_table> on 2007-11-01T00:00:00+00:00
[2019-11-17 23:00:35,346] {base_task_runner.py:133} INFO - Running: ['airflow', 'run', 'udacity_dag', 'Load_projects_dim_table', '2007-11-01T00:00:00+00:00', '--job_id', '322', '--pool', 'default_pool', '--raw', '-sd', 'DAGS_FOLDER/udacity_dag.py', '--cfg_path', '/var/folders/8q/nyxhvd6d55nfqjdbrybk6jpw0000gn/T/tmpni7wevrf']
[2019-11-17 23:00:36,260] {base_task_runner.py:115} INFO - Job 322: Subtask Load_projects_dim_table /Users/likejun/anaconda3/lib/python3.7/site-packages/psycopg2/__init__.py:144: UserWarning: The psycopg2 wheel package will be renamed from release 2.8; in order to keep installing from binary please use "pip install psycopg2-binary" instead. For details see: <http://initd.org/psycopg/docs/install.html#binary-install-from-pypi>.
[2019-11-17 23:00:36,261] {base_task_runner.py:115} INFO - Job 322: Subtask Load_projects_dim_table   """)
[2019-11-17 23:00:36,335] {base_task_runner.py:115} INFO - Job 322: Subtask Load_projects_dim_table [2019-11-17 23:00:36,334] {__init__.py:51} INFO - Using executor SequentialExecutor
[2019-11-17 23:00:36,635] {base_task_runner.py:115} INFO - Job 322: Subtask Load_projects_dim_table [2019-11-17 23:00:36,635] {dagbag.py:90} INFO - Filling up the DagBag from /Users/likejun/airflow/dags/udacity_dag.py
[2019-11-17 23:00:36,648] {base_task_runner.py:115} INFO - Job 322: Subtask Load_projects_dim_table [2019-11-17 23:00:36,647] {cli.py:516} INFO - Running <TaskInstance: udacity_dag.Load_projects_dim_table 2007-11-01T00:00:00+00:00 [running]> on host 1.0.0.127.in-addr.arpa
[2019-11-17 23:00:36,653] {load_dimensions.py:23} INFO - LoadDimensionOperator for project_dim
[2019-11-17 23:00:36,659] {logging_mixin.py:95} INFO - [[34m2019-11-17 23:00:36,659[0m] {[34mbase_hook.py:[0m84} INFO[0m - Using connection to: [1mid: redshift. Host: redshift-cluster.chjcdyihped1.us-west-2.redshift.amazonaws.com, Port: 5439, Schema: dev, Login: awsuser, Password: XXXXXXXX, extra: {}[0m[0m
[2019-11-17 23:00:36,660] {taskinstance.py:1051} ERROR - could not translate host name "redshift-cluster.chjcdyihped1.us-west-2.redshift.amazonaws.com" to address: nodename nor servname provided, or not known
Traceback (most recent call last):
  File "/Users/likejun/anaconda3/lib/python3.7/site-packages/airflow/models/taskinstance.py", line 926, in _run_raw_task
    result = task_copy.execute(context=context)
  File "/Users/likejun/airflow/plugins/operators/load_dimensions.py", line 40, in execute
    pg_hook.run(lookup[self.table])
  File "/Users/likejun/anaconda3/lib/python3.7/site-packages/airflow/hooks/dbapi_hook.py", line 159, in run
    with closing(self.get_conn()) as conn:
  File "/Users/likejun/anaconda3/lib/python3.7/site-packages/airflow/hooks/postgres_hook.py", line 75, in get_conn
    self.conn = psycopg2.connect(**conn_args)
  File "/Users/likejun/anaconda3/lib/python3.7/site-packages/psycopg2/__init__.py", line 130, in connect
    conn = _connect(dsn, connection_factory=connection_factory, **kwasync)
psycopg2.OperationalError: could not translate host name "redshift-cluster.chjcdyihped1.us-west-2.redshift.amazonaws.com" to address: nodename nor servname provided, or not known

[2019-11-17 23:00:36,662] {taskinstance.py:1074} INFO - Marking task as UP_FOR_RETRY
[2019-11-17 23:00:36,670] {base_task_runner.py:115} INFO - Job 322: Subtask Load_projects_dim_table Traceback (most recent call last):
[2019-11-17 23:00:36,670] {base_task_runner.py:115} INFO - Job 322: Subtask Load_projects_dim_table   File "/Users/likejun/anaconda3/bin/airflow", line 32, in <module>
[2019-11-17 23:00:36,670] {base_task_runner.py:115} INFO - Job 322: Subtask Load_projects_dim_table     args.func(args)
[2019-11-17 23:00:36,670] {base_task_runner.py:115} INFO - Job 322: Subtask Load_projects_dim_table   File "/Users/likejun/anaconda3/lib/python3.7/site-packages/airflow/utils/cli.py", line 74, in wrapper
[2019-11-17 23:00:36,670] {base_task_runner.py:115} INFO - Job 322: Subtask Load_projects_dim_table     return f(*args, **kwargs)
[2019-11-17 23:00:36,670] {base_task_runner.py:115} INFO - Job 322: Subtask Load_projects_dim_table   File "/Users/likejun/anaconda3/lib/python3.7/site-packages/airflow/bin/cli.py", line 522, in run
[2019-11-17 23:00:36,670] {base_task_runner.py:115} INFO - Job 322: Subtask Load_projects_dim_table     _run(args, dag, ti)
[2019-11-17 23:00:36,670] {base_task_runner.py:115} INFO - Job 322: Subtask Load_projects_dim_table   File "/Users/likejun/anaconda3/lib/python3.7/site-packages/airflow/bin/cli.py", line 440, in _run
[2019-11-17 23:00:36,670] {base_task_runner.py:115} INFO - Job 322: Subtask Load_projects_dim_table     pool=args.pool,
[2019-11-17 23:00:36,670] {base_task_runner.py:115} INFO - Job 322: Subtask Load_projects_dim_table   File "/Users/likejun/anaconda3/lib/python3.7/site-packages/airflow/utils/db.py", line 74, in wrapper
[2019-11-17 23:00:36,670] {base_task_runner.py:115} INFO - Job 322: Subtask Load_projects_dim_table     return func(*args, **kwargs)
[2019-11-17 23:00:36,670] {base_task_runner.py:115} INFO - Job 322: Subtask Load_projects_dim_table   File "/Users/likejun/anaconda3/lib/python3.7/site-packages/airflow/models/taskinstance.py", line 926, in _run_raw_task
[2019-11-17 23:00:36,670] {base_task_runner.py:115} INFO - Job 322: Subtask Load_projects_dim_table     result = task_copy.execute(context=context)
[2019-11-17 23:00:36,670] {base_task_runner.py:115} INFO - Job 322: Subtask Load_projects_dim_table   File "/Users/likejun/airflow/plugins/operators/load_dimensions.py", line 40, in execute
[2019-11-17 23:00:36,670] {base_task_runner.py:115} INFO - Job 322: Subtask Load_projects_dim_table     pg_hook.run(lookup[self.table])
[2019-11-17 23:00:36,670] {base_task_runner.py:115} INFO - Job 322: Subtask Load_projects_dim_table   File "/Users/likejun/anaconda3/lib/python3.7/site-packages/airflow/hooks/dbapi_hook.py", line 159, in run
[2019-11-17 23:00:36,670] {base_task_runner.py:115} INFO - Job 322: Subtask Load_projects_dim_table     with closing(self.get_conn()) as conn:
[2019-11-17 23:00:36,671] {base_task_runner.py:115} INFO - Job 322: Subtask Load_projects_dim_table   File "/Users/likejun/anaconda3/lib/python3.7/site-packages/airflow/hooks/postgres_hook.py", line 75, in get_conn
[2019-11-17 23:00:36,671] {base_task_runner.py:115} INFO - Job 322: Subtask Load_projects_dim_table     self.conn = psycopg2.connect(**conn_args)
[2019-11-17 23:00:36,671] {base_task_runner.py:115} INFO - Job 322: Subtask Load_projects_dim_table   File "/Users/likejun/anaconda3/lib/python3.7/site-packages/psycopg2/__init__.py", line 130, in connect
[2019-11-17 23:00:36,671] {base_task_runner.py:115} INFO - Job 322: Subtask Load_projects_dim_table     conn = _connect(dsn, connection_factory=connection_factory, **kwasync)
[2019-11-17 23:00:36,671] {base_task_runner.py:115} INFO - Job 322: Subtask Load_projects_dim_table psycopg2.OperationalError: could not translate host name "redshift-cluster.chjcdyihped1.us-west-2.redshift.amazonaws.com" to address: nodename nor servname provided, or not known
[2019-11-17 23:00:36,671] {base_task_runner.py:115} INFO - Job 322: Subtask Load_projects_dim_table 
[2019-11-17 23:00:40,339] {logging_mixin.py:95} INFO - [[34m2019-11-17 23:00:40,338[0m] {[34mlocal_task_job.py:[0m105} INFO[0m - Task exited with return code 1[0m
