[2019-11-17 21:12:43,226] {taskinstance.py:620} INFO - Dependencies all met for <TaskInstance: dend_dag.Load_versions_dim_table 2018-11-03T06:00:00+00:00 [queued]>
[2019-11-17 21:12:43,231] {taskinstance.py:620} INFO - Dependencies all met for <TaskInstance: dend_dag.Load_versions_dim_table 2018-11-03T06:00:00+00:00 [queued]>
[2019-11-17 21:12:43,231] {taskinstance.py:838} INFO - 
--------------------------------------------------------------------------------
[2019-11-17 21:12:43,231] {taskinstance.py:839} INFO - Starting attempt 1 of 4
[2019-11-17 21:12:43,231] {taskinstance.py:840} INFO - 
--------------------------------------------------------------------------------
[2019-11-17 21:12:43,235] {taskinstance.py:859} INFO - Executing <Task(LoadDimensionOperator): Load_versions_dim_table> on 2018-11-03T06:00:00+00:00
[2019-11-17 21:12:43,236] {base_task_runner.py:133} INFO - Running: ['airflow', 'run', 'dend_dag', 'Load_versions_dim_table', '2018-11-03T06:00:00+00:00', '--job_id', '303', '--pool', 'default_pool', '--raw', '-sd', 'DAGS_FOLDER/dend_dag.py', '--cfg_path', '/var/folders/8q/nyxhvd6d55nfqjdbrybk6jpw0000gn/T/tmp7o7s94uh']
[2019-11-17 21:12:43,881] {base_task_runner.py:115} INFO - Job 303: Subtask Load_versions_dim_table /Users/likejun/anaconda3/lib/python3.7/site-packages/psycopg2/__init__.py:144: UserWarning: The psycopg2 wheel package will be renamed from release 2.8; in order to keep installing from binary please use "pip install psycopg2-binary" instead. For details see: <http://initd.org/psycopg/docs/install.html#binary-install-from-pypi>.
[2019-11-17 21:12:43,881] {base_task_runner.py:115} INFO - Job 303: Subtask Load_versions_dim_table   """)
[2019-11-17 21:12:43,963] {base_task_runner.py:115} INFO - Job 303: Subtask Load_versions_dim_table [2019-11-17 21:12:43,963] {__init__.py:51} INFO - Using executor SequentialExecutor
[2019-11-17 21:12:44,241] {base_task_runner.py:115} INFO - Job 303: Subtask Load_versions_dim_table [2019-11-17 21:12:44,240] {dagbag.py:90} INFO - Filling up the DagBag from /Users/likejun/airflow/dags/dend_dag.py
[2019-11-17 21:12:44,254] {base_task_runner.py:115} INFO - Job 303: Subtask Load_versions_dim_table [2019-11-17 21:12:44,254] {cli.py:516} INFO - Running <TaskInstance: dend_dag.Load_versions_dim_table 2018-11-03T06:00:00+00:00 [running]> on host likejundeMacBook-Pro.local
[2019-11-17 21:12:44,260] {load_dimensions.py:23} INFO - LoadDimensionOperator for version_dim
[2019-11-17 21:12:44,265] {logging_mixin.py:95} INFO - [[34m2019-11-17 21:12:44,264[0m] {[34mbase_hook.py:[0m84} INFO[0m - Using connection to: [1mid: redshift. Host: redshift-cluster.chjcdyihped1.us-west-2.redshift.amazonaws.com, Port: 5439, Schema: dev, Login: awsuser, Password: XXXXXXXX, extra: {}[0m[0m
[2019-11-17 21:12:47,264] {logging_mixin.py:95} INFO - [[34m2019-11-17 21:12:47,264[0m] {[34mdbapi_hook.py:[0m171} INFO[0m - DELETE FROM version_dim[0m
[2019-11-17 21:12:51,577] {logging_mixin.py:95} INFO - [[34m2019-11-17 21:12:51,576[0m] {[34mbase_hook.py:[0m84} INFO[0m - Using connection to: [1mid: redshift. Host: redshift-cluster.chjcdyihped1.us-west-2.redshift.amazonaws.com, Port: 5439, Schema: dev, Login: awsuser, Password: XXXXXXXX, extra: {}[0m[0m
[2019-11-17 21:12:54,029] {logging_mixin.py:95} INFO - [[34m2019-11-17 21:12:54,029[0m] {[34mdbapi_hook.py:[0m171} INFO[0m - 
    INSERT INTO version_dim
        (SELECT
            sv.id AS version_id,
            sv.number,
            sv.published_timestamp
        FROM staging_versions sv
        JOIN staging_projects sp
        ON sv.project_id = sp.id
        WHERE TO_CHAR(sp."repository created timestamp", 'YYYY-MM-DD') = '2018-11-03')
    [0m
[2019-11-17 21:12:55,653] {load_dimensions.py:41} INFO - inserted into version_dim
[2019-11-17 21:12:58,248] {logging_mixin.py:95} INFO - [[34m2019-11-17 21:12:58,248[0m] {[34mlocal_task_job.py:[0m105} INFO[0m - Task exited with return code 0[0m
