[2019-11-17 08:44:24,730] {scheduler_job.py:146} INFO - Started process (PID=15940) to work on /Users/likejun/airflow/dags/capstone_dag.py
[2019-11-17 08:44:24,820] {scheduler_job.py:1520} INFO - Processing file /Users/likejun/airflow/dags/capstone_dag.py for tasks to queue
[2019-11-17 08:44:24,829] {logging_mixin.py:95} INFO - [2019-11-17 08:44:24,825] {dagbag.py:90} INFO - Filling up the DagBag from /Users/likejun/airflow/dags/capstone_dag.py
[2019-11-17 08:44:24,974] {scheduler_job.py:1532} INFO - DAG(s) dict_keys(['capstone_dag']) retrieved from /Users/likejun/airflow/dags/capstone_dag.py
[2019-11-17 08:44:25,201] {scheduler_job.py:152} INFO - Processing /Users/likejun/airflow/dags/capstone_dag.py took 0.472 seconds
[2019-11-17 08:45:25,513] {scheduler_job.py:146} INFO - Started process (PID=15980) to work on /Users/likejun/airflow/dags/capstone_dag.py
[2019-11-17 08:45:25,521] {scheduler_job.py:1520} INFO - Processing file /Users/likejun/airflow/dags/capstone_dag.py for tasks to queue
[2019-11-17 08:45:25,522] {logging_mixin.py:95} INFO - [2019-11-17 08:45:25,521] {dagbag.py:90} INFO - Filling up the DagBag from /Users/likejun/airflow/dags/capstone_dag.py
[2019-11-17 08:45:25,528] {scheduler_job.py:1532} INFO - DAG(s) dict_keys(['capstone_dag']) retrieved from /Users/likejun/airflow/dags/capstone_dag.py
[2019-11-17 08:45:25,549] {scheduler_job.py:152} INFO - Processing /Users/likejun/airflow/dags/capstone_dag.py took 0.036 seconds
[2019-11-17 08:46:05,636] {scheduler_job.py:146} INFO - Started process (PID=16023) to work on /Users/likejun/airflow/dags/capstone_dag.py
[2019-11-17 08:46:05,644] {scheduler_job.py:1520} INFO - Processing file /Users/likejun/airflow/dags/capstone_dag.py for tasks to queue
[2019-11-17 08:46:05,645] {logging_mixin.py:95} INFO - [2019-11-17 08:46:05,644] {dagbag.py:90} INFO - Filling up the DagBag from /Users/likejun/airflow/dags/capstone_dag.py
[2019-11-17 08:46:05,651] {scheduler_job.py:1532} INFO - DAG(s) dict_keys(['capstone_dag']) retrieved from /Users/likejun/airflow/dags/capstone_dag.py
[2019-11-17 08:46:05,671] {scheduler_job.py:152} INFO - Processing /Users/likejun/airflow/dags/capstone_dag.py took 0.035 seconds
[2019-11-17 08:46:47,744] {scheduler_job.py:146} INFO - Started process (PID=16116) to work on /Users/likejun/airflow/dags/capstone_dag.py
[2019-11-17 08:46:47,752] {scheduler_job.py:1520} INFO - Processing file /Users/likejun/airflow/dags/capstone_dag.py for tasks to queue
[2019-11-17 08:46:47,753] {logging_mixin.py:95} INFO - [2019-11-17 08:46:47,753] {dagbag.py:90} INFO - Filling up the DagBag from /Users/likejun/airflow/dags/capstone_dag.py
[2019-11-17 08:46:47,759] {scheduler_job.py:1532} INFO - DAG(s) dict_keys(['capstone_dag']) retrieved from /Users/likejun/airflow/dags/capstone_dag.py
[2019-11-17 08:46:47,779] {scheduler_job.py:152} INFO - Processing /Users/likejun/airflow/dags/capstone_dag.py took 0.034 seconds
[2019-11-17 08:47:29,864] {scheduler_job.py:146} INFO - Started process (PID=16156) to work on /Users/likejun/airflow/dags/capstone_dag.py
[2019-11-17 08:47:29,874] {scheduler_job.py:1520} INFO - Processing file /Users/likejun/airflow/dags/capstone_dag.py for tasks to queue
[2019-11-17 08:47:29,874] {logging_mixin.py:95} INFO - [2019-11-17 08:47:29,874] {dagbag.py:90} INFO - Filling up the DagBag from /Users/likejun/airflow/dags/capstone_dag.py
[2019-11-17 08:47:29,881] {scheduler_job.py:1532} INFO - DAG(s) dict_keys(['capstone_dag']) retrieved from /Users/likejun/airflow/dags/capstone_dag.py
[2019-11-17 08:47:29,901] {scheduler_job.py:152} INFO - Processing /Users/likejun/airflow/dags/capstone_dag.py took 0.037 seconds
[2019-11-17 08:48:11,983] {scheduler_job.py:146} INFO - Started process (PID=16183) to work on /Users/likejun/airflow/dags/capstone_dag.py
[2019-11-17 08:48:11,991] {scheduler_job.py:1520} INFO - Processing file /Users/likejun/airflow/dags/capstone_dag.py for tasks to queue
[2019-11-17 08:48:11,992] {logging_mixin.py:95} INFO - [2019-11-17 08:48:11,992] {dagbag.py:90} INFO - Filling up the DagBag from /Users/likejun/airflow/dags/capstone_dag.py
[2019-11-17 08:48:11,999] {scheduler_job.py:1532} INFO - DAG(s) dict_keys(['capstone_dag']) retrieved from /Users/likejun/airflow/dags/capstone_dag.py
[2019-11-17 08:48:12,019] {scheduler_job.py:152} INFO - Processing /Users/likejun/airflow/dags/capstone_dag.py took 0.036 seconds
[2019-11-17 08:48:54,096] {scheduler_job.py:146} INFO - Started process (PID=16220) to work on /Users/likejun/airflow/dags/capstone_dag.py
[2019-11-17 08:48:54,105] {scheduler_job.py:1520} INFO - Processing file /Users/likejun/airflow/dags/capstone_dag.py for tasks to queue
[2019-11-17 08:48:54,105] {logging_mixin.py:95} INFO - [2019-11-17 08:48:54,105] {dagbag.py:90} INFO - Filling up the DagBag from /Users/likejun/airflow/dags/capstone_dag.py
[2019-11-17 08:48:54,112] {scheduler_job.py:1532} INFO - DAG(s) dict_keys(['capstone_dag']) retrieved from /Users/likejun/airflow/dags/capstone_dag.py
[2019-11-17 08:48:54,133] {scheduler_job.py:152} INFO - Processing /Users/likejun/airflow/dags/capstone_dag.py took 0.037 seconds
[2019-11-17 08:49:36,173] {scheduler_job.py:146} INFO - Started process (PID=16250) to work on /Users/likejun/airflow/dags/capstone_dag.py
[2019-11-17 08:49:36,182] {scheduler_job.py:1520} INFO - Processing file /Users/likejun/airflow/dags/capstone_dag.py for tasks to queue
[2019-11-17 08:49:36,183] {logging_mixin.py:95} INFO - [2019-11-17 08:49:36,183] {dagbag.py:90} INFO - Filling up the DagBag from /Users/likejun/airflow/dags/capstone_dag.py
[2019-11-17 08:49:36,191] {scheduler_job.py:1532} INFO - DAG(s) dict_keys(['capstone_dag']) retrieved from /Users/likejun/airflow/dags/capstone_dag.py
[2019-11-17 08:49:36,213] {scheduler_job.py:152} INFO - Processing /Users/likejun/airflow/dags/capstone_dag.py took 0.040 seconds
[2019-11-17 08:50:18,289] {scheduler_job.py:146} INFO - Started process (PID=16284) to work on /Users/likejun/airflow/dags/capstone_dag.py
[2019-11-17 08:50:18,298] {scheduler_job.py:1520} INFO - Processing file /Users/likejun/airflow/dags/capstone_dag.py for tasks to queue
[2019-11-17 08:50:18,298] {logging_mixin.py:95} INFO - [2019-11-17 08:50:18,298] {dagbag.py:90} INFO - Filling up the DagBag from /Users/likejun/airflow/dags/capstone_dag.py
[2019-11-17 08:50:18,307] {scheduler_job.py:1532} INFO - DAG(s) dict_keys(['capstone_dag']) retrieved from /Users/likejun/airflow/dags/capstone_dag.py
[2019-11-17 08:50:18,331] {scheduler_job.py:152} INFO - Processing /Users/likejun/airflow/dags/capstone_dag.py took 0.041 seconds
[2019-11-17 08:51:00,394] {scheduler_job.py:146} INFO - Started process (PID=16312) to work on /Users/likejun/airflow/dags/capstone_dag.py
[2019-11-17 08:51:00,401] {scheduler_job.py:1520} INFO - Processing file /Users/likejun/airflow/dags/capstone_dag.py for tasks to queue
[2019-11-17 08:51:00,401] {logging_mixin.py:95} INFO - [2019-11-17 08:51:00,401] {dagbag.py:90} INFO - Filling up the DagBag from /Users/likejun/airflow/dags/capstone_dag.py
[2019-11-17 08:51:00,409] {scheduler_job.py:1532} INFO - DAG(s) dict_keys(['capstone_dag']) retrieved from /Users/likejun/airflow/dags/capstone_dag.py
[2019-11-17 08:51:00,448] {scheduler_job.py:152} INFO - Processing /Users/likejun/airflow/dags/capstone_dag.py took 0.054 seconds
[2019-11-17 08:51:42,499] {scheduler_job.py:146} INFO - Started process (PID=16340) to work on /Users/likejun/airflow/dags/capstone_dag.py
[2019-11-17 08:51:42,506] {scheduler_job.py:1520} INFO - Processing file /Users/likejun/airflow/dags/capstone_dag.py for tasks to queue
[2019-11-17 08:51:42,507] {logging_mixin.py:95} INFO - [2019-11-17 08:51:42,507] {dagbag.py:90} INFO - Filling up the DagBag from /Users/likejun/airflow/dags/capstone_dag.py
[2019-11-17 08:51:42,513] {scheduler_job.py:1532} INFO - DAG(s) dict_keys(['capstone_dag']) retrieved from /Users/likejun/airflow/dags/capstone_dag.py
[2019-11-17 08:51:42,531] {scheduler_job.py:152} INFO - Processing /Users/likejun/airflow/dags/capstone_dag.py took 0.031 seconds
[2019-11-17 08:52:24,597] {scheduler_job.py:146} INFO - Started process (PID=16366) to work on /Users/likejun/airflow/dags/capstone_dag.py
[2019-11-17 08:52:24,605] {scheduler_job.py:1520} INFO - Processing file /Users/likejun/airflow/dags/capstone_dag.py for tasks to queue
[2019-11-17 08:52:24,606] {logging_mixin.py:95} INFO - [2019-11-17 08:52:24,606] {dagbag.py:90} INFO - Filling up the DagBag from /Users/likejun/airflow/dags/capstone_dag.py
[2019-11-17 08:52:24,613] {scheduler_job.py:1532} INFO - DAG(s) dict_keys(['capstone_dag']) retrieved from /Users/likejun/airflow/dags/capstone_dag.py
[2019-11-17 08:52:24,637] {scheduler_job.py:152} INFO - Processing /Users/likejun/airflow/dags/capstone_dag.py took 0.040 seconds
[2019-11-17 08:53:06,727] {scheduler_job.py:146} INFO - Started process (PID=16392) to work on /Users/likejun/airflow/dags/capstone_dag.py
[2019-11-17 08:53:06,734] {scheduler_job.py:1520} INFO - Processing file /Users/likejun/airflow/dags/capstone_dag.py for tasks to queue
[2019-11-17 08:53:06,735] {logging_mixin.py:95} INFO - [2019-11-17 08:53:06,734] {dagbag.py:90} INFO - Filling up the DagBag from /Users/likejun/airflow/dags/capstone_dag.py
[2019-11-17 08:53:06,742] {scheduler_job.py:1532} INFO - DAG(s) dict_keys(['capstone_dag']) retrieved from /Users/likejun/airflow/dags/capstone_dag.py
[2019-11-17 08:53:06,762] {scheduler_job.py:152} INFO - Processing /Users/likejun/airflow/dags/capstone_dag.py took 0.035 seconds
[2019-11-17 08:53:48,855] {scheduler_job.py:146} INFO - Started process (PID=16423) to work on /Users/likejun/airflow/dags/capstone_dag.py
[2019-11-17 08:53:48,867] {scheduler_job.py:1520} INFO - Processing file /Users/likejun/airflow/dags/capstone_dag.py for tasks to queue
[2019-11-17 08:53:48,868] {logging_mixin.py:95} INFO - [2019-11-17 08:53:48,868] {dagbag.py:90} INFO - Filling up the DagBag from /Users/likejun/airflow/dags/capstone_dag.py
[2019-11-17 08:53:48,879] {scheduler_job.py:1532} INFO - DAG(s) dict_keys(['capstone_dag']) retrieved from /Users/likejun/airflow/dags/capstone_dag.py
[2019-11-17 08:53:48,906] {scheduler_job.py:152} INFO - Processing /Users/likejun/airflow/dags/capstone_dag.py took 0.052 seconds
[2019-11-17 08:54:30,935] {scheduler_job.py:146} INFO - Started process (PID=16449) to work on /Users/likejun/airflow/dags/capstone_dag.py
[2019-11-17 08:54:30,942] {scheduler_job.py:1520} INFO - Processing file /Users/likejun/airflow/dags/capstone_dag.py for tasks to queue
[2019-11-17 08:54:30,943] {logging_mixin.py:95} INFO - [2019-11-17 08:54:30,943] {dagbag.py:90} INFO - Filling up the DagBag from /Users/likejun/airflow/dags/capstone_dag.py
[2019-11-17 08:54:30,951] {scheduler_job.py:1532} INFO - DAG(s) dict_keys(['capstone_dag']) retrieved from /Users/likejun/airflow/dags/capstone_dag.py
[2019-11-17 08:54:30,971] {scheduler_job.py:152} INFO - Processing /Users/likejun/airflow/dags/capstone_dag.py took 0.036 seconds
[2019-11-17 08:55:13,042] {scheduler_job.py:146} INFO - Started process (PID=16477) to work on /Users/likejun/airflow/dags/capstone_dag.py
[2019-11-17 08:55:13,048] {scheduler_job.py:1520} INFO - Processing file /Users/likejun/airflow/dags/capstone_dag.py for tasks to queue
[2019-11-17 08:55:13,049] {logging_mixin.py:95} INFO - [2019-11-17 08:55:13,049] {dagbag.py:90} INFO - Filling up the DagBag from /Users/likejun/airflow/dags/capstone_dag.py
[2019-11-17 08:55:13,055] {scheduler_job.py:1532} INFO - DAG(s) dict_keys(['capstone_dag']) retrieved from /Users/likejun/airflow/dags/capstone_dag.py
[2019-11-17 08:55:13,072] {scheduler_job.py:152} INFO - Processing /Users/likejun/airflow/dags/capstone_dag.py took 0.030 seconds
[2019-11-17 08:55:55,161] {scheduler_job.py:146} INFO - Started process (PID=16503) to work on /Users/likejun/airflow/dags/capstone_dag.py
[2019-11-17 08:55:55,168] {scheduler_job.py:1520} INFO - Processing file /Users/likejun/airflow/dags/capstone_dag.py for tasks to queue
[2019-11-17 08:55:55,169] {logging_mixin.py:95} INFO - [2019-11-17 08:55:55,169] {dagbag.py:90} INFO - Filling up the DagBag from /Users/likejun/airflow/dags/capstone_dag.py
[2019-11-17 08:55:55,177] {scheduler_job.py:1532} INFO - DAG(s) dict_keys(['capstone_dag']) retrieved from /Users/likejun/airflow/dags/capstone_dag.py
[2019-11-17 08:55:55,198] {scheduler_job.py:152} INFO - Processing /Users/likejun/airflow/dags/capstone_dag.py took 0.037 seconds
[2019-11-17 08:56:37,265] {scheduler_job.py:146} INFO - Started process (PID=16532) to work on /Users/likejun/airflow/dags/capstone_dag.py
[2019-11-17 08:56:37,272] {scheduler_job.py:1520} INFO - Processing file /Users/likejun/airflow/dags/capstone_dag.py for tasks to queue
[2019-11-17 08:56:37,273] {logging_mixin.py:95} INFO - [2019-11-17 08:56:37,273] {dagbag.py:90} INFO - Filling up the DagBag from /Users/likejun/airflow/dags/capstone_dag.py
[2019-11-17 08:56:37,281] {scheduler_job.py:1532} INFO - DAG(s) dict_keys(['capstone_dag']) retrieved from /Users/likejun/airflow/dags/capstone_dag.py
[2019-11-17 08:56:37,304] {scheduler_job.py:152} INFO - Processing /Users/likejun/airflow/dags/capstone_dag.py took 0.039 seconds
[2019-11-17 08:57:19,378] {scheduler_job.py:146} INFO - Started process (PID=16578) to work on /Users/likejun/airflow/dags/capstone_dag.py
[2019-11-17 08:57:19,386] {scheduler_job.py:1520} INFO - Processing file /Users/likejun/airflow/dags/capstone_dag.py for tasks to queue
[2019-11-17 08:57:19,387] {logging_mixin.py:95} INFO - [2019-11-17 08:57:19,386] {dagbag.py:90} INFO - Filling up the DagBag from /Users/likejun/airflow/dags/capstone_dag.py
[2019-11-17 08:57:19,396] {scheduler_job.py:1532} INFO - DAG(s) dict_keys(['capstone_dag']) retrieved from /Users/likejun/airflow/dags/capstone_dag.py
[2019-11-17 08:57:19,420] {scheduler_job.py:152} INFO - Processing /Users/likejun/airflow/dags/capstone_dag.py took 0.042 seconds
[2019-11-17 08:58:01,502] {scheduler_job.py:146} INFO - Started process (PID=16611) to work on /Users/likejun/airflow/dags/capstone_dag.py
[2019-11-17 08:58:01,510] {scheduler_job.py:1520} INFO - Processing file /Users/likejun/airflow/dags/capstone_dag.py for tasks to queue
[2019-11-17 08:58:01,511] {logging_mixin.py:95} INFO - [2019-11-17 08:58:01,510] {dagbag.py:90} INFO - Filling up the DagBag from /Users/likejun/airflow/dags/capstone_dag.py
[2019-11-17 08:58:01,519] {scheduler_job.py:1532} INFO - DAG(s) dict_keys(['capstone_dag']) retrieved from /Users/likejun/airflow/dags/capstone_dag.py
[2019-11-17 08:58:01,538] {scheduler_job.py:152} INFO - Processing /Users/likejun/airflow/dags/capstone_dag.py took 0.036 seconds
[2019-11-17 08:58:43,637] {scheduler_job.py:146} INFO - Started process (PID=16638) to work on /Users/likejun/airflow/dags/capstone_dag.py
[2019-11-17 08:58:43,644] {scheduler_job.py:1520} INFO - Processing file /Users/likejun/airflow/dags/capstone_dag.py for tasks to queue
[2019-11-17 08:58:43,645] {logging_mixin.py:95} INFO - [2019-11-17 08:58:43,645] {dagbag.py:90} INFO - Filling up the DagBag from /Users/likejun/airflow/dags/capstone_dag.py
[2019-11-17 08:58:43,653] {scheduler_job.py:1532} INFO - DAG(s) dict_keys(['capstone_dag']) retrieved from /Users/likejun/airflow/dags/capstone_dag.py
[2019-11-17 08:58:43,673] {scheduler_job.py:152} INFO - Processing /Users/likejun/airflow/dags/capstone_dag.py took 0.036 seconds
[2019-11-17 08:59:25,781] {scheduler_job.py:146} INFO - Started process (PID=16665) to work on /Users/likejun/airflow/dags/capstone_dag.py
[2019-11-17 08:59:25,788] {scheduler_job.py:1520} INFO - Processing file /Users/likejun/airflow/dags/capstone_dag.py for tasks to queue
[2019-11-17 08:59:25,789] {logging_mixin.py:95} INFO - [2019-11-17 08:59:25,789] {dagbag.py:90} INFO - Filling up the DagBag from /Users/likejun/airflow/dags/capstone_dag.py
[2019-11-17 08:59:25,798] {scheduler_job.py:1532} INFO - DAG(s) dict_keys(['capstone_dag']) retrieved from /Users/likejun/airflow/dags/capstone_dag.py
[2019-11-17 08:59:25,817] {scheduler_job.py:152} INFO - Processing /Users/likejun/airflow/dags/capstone_dag.py took 0.036 seconds
[2019-11-17 09:00:07,925] {scheduler_job.py:146} INFO - Started process (PID=16692) to work on /Users/likejun/airflow/dags/capstone_dag.py
[2019-11-17 09:00:07,933] {scheduler_job.py:1520} INFO - Processing file /Users/likejun/airflow/dags/capstone_dag.py for tasks to queue
[2019-11-17 09:00:07,933] {logging_mixin.py:95} INFO - [2019-11-17 09:00:07,933] {dagbag.py:90} INFO - Filling up the DagBag from /Users/likejun/airflow/dags/capstone_dag.py
[2019-11-17 09:00:07,941] {scheduler_job.py:1532} INFO - DAG(s) dict_keys(['capstone_dag']) retrieved from /Users/likejun/airflow/dags/capstone_dag.py
[2019-11-17 09:00:07,961] {scheduler_job.py:152} INFO - Processing /Users/likejun/airflow/dags/capstone_dag.py took 0.036 seconds
[2019-11-17 09:00:50,047] {scheduler_job.py:146} INFO - Started process (PID=16719) to work on /Users/likejun/airflow/dags/capstone_dag.py
[2019-11-17 09:00:50,054] {scheduler_job.py:1520} INFO - Processing file /Users/likejun/airflow/dags/capstone_dag.py for tasks to queue
[2019-11-17 09:00:50,055] {logging_mixin.py:95} INFO - [2019-11-17 09:00:50,055] {dagbag.py:90} INFO - Filling up the DagBag from /Users/likejun/airflow/dags/capstone_dag.py
[2019-11-17 09:00:50,063] {scheduler_job.py:1532} INFO - DAG(s) dict_keys(['capstone_dag']) retrieved from /Users/likejun/airflow/dags/capstone_dag.py
[2019-11-17 09:00:50,082] {scheduler_job.py:152} INFO - Processing /Users/likejun/airflow/dags/capstone_dag.py took 0.035 seconds
[2019-11-17 09:01:32,145] {scheduler_job.py:146} INFO - Started process (PID=16746) to work on /Users/likejun/airflow/dags/capstone_dag.py
[2019-11-17 09:01:32,152] {scheduler_job.py:1520} INFO - Processing file /Users/likejun/airflow/dags/capstone_dag.py for tasks to queue
[2019-11-17 09:01:32,153] {logging_mixin.py:95} INFO - [2019-11-17 09:01:32,153] {dagbag.py:90} INFO - Filling up the DagBag from /Users/likejun/airflow/dags/capstone_dag.py
[2019-11-17 09:01:32,161] {scheduler_job.py:1532} INFO - DAG(s) dict_keys(['capstone_dag']) retrieved from /Users/likejun/airflow/dags/capstone_dag.py
[2019-11-17 09:01:32,181] {scheduler_job.py:152} INFO - Processing /Users/likejun/airflow/dags/capstone_dag.py took 0.036 seconds
[2019-11-17 09:02:14,256] {scheduler_job.py:146} INFO - Started process (PID=16773) to work on /Users/likejun/airflow/dags/capstone_dag.py
[2019-11-17 09:02:14,265] {scheduler_job.py:1520} INFO - Processing file /Users/likejun/airflow/dags/capstone_dag.py for tasks to queue
[2019-11-17 09:02:14,265] {logging_mixin.py:95} INFO - [2019-11-17 09:02:14,265] {dagbag.py:90} INFO - Filling up the DagBag from /Users/likejun/airflow/dags/capstone_dag.py
[2019-11-17 09:02:14,274] {scheduler_job.py:1532} INFO - DAG(s) dict_keys(['capstone_dag']) retrieved from /Users/likejun/airflow/dags/capstone_dag.py
[2019-11-17 09:02:14,294] {scheduler_job.py:152} INFO - Processing /Users/likejun/airflow/dags/capstone_dag.py took 0.038 seconds
[2019-11-17 09:02:56,363] {scheduler_job.py:146} INFO - Started process (PID=16803) to work on /Users/likejun/airflow/dags/capstone_dag.py
[2019-11-17 09:02:56,370] {scheduler_job.py:1520} INFO - Processing file /Users/likejun/airflow/dags/capstone_dag.py for tasks to queue
[2019-11-17 09:02:56,370] {logging_mixin.py:95} INFO - [2019-11-17 09:02:56,370] {dagbag.py:90} INFO - Filling up the DagBag from /Users/likejun/airflow/dags/capstone_dag.py
[2019-11-17 09:02:56,378] {scheduler_job.py:1532} INFO - DAG(s) dict_keys(['capstone_dag']) retrieved from /Users/likejun/airflow/dags/capstone_dag.py
[2019-11-17 09:02:56,397] {scheduler_job.py:1255} INFO - Processing capstone_dag
[2019-11-17 09:02:56,403] {scheduler_job.py:729} INFO - Examining DAG run <DagRun capstone_dag @ 2018-11-03 16:00:00+00:00: scheduled__2018-11-03T16:00:00+00:00, externally triggered: False>
[2019-11-17 09:02:56,420] {scheduler_job.py:729} INFO - Examining DAG run <DagRun capstone_dag @ 2019-11-16 01:52:26.697382+00:00: manual__2019-11-16T01:52:26.697382+00:00, externally triggered: True>
[2019-11-17 09:02:56,421] {scheduler_job.py:739} INFO - Number of active dag runs reached max_active_run.
[2019-11-17 09:02:56,437] {scheduler_job.py:429} INFO - Skipping SLA check for <DAG: capstone_dag> because no tasks in DAG have SLAs
[2019-11-17 09:02:56,440] {scheduler_job.py:1596} INFO - Creating / updating <TaskInstance: capstone_dag.Load_repositories_fact_table 2018-11-03 16:00:00+00:00 [scheduled]> in ORM
[2019-11-17 09:02:56,450] {scheduler_job.py:152} INFO - Processing /Users/likejun/airflow/dags/capstone_dag.py took 0.087 seconds
[2019-11-17 09:04:00,137] {scheduler_job.py:146} INFO - Started process (PID=16836) to work on /Users/likejun/airflow/dags/capstone_dag.py
[2019-11-17 09:04:00,145] {scheduler_job.py:1520} INFO - Processing file /Users/likejun/airflow/dags/capstone_dag.py for tasks to queue
[2019-11-17 09:04:00,146] {logging_mixin.py:95} INFO - [2019-11-17 09:04:00,146] {dagbag.py:90} INFO - Filling up the DagBag from /Users/likejun/airflow/dags/capstone_dag.py
[2019-11-17 09:04:00,157] {scheduler_job.py:1532} INFO - DAG(s) dict_keys(['capstone_dag']) retrieved from /Users/likejun/airflow/dags/capstone_dag.py
[2019-11-17 09:04:00,186] {scheduler_job.py:1255} INFO - Processing capstone_dag
[2019-11-17 09:04:00,192] {scheduler_job.py:729} INFO - Examining DAG run <DagRun capstone_dag @ 2018-11-03 16:00:00+00:00: scheduled__2018-11-03T16:00:00+00:00, externally triggered: False>
[2019-11-17 09:04:00,206] {scheduler_job.py:729} INFO - Examining DAG run <DagRun capstone_dag @ 2019-11-16 01:52:26.697382+00:00: manual__2019-11-16T01:52:26.697382+00:00, externally triggered: True>
[2019-11-17 09:04:00,206] {scheduler_job.py:739} INFO - Number of active dag runs reached max_active_run.
[2019-11-17 09:04:00,225] {scheduler_job.py:429} INFO - Skipping SLA check for <DAG: capstone_dag> because no tasks in DAG have SLAs
[2019-11-17 09:04:00,227] {scheduler_job.py:1596} INFO - Creating / updating <TaskInstance: capstone_dag.Load_projects_dim_table 2018-11-03 16:00:00+00:00 [scheduled]> in ORM
[2019-11-17 09:04:00,231] {scheduler_job.py:1596} INFO - Creating / updating <TaskInstance: capstone_dag.Load_versions_dim_table 2018-11-03 16:00:00+00:00 [scheduled]> in ORM
[2019-11-17 09:04:00,235] {scheduler_job.py:1596} INFO - Creating / updating <TaskInstance: capstone_dag.Load_dependencies_dim_table 2018-11-03 16:00:00+00:00 [scheduled]> in ORM
[2019-11-17 09:04:00,239] {scheduler_job.py:1596} INFO - Creating / updating <TaskInstance: capstone_dag.Load_time_dim_table 2018-11-03 16:00:00+00:00 [scheduled]> in ORM
[2019-11-17 09:04:00,249] {scheduler_job.py:152} INFO - Processing /Users/likejun/airflow/dags/capstone_dag.py took 0.112 seconds
[2019-11-17 09:05:31,720] {scheduler_job.py:146} INFO - Started process (PID=16879) to work on /Users/likejun/airflow/dags/capstone_dag.py
[2019-11-17 09:05:31,732] {scheduler_job.py:1520} INFO - Processing file /Users/likejun/airflow/dags/capstone_dag.py for tasks to queue
[2019-11-17 09:05:31,732] {logging_mixin.py:95} INFO - [2019-11-17 09:05:31,732] {dagbag.py:90} INFO - Filling up the DagBag from /Users/likejun/airflow/dags/capstone_dag.py
[2019-11-17 09:05:31,744] {scheduler_job.py:1532} INFO - DAG(s) dict_keys(['capstone_dag']) retrieved from /Users/likejun/airflow/dags/capstone_dag.py
[2019-11-17 09:05:31,764] {scheduler_job.py:1255} INFO - Processing capstone_dag
[2019-11-17 09:05:31,771] {scheduler_job.py:729} INFO - Examining DAG run <DagRun capstone_dag @ 2018-11-03 16:00:00+00:00: scheduled__2018-11-03T16:00:00+00:00, externally triggered: False>
[2019-11-17 09:05:31,784] {scheduler_job.py:729} INFO - Examining DAG run <DagRun capstone_dag @ 2019-11-16 01:52:26.697382+00:00: manual__2019-11-16T01:52:26.697382+00:00, externally triggered: True>
[2019-11-17 09:05:31,784] {scheduler_job.py:739} INFO - Number of active dag runs reached max_active_run.
[2019-11-17 09:05:31,802] {scheduler_job.py:429} INFO - Skipping SLA check for <DAG: capstone_dag> because no tasks in DAG have SLAs
[2019-11-17 09:05:31,808] {scheduler_job.py:152} INFO - Processing /Users/likejun/airflow/dags/capstone_dag.py took 0.088 seconds
[2019-11-17 09:06:13,844] {scheduler_job.py:146} INFO - Started process (PID=16906) to work on /Users/likejun/airflow/dags/capstone_dag.py
[2019-11-17 09:06:13,851] {scheduler_job.py:1520} INFO - Processing file /Users/likejun/airflow/dags/capstone_dag.py for tasks to queue
[2019-11-17 09:06:13,852] {logging_mixin.py:95} INFO - [2019-11-17 09:06:13,851] {dagbag.py:90} INFO - Filling up the DagBag from /Users/likejun/airflow/dags/capstone_dag.py
[2019-11-17 09:06:13,860] {scheduler_job.py:1532} INFO - DAG(s) dict_keys(['capstone_dag']) retrieved from /Users/likejun/airflow/dags/capstone_dag.py
[2019-11-17 09:06:13,882] {scheduler_job.py:1255} INFO - Processing capstone_dag
[2019-11-17 09:06:13,887] {scheduler_job.py:729} INFO - Examining DAG run <DagRun capstone_dag @ 2018-11-03 16:00:00+00:00: scheduled__2018-11-03T16:00:00+00:00, externally triggered: False>
[2019-11-17 09:06:13,897] {scheduler_job.py:729} INFO - Examining DAG run <DagRun capstone_dag @ 2019-11-16 01:52:26.697382+00:00: manual__2019-11-16T01:52:26.697382+00:00, externally triggered: True>
[2019-11-17 09:06:13,897] {scheduler_job.py:739} INFO - Number of active dag runs reached max_active_run.
[2019-11-17 09:06:13,911] {scheduler_job.py:429} INFO - Skipping SLA check for <DAG: capstone_dag> because no tasks in DAG have SLAs
[2019-11-17 09:06:13,915] {scheduler_job.py:152} INFO - Processing /Users/likejun/airflow/dags/capstone_dag.py took 0.071 seconds
[2019-11-17 09:06:55,933] {scheduler_job.py:146} INFO - Started process (PID=16933) to work on /Users/likejun/airflow/dags/capstone_dag.py
[2019-11-17 09:06:55,940] {scheduler_job.py:1520} INFO - Processing file /Users/likejun/airflow/dags/capstone_dag.py for tasks to queue
[2019-11-17 09:06:55,940] {logging_mixin.py:95} INFO - [2019-11-17 09:06:55,940] {dagbag.py:90} INFO - Filling up the DagBag from /Users/likejun/airflow/dags/capstone_dag.py
[2019-11-17 09:06:55,950] {scheduler_job.py:1532} INFO - DAG(s) dict_keys(['capstone_dag']) retrieved from /Users/likejun/airflow/dags/capstone_dag.py
[2019-11-17 09:06:55,972] {scheduler_job.py:1255} INFO - Processing capstone_dag
[2019-11-17 09:06:55,977] {scheduler_job.py:729} INFO - Examining DAG run <DagRun capstone_dag @ 2018-11-03 16:00:00+00:00: scheduled__2018-11-03T16:00:00+00:00, externally triggered: False>
[2019-11-17 09:06:55,987] {scheduler_job.py:729} INFO - Examining DAG run <DagRun capstone_dag @ 2019-11-16 01:52:26.697382+00:00: manual__2019-11-16T01:52:26.697382+00:00, externally triggered: True>
[2019-11-17 09:06:55,988] {scheduler_job.py:739} INFO - Number of active dag runs reached max_active_run.
[2019-11-17 09:06:56,001] {scheduler_job.py:429} INFO - Skipping SLA check for <DAG: capstone_dag> because no tasks in DAG have SLAs
[2019-11-17 09:06:56,006] {scheduler_job.py:152} INFO - Processing /Users/likejun/airflow/dags/capstone_dag.py took 0.073 seconds
[2019-11-17 09:07:38,029] {scheduler_job.py:146} INFO - Started process (PID=16959) to work on /Users/likejun/airflow/dags/capstone_dag.py
[2019-11-17 09:07:38,037] {scheduler_job.py:1520} INFO - Processing file /Users/likejun/airflow/dags/capstone_dag.py for tasks to queue
[2019-11-17 09:07:38,037] {logging_mixin.py:95} INFO - [2019-11-17 09:07:38,037] {dagbag.py:90} INFO - Filling up the DagBag from /Users/likejun/airflow/dags/capstone_dag.py
[2019-11-17 09:07:38,046] {scheduler_job.py:1532} INFO - DAG(s) dict_keys(['capstone_dag']) retrieved from /Users/likejun/airflow/dags/capstone_dag.py
[2019-11-17 09:07:38,069] {scheduler_job.py:1255} INFO - Processing capstone_dag
[2019-11-17 09:07:38,075] {scheduler_job.py:729} INFO - Examining DAG run <DagRun capstone_dag @ 2018-11-03 16:00:00+00:00: scheduled__2018-11-03T16:00:00+00:00, externally triggered: False>
[2019-11-17 09:07:38,086] {scheduler_job.py:729} INFO - Examining DAG run <DagRun capstone_dag @ 2019-11-16 01:52:26.697382+00:00: manual__2019-11-16T01:52:26.697382+00:00, externally triggered: True>
[2019-11-17 09:07:38,087] {scheduler_job.py:739} INFO - Number of active dag runs reached max_active_run.
[2019-11-17 09:07:38,100] {scheduler_job.py:429} INFO - Skipping SLA check for <DAG: capstone_dag> because no tasks in DAG have SLAs
[2019-11-17 09:07:38,102] {scheduler_job.py:1596} INFO - Creating / updating <TaskInstance: capstone_dag.Load_projects_dim_table 2018-11-03 16:00:00+00:00 [scheduled]> in ORM
[2019-11-17 09:07:38,105] {scheduler_job.py:1596} INFO - Creating / updating <TaskInstance: capstone_dag.Load_versions_dim_table 2018-11-03 16:00:00+00:00 [scheduled]> in ORM
[2019-11-17 09:07:38,112] {scheduler_job.py:152} INFO - Processing /Users/likejun/airflow/dags/capstone_dag.py took 0.083 seconds
[2019-11-17 09:08:42,029] {scheduler_job.py:146} INFO - Started process (PID=16994) to work on /Users/likejun/airflow/dags/capstone_dag.py
[2019-11-17 09:08:42,036] {scheduler_job.py:1520} INFO - Processing file /Users/likejun/airflow/dags/capstone_dag.py for tasks to queue
[2019-11-17 09:08:42,037] {logging_mixin.py:95} INFO - [2019-11-17 09:08:42,037] {dagbag.py:90} INFO - Filling up the DagBag from /Users/likejun/airflow/dags/capstone_dag.py
[2019-11-17 09:08:42,046] {scheduler_job.py:1532} INFO - DAG(s) dict_keys(['capstone_dag']) retrieved from /Users/likejun/airflow/dags/capstone_dag.py
[2019-11-17 09:08:42,069] {scheduler_job.py:1255} INFO - Processing capstone_dag
[2019-11-17 09:08:42,075] {scheduler_job.py:729} INFO - Examining DAG run <DagRun capstone_dag @ 2018-11-03 16:00:00+00:00: scheduled__2018-11-03T16:00:00+00:00, externally triggered: False>
[2019-11-17 09:08:42,086] {scheduler_job.py:729} INFO - Examining DAG run <DagRun capstone_dag @ 2019-11-16 01:52:26.697382+00:00: manual__2019-11-16T01:52:26.697382+00:00, externally triggered: True>
[2019-11-17 09:08:42,086] {scheduler_job.py:739} INFO - Number of active dag runs reached max_active_run.
[2019-11-17 09:08:42,099] {scheduler_job.py:429} INFO - Skipping SLA check for <DAG: capstone_dag> because no tasks in DAG have SLAs
[2019-11-17 09:08:42,101] {scheduler_job.py:1596} INFO - Creating / updating <TaskInstance: capstone_dag.Load_dependencies_dim_table 2018-11-03 16:00:00+00:00 [scheduled]> in ORM
[2019-11-17 09:08:42,103] {scheduler_job.py:1596} INFO - Creating / updating <TaskInstance: capstone_dag.Load_time_dim_table 2018-11-03 16:00:00+00:00 [scheduled]> in ORM
[2019-11-17 09:08:42,110] {scheduler_job.py:152} INFO - Processing /Users/likejun/airflow/dags/capstone_dag.py took 0.082 seconds
[2019-11-17 09:09:45,946] {scheduler_job.py:146} INFO - Started process (PID=17030) to work on /Users/likejun/airflow/dags/capstone_dag.py
[2019-11-17 09:09:45,953] {scheduler_job.py:1520} INFO - Processing file /Users/likejun/airflow/dags/capstone_dag.py for tasks to queue
[2019-11-17 09:09:45,954] {logging_mixin.py:95} INFO - [2019-11-17 09:09:45,953] {dagbag.py:90} INFO - Filling up the DagBag from /Users/likejun/airflow/dags/capstone_dag.py
[2019-11-17 09:09:45,964] {scheduler_job.py:1532} INFO - DAG(s) dict_keys(['capstone_dag']) retrieved from /Users/likejun/airflow/dags/capstone_dag.py
[2019-11-17 09:09:45,990] {scheduler_job.py:1255} INFO - Processing capstone_dag
[2019-11-17 09:09:45,998] {scheduler_job.py:729} INFO - Examining DAG run <DagRun capstone_dag @ 2018-11-03 16:00:00+00:00: scheduled__2018-11-03T16:00:00+00:00, externally triggered: False>
[2019-11-17 09:09:46,011] {scheduler_job.py:729} INFO - Examining DAG run <DagRun capstone_dag @ 2019-11-16 01:52:26.697382+00:00: manual__2019-11-16T01:52:26.697382+00:00, externally triggered: True>
[2019-11-17 09:09:46,011] {scheduler_job.py:739} INFO - Number of active dag runs reached max_active_run.
[2019-11-17 09:09:46,028] {scheduler_job.py:429} INFO - Skipping SLA check for <DAG: capstone_dag> because no tasks in DAG have SLAs
[2019-11-17 09:09:46,033] {scheduler_job.py:152} INFO - Processing /Users/likejun/airflow/dags/capstone_dag.py took 0.087 seconds
[2019-11-17 09:10:28,055] {scheduler_job.py:146} INFO - Started process (PID=17057) to work on /Users/likejun/airflow/dags/capstone_dag.py
[2019-11-17 09:10:28,066] {scheduler_job.py:1520} INFO - Processing file /Users/likejun/airflow/dags/capstone_dag.py for tasks to queue
[2019-11-17 09:10:28,066] {logging_mixin.py:95} INFO - [2019-11-17 09:10:28,066] {dagbag.py:90} INFO - Filling up the DagBag from /Users/likejun/airflow/dags/capstone_dag.py
[2019-11-17 09:10:28,074] {scheduler_job.py:1532} INFO - DAG(s) dict_keys(['capstone_dag']) retrieved from /Users/likejun/airflow/dags/capstone_dag.py
[2019-11-17 09:10:28,095] {scheduler_job.py:1255} INFO - Processing capstone_dag
[2019-11-17 09:10:28,100] {scheduler_job.py:729} INFO - Examining DAG run <DagRun capstone_dag @ 2018-11-03 16:00:00+00:00: scheduled__2018-11-03T16:00:00+00:00, externally triggered: False>
[2019-11-17 09:10:28,111] {scheduler_job.py:729} INFO - Examining DAG run <DagRun capstone_dag @ 2019-11-16 01:52:26.697382+00:00: manual__2019-11-16T01:52:26.697382+00:00, externally triggered: True>
[2019-11-17 09:10:28,111] {scheduler_job.py:739} INFO - Number of active dag runs reached max_active_run.
[2019-11-17 09:10:28,124] {scheduler_job.py:429} INFO - Skipping SLA check for <DAG: capstone_dag> because no tasks in DAG have SLAs
[2019-11-17 09:10:28,128] {scheduler_job.py:152} INFO - Processing /Users/likejun/airflow/dags/capstone_dag.py took 0.073 seconds
[2019-11-17 09:11:10,186] {scheduler_job.py:146} INFO - Started process (PID=17083) to work on /Users/likejun/airflow/dags/capstone_dag.py
[2019-11-17 09:11:10,196] {scheduler_job.py:1520} INFO - Processing file /Users/likejun/airflow/dags/capstone_dag.py for tasks to queue
[2019-11-17 09:11:10,196] {logging_mixin.py:95} INFO - [2019-11-17 09:11:10,196] {dagbag.py:90} INFO - Filling up the DagBag from /Users/likejun/airflow/dags/capstone_dag.py
[2019-11-17 09:11:10,203] {scheduler_job.py:1532} INFO - DAG(s) dict_keys(['capstone_dag']) retrieved from /Users/likejun/airflow/dags/capstone_dag.py
[2019-11-17 09:11:10,226] {scheduler_job.py:1255} INFO - Processing capstone_dag
[2019-11-17 09:11:10,232] {scheduler_job.py:729} INFO - Examining DAG run <DagRun capstone_dag @ 2018-11-03 16:00:00+00:00: scheduled__2018-11-03T16:00:00+00:00, externally triggered: False>
[2019-11-17 09:11:10,244] {scheduler_job.py:729} INFO - Examining DAG run <DagRun capstone_dag @ 2019-11-16 01:52:26.697382+00:00: manual__2019-11-16T01:52:26.697382+00:00, externally triggered: True>
[2019-11-17 09:11:10,244] {scheduler_job.py:739} INFO - Number of active dag runs reached max_active_run.
[2019-11-17 09:11:10,257] {scheduler_job.py:429} INFO - Skipping SLA check for <DAG: capstone_dag> because no tasks in DAG have SLAs
[2019-11-17 09:11:10,260] {scheduler_job.py:1596} INFO - Creating / updating <TaskInstance: capstone_dag.Load_projects_dim_table 2018-11-03 16:00:00+00:00 [scheduled]> in ORM
[2019-11-17 09:11:10,262] {scheduler_job.py:1596} INFO - Creating / updating <TaskInstance: capstone_dag.Load_versions_dim_table 2018-11-03 16:00:00+00:00 [scheduled]> in ORM
[2019-11-17 09:11:10,270] {scheduler_job.py:152} INFO - Processing /Users/likejun/airflow/dags/capstone_dag.py took 0.084 seconds
[2019-11-17 09:12:14,119] {scheduler_job.py:146} INFO - Started process (PID=17117) to work on /Users/likejun/airflow/dags/capstone_dag.py
[2019-11-17 09:12:14,128] {scheduler_job.py:1520} INFO - Processing file /Users/likejun/airflow/dags/capstone_dag.py for tasks to queue
[2019-11-17 09:12:14,128] {logging_mixin.py:95} INFO - [2019-11-17 09:12:14,128] {dagbag.py:90} INFO - Filling up the DagBag from /Users/likejun/airflow/dags/capstone_dag.py
[2019-11-17 09:12:14,136] {scheduler_job.py:1532} INFO - DAG(s) dict_keys(['capstone_dag']) retrieved from /Users/likejun/airflow/dags/capstone_dag.py
[2019-11-17 09:12:14,159] {scheduler_job.py:1255} INFO - Processing capstone_dag
[2019-11-17 09:12:14,164] {scheduler_job.py:729} INFO - Examining DAG run <DagRun capstone_dag @ 2018-11-03 16:00:00+00:00: scheduled__2018-11-03T16:00:00+00:00, externally triggered: False>
[2019-11-17 09:12:14,176] {scheduler_job.py:729} INFO - Examining DAG run <DagRun capstone_dag @ 2019-11-16 01:52:26.697382+00:00: manual__2019-11-16T01:52:26.697382+00:00, externally triggered: True>
[2019-11-17 09:12:14,177] {scheduler_job.py:739} INFO - Number of active dag runs reached max_active_run.
[2019-11-17 09:12:14,194] {scheduler_job.py:429} INFO - Skipping SLA check for <DAG: capstone_dag> because no tasks in DAG have SLAs
[2019-11-17 09:12:14,197] {scheduler_job.py:1596} INFO - Creating / updating <TaskInstance: capstone_dag.Load_dependencies_dim_table 2018-11-03 16:00:00+00:00 [scheduled]> in ORM
[2019-11-17 09:12:14,199] {scheduler_job.py:1596} INFO - Creating / updating <TaskInstance: capstone_dag.Load_time_dim_table 2018-11-03 16:00:00+00:00 [scheduled]> in ORM
[2019-11-17 09:12:14,209] {scheduler_job.py:152} INFO - Processing /Users/likejun/airflow/dags/capstone_dag.py took 0.090 seconds
[2019-11-17 09:13:18,082] {scheduler_job.py:146} INFO - Started process (PID=17159) to work on /Users/likejun/airflow/dags/capstone_dag.py
[2019-11-17 09:13:18,091] {scheduler_job.py:1520} INFO - Processing file /Users/likejun/airflow/dags/capstone_dag.py for tasks to queue
[2019-11-17 09:13:18,092] {logging_mixin.py:95} INFO - [2019-11-17 09:13:18,092] {dagbag.py:90} INFO - Filling up the DagBag from /Users/likejun/airflow/dags/capstone_dag.py
[2019-11-17 09:13:18,099] {scheduler_job.py:1532} INFO - DAG(s) dict_keys(['capstone_dag']) retrieved from /Users/likejun/airflow/dags/capstone_dag.py
[2019-11-17 09:13:18,120] {scheduler_job.py:1255} INFO - Processing capstone_dag
[2019-11-17 09:13:18,125] {scheduler_job.py:729} INFO - Examining DAG run <DagRun capstone_dag @ 2018-11-03 16:00:00+00:00: scheduled__2018-11-03T16:00:00+00:00, externally triggered: False>
[2019-11-17 09:13:18,135] {scheduler_job.py:729} INFO - Examining DAG run <DagRun capstone_dag @ 2019-11-16 01:52:26.697382+00:00: manual__2019-11-16T01:52:26.697382+00:00, externally triggered: True>
[2019-11-17 09:13:18,135] {scheduler_job.py:739} INFO - Number of active dag runs reached max_active_run.
[2019-11-17 09:13:18,147] {scheduler_job.py:429} INFO - Skipping SLA check for <DAG: capstone_dag> because no tasks in DAG have SLAs
[2019-11-17 09:13:18,152] {scheduler_job.py:152} INFO - Processing /Users/likejun/airflow/dags/capstone_dag.py took 0.070 seconds
[2019-11-17 09:14:00,185] {scheduler_job.py:146} INFO - Started process (PID=17185) to work on /Users/likejun/airflow/dags/capstone_dag.py
[2019-11-17 09:14:00,193] {scheduler_job.py:1520} INFO - Processing file /Users/likejun/airflow/dags/capstone_dag.py for tasks to queue
[2019-11-17 09:14:00,194] {logging_mixin.py:95} INFO - [2019-11-17 09:14:00,194] {dagbag.py:90} INFO - Filling up the DagBag from /Users/likejun/airflow/dags/capstone_dag.py
[2019-11-17 09:14:00,202] {scheduler_job.py:1532} INFO - DAG(s) dict_keys(['capstone_dag']) retrieved from /Users/likejun/airflow/dags/capstone_dag.py
[2019-11-17 09:14:00,226] {scheduler_job.py:1255} INFO - Processing capstone_dag
[2019-11-17 09:14:00,231] {scheduler_job.py:729} INFO - Examining DAG run <DagRun capstone_dag @ 2018-11-03 16:00:00+00:00: scheduled__2018-11-03T16:00:00+00:00, externally triggered: False>
[2019-11-17 09:14:00,243] {scheduler_job.py:729} INFO - Examining DAG run <DagRun capstone_dag @ 2019-11-16 01:52:26.697382+00:00: manual__2019-11-16T01:52:26.697382+00:00, externally triggered: True>
[2019-11-17 09:14:00,244] {scheduler_job.py:739} INFO - Number of active dag runs reached max_active_run.
[2019-11-17 09:14:00,259] {scheduler_job.py:429} INFO - Skipping SLA check for <DAG: capstone_dag> because no tasks in DAG have SLAs
[2019-11-17 09:14:00,263] {scheduler_job.py:152} INFO - Processing /Users/likejun/airflow/dags/capstone_dag.py took 0.078 seconds
[2019-11-17 09:14:42,289] {scheduler_job.py:146} INFO - Started process (PID=17213) to work on /Users/likejun/airflow/dags/capstone_dag.py
[2019-11-17 09:14:42,298] {scheduler_job.py:1520} INFO - Processing file /Users/likejun/airflow/dags/capstone_dag.py for tasks to queue
[2019-11-17 09:14:42,299] {logging_mixin.py:95} INFO - [2019-11-17 09:14:42,298] {dagbag.py:90} INFO - Filling up the DagBag from /Users/likejun/airflow/dags/capstone_dag.py
[2019-11-17 09:14:42,306] {scheduler_job.py:1532} INFO - DAG(s) dict_keys(['capstone_dag']) retrieved from /Users/likejun/airflow/dags/capstone_dag.py
[2019-11-17 09:14:42,328] {scheduler_job.py:1255} INFO - Processing capstone_dag
[2019-11-17 09:14:42,334] {scheduler_job.py:729} INFO - Examining DAG run <DagRun capstone_dag @ 2018-11-03 16:00:00+00:00: scheduled__2018-11-03T16:00:00+00:00, externally triggered: False>
[2019-11-17 09:14:42,344] {scheduler_job.py:729} INFO - Examining DAG run <DagRun capstone_dag @ 2019-11-16 01:52:26.697382+00:00: manual__2019-11-16T01:52:26.697382+00:00, externally triggered: True>
[2019-11-17 09:14:42,345] {scheduler_job.py:739} INFO - Number of active dag runs reached max_active_run.
[2019-11-17 09:14:42,360] {scheduler_job.py:429} INFO - Skipping SLA check for <DAG: capstone_dag> because no tasks in DAG have SLAs
[2019-11-17 09:14:42,363] {scheduler_job.py:1596} INFO - Creating / updating <TaskInstance: capstone_dag.Load_projects_dim_table 2018-11-03 16:00:00+00:00 [scheduled]> in ORM
[2019-11-17 09:14:42,365] {scheduler_job.py:1596} INFO - Creating / updating <TaskInstance: capstone_dag.Load_versions_dim_table 2018-11-03 16:00:00+00:00 [scheduled]> in ORM
[2019-11-17 09:14:42,375] {scheduler_job.py:152} INFO - Processing /Users/likejun/airflow/dags/capstone_dag.py took 0.086 seconds
[2019-11-17 09:15:46,536] {scheduler_job.py:146} INFO - Started process (PID=17253) to work on /Users/likejun/airflow/dags/capstone_dag.py
[2019-11-17 09:15:46,543] {scheduler_job.py:1520} INFO - Processing file /Users/likejun/airflow/dags/capstone_dag.py for tasks to queue
[2019-11-17 09:15:46,544] {logging_mixin.py:95} INFO - [2019-11-17 09:15:46,543] {dagbag.py:90} INFO - Filling up the DagBag from /Users/likejun/airflow/dags/capstone_dag.py
[2019-11-17 09:15:46,551] {scheduler_job.py:1532} INFO - DAG(s) dict_keys(['capstone_dag']) retrieved from /Users/likejun/airflow/dags/capstone_dag.py
[2019-11-17 09:15:46,574] {scheduler_job.py:1255} INFO - Processing capstone_dag
[2019-11-17 09:15:46,580] {scheduler_job.py:729} INFO - Examining DAG run <DagRun capstone_dag @ 2018-11-03 16:00:00+00:00: scheduled__2018-11-03T16:00:00+00:00, externally triggered: False>
[2019-11-17 09:15:46,594] {scheduler_job.py:729} INFO - Examining DAG run <DagRun capstone_dag @ 2019-11-16 01:52:26.697382+00:00: manual__2019-11-16T01:52:26.697382+00:00, externally triggered: True>
[2019-11-17 09:15:46,594] {scheduler_job.py:739} INFO - Number of active dag runs reached max_active_run.
[2019-11-17 09:15:46,612] {scheduler_job.py:429} INFO - Skipping SLA check for <DAG: capstone_dag> because no tasks in DAG have SLAs
[2019-11-17 09:15:46,615] {scheduler_job.py:1596} INFO - Creating / updating <TaskInstance: capstone_dag.Load_dependencies_dim_table 2018-11-03 16:00:00+00:00 [scheduled]> in ORM
[2019-11-17 09:15:46,617] {scheduler_job.py:1596} INFO - Creating / updating <TaskInstance: capstone_dag.Load_time_dim_table 2018-11-03 16:00:00+00:00 [scheduled]> in ORM
[2019-11-17 09:15:46,625] {scheduler_job.py:152} INFO - Processing /Users/likejun/airflow/dags/capstone_dag.py took 0.089 seconds
[2019-11-17 09:16:50,574] {scheduler_job.py:146} INFO - Started process (PID=17286) to work on /Users/likejun/airflow/dags/capstone_dag.py
[2019-11-17 09:16:50,582] {scheduler_job.py:1520} INFO - Processing file /Users/likejun/airflow/dags/capstone_dag.py for tasks to queue
[2019-11-17 09:16:50,583] {logging_mixin.py:95} INFO - [2019-11-17 09:16:50,583] {dagbag.py:90} INFO - Filling up the DagBag from /Users/likejun/airflow/dags/capstone_dag.py
[2019-11-17 09:16:50,590] {scheduler_job.py:1532} INFO - DAG(s) dict_keys(['capstone_dag']) retrieved from /Users/likejun/airflow/dags/capstone_dag.py
[2019-11-17 09:16:50,613] {scheduler_job.py:1255} INFO - Processing capstone_dag
[2019-11-17 09:16:50,618] {scheduler_job.py:729} INFO - Examining DAG run <DagRun capstone_dag @ 2018-11-03 16:00:00+00:00: scheduled__2018-11-03T16:00:00+00:00, externally triggered: False>
[2019-11-17 09:16:50,625] {logging_mixin.py:95} INFO - [2019-11-17 09:16:50,625] {dagrun.py:308} INFO - Marking run <DagRun capstone_dag @ 2018-11-03 16:00:00+00:00: scheduled__2018-11-03T16:00:00+00:00, externally triggered: False> failed
[2019-11-17 09:16:50,627] {scheduler_job.py:729} INFO - Examining DAG run <DagRun capstone_dag @ 2019-11-16 01:52:26.697382+00:00: manual__2019-11-16T01:52:26.697382+00:00, externally triggered: True>
[2019-11-17 09:16:50,635] {scheduler_job.py:729} INFO - Examining DAG run <DagRun capstone_dag @ 2019-11-17 01:05:09.533169+00:00: manual__2019-11-17T01:05:09.533169+00:00, externally triggered: True>
[2019-11-17 09:16:50,635] {scheduler_job.py:739} INFO - Number of active dag runs reached max_active_run.
[2019-11-17 09:16:50,655] {scheduler_job.py:429} INFO - Skipping SLA check for <DAG: capstone_dag> because no tasks in DAG have SLAs
[2019-11-17 09:16:50,658] {scheduler_job.py:1596} INFO - Creating / updating <TaskInstance: capstone_dag.Stage_versions 2019-11-16 01:52:26.697382+00:00 [scheduled]> in ORM
[2019-11-17 09:16:50,660] {scheduler_job.py:1596} INFO - Creating / updating <TaskInstance: capstone_dag.Stage_dependencies 2019-11-16 01:52:26.697382+00:00 [scheduled]> in ORM
[2019-11-17 09:16:50,662] {scheduler_job.py:1596} INFO - Creating / updating <TaskInstance: capstone_dag.Stage_projects 2019-11-16 01:52:26.697382+00:00 [scheduled]> in ORM
[2019-11-17 09:16:50,669] {scheduler_job.py:152} INFO - Processing /Users/likejun/airflow/dags/capstone_dag.py took 0.095 seconds
[2019-11-17 09:23:16,114] {scheduler_job.py:146} INFO - Started process (PID=17374) to work on /Users/likejun/airflow/dags/capstone_dag.py
[2019-11-17 09:23:16,122] {scheduler_job.py:1520} INFO - Processing file /Users/likejun/airflow/dags/capstone_dag.py for tasks to queue
[2019-11-17 09:23:16,123] {logging_mixin.py:95} INFO - [2019-11-17 09:23:16,122] {dagbag.py:90} INFO - Filling up the DagBag from /Users/likejun/airflow/dags/capstone_dag.py
[2019-11-17 09:23:16,131] {scheduler_job.py:1532} INFO - DAG(s) dict_keys(['capstone_dag']) retrieved from /Users/likejun/airflow/dags/capstone_dag.py
[2019-11-17 09:23:16,153] {scheduler_job.py:1255} INFO - Processing capstone_dag
[2019-11-17 09:23:16,184] {scheduler_job.py:1265} INFO - Created <DagRun capstone_dag @ 2018-11-03T17:00:00+00:00: scheduled__2018-11-03T17:00:00+00:00, externally triggered: False>
[2019-11-17 09:23:16,187] {scheduler_job.py:729} INFO - Examining DAG run <DagRun capstone_dag @ 2018-11-03 17:00:00+00:00: scheduled__2018-11-03T17:00:00+00:00, externally triggered: False>
[2019-11-17 09:23:16,194] {scheduler_job.py:729} INFO - Examining DAG run <DagRun capstone_dag @ 2019-11-16 01:52:26.697382+00:00: manual__2019-11-16T01:52:26.697382+00:00, externally triggered: True>
[2019-11-17 09:23:16,194] {scheduler_job.py:739} INFO - Number of active dag runs reached max_active_run.
[2019-11-17 09:23:16,214] {scheduler_job.py:429} INFO - Skipping SLA check for <DAG: capstone_dag> because no tasks in DAG have SLAs
[2019-11-17 09:23:16,216] {scheduler_job.py:1596} INFO - Creating / updating <TaskInstance: capstone_dag.Begin_execution 2018-11-03 17:00:00+00:00 [scheduled]> in ORM
[2019-11-17 09:23:16,223] {scheduler_job.py:152} INFO - Processing /Users/likejun/airflow/dags/capstone_dag.py took 0.109 seconds
[2019-11-17 09:24:03,591] {scheduler_job.py:146} INFO - Started process (PID=17415) to work on /Users/likejun/airflow/dags/capstone_dag.py
[2019-11-17 09:24:03,599] {scheduler_job.py:1520} INFO - Processing file /Users/likejun/airflow/dags/capstone_dag.py for tasks to queue
[2019-11-17 09:24:03,600] {logging_mixin.py:95} INFO - [2019-11-17 09:24:03,599] {dagbag.py:90} INFO - Filling up the DagBag from /Users/likejun/airflow/dags/capstone_dag.py
[2019-11-17 09:24:03,609] {scheduler_job.py:1532} INFO - DAG(s) dict_keys(['capstone_dag']) retrieved from /Users/likejun/airflow/dags/capstone_dag.py
[2019-11-17 09:24:03,636] {scheduler_job.py:1255} INFO - Processing capstone_dag
[2019-11-17 09:24:03,641] {scheduler_job.py:729} INFO - Examining DAG run <DagRun capstone_dag @ 2018-11-03 17:00:00+00:00: scheduled__2018-11-03T17:00:00+00:00, externally triggered: False>
[2019-11-17 09:24:03,653] {scheduler_job.py:729} INFO - Examining DAG run <DagRun capstone_dag @ 2019-11-16 01:52:26.697382+00:00: manual__2019-11-16T01:52:26.697382+00:00, externally triggered: True>
[2019-11-17 09:24:03,653] {scheduler_job.py:739} INFO - Number of active dag runs reached max_active_run.
[2019-11-17 09:24:03,675] {scheduler_job.py:429} INFO - Skipping SLA check for <DAG: capstone_dag> because no tasks in DAG have SLAs
[2019-11-17 09:24:03,678] {scheduler_job.py:1596} INFO - Creating / updating <TaskInstance: capstone_dag.Stage_versions 2018-11-03 17:00:00+00:00 [scheduled]> in ORM
[2019-11-17 09:24:03,681] {scheduler_job.py:1596} INFO - Creating / updating <TaskInstance: capstone_dag.Stage_dependencies 2018-11-03 17:00:00+00:00 [scheduled]> in ORM
[2019-11-17 09:24:03,683] {scheduler_job.py:1596} INFO - Creating / updating <TaskInstance: capstone_dag.Stage_projects 2018-11-03 17:00:00+00:00 [scheduled]> in ORM
[2019-11-17 09:24:03,690] {scheduler_job.py:152} INFO - Processing /Users/likejun/airflow/dags/capstone_dag.py took 0.100 seconds
[2019-11-17 09:29:59,095] {scheduler_job.py:146} INFO - Started process (PID=17493) to work on /Users/likejun/airflow/dags/capstone_dag.py
[2019-11-17 09:29:59,102] {scheduler_job.py:1520} INFO - Processing file /Users/likejun/airflow/dags/capstone_dag.py for tasks to queue
[2019-11-17 09:29:59,103] {logging_mixin.py:95} INFO - [2019-11-17 09:29:59,103] {dagbag.py:90} INFO - Filling up the DagBag from /Users/likejun/airflow/dags/capstone_dag.py
[2019-11-17 09:29:59,110] {scheduler_job.py:1532} INFO - DAG(s) dict_keys(['capstone_dag']) retrieved from /Users/likejun/airflow/dags/capstone_dag.py
[2019-11-17 09:29:59,128] {scheduler_job.py:1255} INFO - Processing capstone_dag
[2019-11-17 09:29:59,132] {scheduler_job.py:729} INFO - Examining DAG run <DagRun capstone_dag @ 2018-11-03 17:00:00+00:00: scheduled__2018-11-03T17:00:00+00:00, externally triggered: False>
[2019-11-17 09:29:59,141] {scheduler_job.py:729} INFO - Examining DAG run <DagRun capstone_dag @ 2019-11-16 01:52:26.697382+00:00: manual__2019-11-16T01:52:26.697382+00:00, externally triggered: True>
[2019-11-17 09:29:59,141] {scheduler_job.py:739} INFO - Number of active dag runs reached max_active_run.
[2019-11-17 09:29:59,155] {scheduler_job.py:429} INFO - Skipping SLA check for <DAG: capstone_dag> because no tasks in DAG have SLAs
[2019-11-17 09:29:59,157] {scheduler_job.py:1596} INFO - Creating / updating <TaskInstance: capstone_dag.Load_repositories_fact_table 2018-11-03 17:00:00+00:00 [scheduled]> in ORM
[2019-11-17 09:29:59,164] {scheduler_job.py:152} INFO - Processing /Users/likejun/airflow/dags/capstone_dag.py took 0.069 seconds
[2019-11-17 12:16:07,478] {scheduler_job.py:146} INFO - Started process (PID=18972) to work on /Users/likejun/airflow/dags/capstone_dag.py
[2019-11-17 12:16:07,485] {scheduler_job.py:1520} INFO - Processing file /Users/likejun/airflow/dags/capstone_dag.py for tasks to queue
[2019-11-17 12:16:07,486] {logging_mixin.py:95} INFO - [2019-11-17 12:16:07,485] {dagbag.py:90} INFO - Filling up the DagBag from /Users/likejun/airflow/dags/capstone_dag.py
[2019-11-17 12:16:07,492] {scheduler_job.py:1532} INFO - DAG(s) dict_keys(['capstone_dag']) retrieved from /Users/likejun/airflow/dags/capstone_dag.py
[2019-11-17 12:16:07,512] {scheduler_job.py:1255} INFO - Processing capstone_dag
[2019-11-17 12:16:07,516] {scheduler_job.py:729} INFO - Examining DAG run <DagRun capstone_dag @ 2018-11-03 17:00:00+00:00: scheduled__2018-11-03T17:00:00+00:00, externally triggered: False>
[2019-11-17 12:16:07,526] {scheduler_job.py:729} INFO - Examining DAG run <DagRun capstone_dag @ 2019-11-16 01:52:26.697382+00:00: manual__2019-11-16T01:52:26.697382+00:00, externally triggered: True>
[2019-11-17 12:16:07,526] {scheduler_job.py:739} INFO - Number of active dag runs reached max_active_run.
[2019-11-17 12:16:07,538] {scheduler_job.py:429} INFO - Skipping SLA check for <DAG: capstone_dag> because no tasks in DAG have SLAs
[2019-11-17 12:16:07,543] {scheduler_job.py:152} INFO - Processing /Users/likejun/airflow/dags/capstone_dag.py took 0.065 seconds
[2019-11-17 12:16:49,584] {scheduler_job.py:146} INFO - Started process (PID=18998) to work on /Users/likejun/airflow/dags/capstone_dag.py
[2019-11-17 12:16:49,593] {scheduler_job.py:1520} INFO - Processing file /Users/likejun/airflow/dags/capstone_dag.py for tasks to queue
[2019-11-17 12:16:49,593] {logging_mixin.py:95} INFO - [2019-11-17 12:16:49,593] {dagbag.py:90} INFO - Filling up the DagBag from /Users/likejun/airflow/dags/capstone_dag.py
[2019-11-17 12:16:49,601] {scheduler_job.py:1532} INFO - DAG(s) dict_keys(['capstone_dag']) retrieved from /Users/likejun/airflow/dags/capstone_dag.py
[2019-11-17 12:16:49,624] {scheduler_job.py:1255} INFO - Processing capstone_dag
[2019-11-17 12:16:49,629] {scheduler_job.py:729} INFO - Examining DAG run <DagRun capstone_dag @ 2018-11-03 17:00:00+00:00: scheduled__2018-11-03T17:00:00+00:00, externally triggered: False>
[2019-11-17 12:16:49,638] {scheduler_job.py:729} INFO - Examining DAG run <DagRun capstone_dag @ 2019-11-16 01:52:26.697382+00:00: manual__2019-11-16T01:52:26.697382+00:00, externally triggered: True>
[2019-11-17 12:16:49,639] {scheduler_job.py:739} INFO - Number of active dag runs reached max_active_run.
[2019-11-17 12:16:49,652] {scheduler_job.py:429} INFO - Skipping SLA check for <DAG: capstone_dag> because no tasks in DAG have SLAs
[2019-11-17 12:16:49,657] {scheduler_job.py:152} INFO - Processing /Users/likejun/airflow/dags/capstone_dag.py took 0.072 seconds
[2019-11-17 12:17:31,683] {scheduler_job.py:146} INFO - Started process (PID=19024) to work on /Users/likejun/airflow/dags/capstone_dag.py
[2019-11-17 12:17:31,690] {scheduler_job.py:1520} INFO - Processing file /Users/likejun/airflow/dags/capstone_dag.py for tasks to queue
[2019-11-17 12:17:31,690] {logging_mixin.py:95} INFO - [2019-11-17 12:17:31,690] {dagbag.py:90} INFO - Filling up the DagBag from /Users/likejun/airflow/dags/capstone_dag.py
[2019-11-17 12:17:31,697] {scheduler_job.py:1532} INFO - DAG(s) dict_keys(['capstone_dag']) retrieved from /Users/likejun/airflow/dags/capstone_dag.py
[2019-11-17 12:17:31,722] {scheduler_job.py:1255} INFO - Processing capstone_dag
[2019-11-17 12:17:31,727] {scheduler_job.py:729} INFO - Examining DAG run <DagRun capstone_dag @ 2018-11-03 17:00:00+00:00: scheduled__2018-11-03T17:00:00+00:00, externally triggered: False>
[2019-11-17 12:17:31,737] {scheduler_job.py:729} INFO - Examining DAG run <DagRun capstone_dag @ 2019-11-16 01:52:26.697382+00:00: manual__2019-11-16T01:52:26.697382+00:00, externally triggered: True>
[2019-11-17 12:17:31,737] {scheduler_job.py:739} INFO - Number of active dag runs reached max_active_run.
[2019-11-17 12:17:31,750] {scheduler_job.py:429} INFO - Skipping SLA check for <DAG: capstone_dag> because no tasks in DAG have SLAs
[2019-11-17 12:17:31,755] {scheduler_job.py:152} INFO - Processing /Users/likejun/airflow/dags/capstone_dag.py took 0.072 seconds
[2019-11-17 12:18:13,780] {scheduler_job.py:146} INFO - Started process (PID=19051) to work on /Users/likejun/airflow/dags/capstone_dag.py
[2019-11-17 12:18:13,787] {scheduler_job.py:1520} INFO - Processing file /Users/likejun/airflow/dags/capstone_dag.py for tasks to queue
[2019-11-17 12:18:13,787] {logging_mixin.py:95} INFO - [2019-11-17 12:18:13,787] {dagbag.py:90} INFO - Filling up the DagBag from /Users/likejun/airflow/dags/capstone_dag.py
[2019-11-17 12:18:13,795] {scheduler_job.py:1532} INFO - DAG(s) dict_keys(['capstone_dag']) retrieved from /Users/likejun/airflow/dags/capstone_dag.py
[2019-11-17 12:18:13,821] {scheduler_job.py:1255} INFO - Processing capstone_dag
[2019-11-17 12:18:13,826] {scheduler_job.py:729} INFO - Examining DAG run <DagRun capstone_dag @ 2018-11-03 17:00:00+00:00: scheduled__2018-11-03T17:00:00+00:00, externally triggered: False>
[2019-11-17 12:18:13,836] {scheduler_job.py:729} INFO - Examining DAG run <DagRun capstone_dag @ 2019-11-16 01:52:26.697382+00:00: manual__2019-11-16T01:52:26.697382+00:00, externally triggered: True>
[2019-11-17 12:18:13,837] {scheduler_job.py:739} INFO - Number of active dag runs reached max_active_run.
[2019-11-17 12:18:13,851] {scheduler_job.py:429} INFO - Skipping SLA check for <DAG: capstone_dag> because no tasks in DAG have SLAs
[2019-11-17 12:18:13,855] {scheduler_job.py:152} INFO - Processing /Users/likejun/airflow/dags/capstone_dag.py took 0.075 seconds
[2019-11-17 12:18:55,924] {scheduler_job.py:146} INFO - Started process (PID=19077) to work on /Users/likejun/airflow/dags/capstone_dag.py
[2019-11-17 12:18:55,931] {scheduler_job.py:1520} INFO - Processing file /Users/likejun/airflow/dags/capstone_dag.py for tasks to queue
[2019-11-17 12:18:55,932] {logging_mixin.py:95} INFO - [2019-11-17 12:18:55,932] {dagbag.py:90} INFO - Filling up the DagBag from /Users/likejun/airflow/dags/capstone_dag.py
[2019-11-17 12:18:55,940] {scheduler_job.py:1532} INFO - DAG(s) dict_keys(['capstone_dag']) retrieved from /Users/likejun/airflow/dags/capstone_dag.py
[2019-11-17 12:18:55,963] {scheduler_job.py:1255} INFO - Processing capstone_dag
[2019-11-17 12:18:55,969] {scheduler_job.py:729} INFO - Examining DAG run <DagRun capstone_dag @ 2018-11-03 17:00:00+00:00: scheduled__2018-11-03T17:00:00+00:00, externally triggered: False>
[2019-11-17 12:18:55,980] {scheduler_job.py:729} INFO - Examining DAG run <DagRun capstone_dag @ 2019-11-16 01:52:26.697382+00:00: manual__2019-11-16T01:52:26.697382+00:00, externally triggered: True>
[2019-11-17 12:18:55,981] {scheduler_job.py:739} INFO - Number of active dag runs reached max_active_run.
[2019-11-17 12:18:55,995] {scheduler_job.py:429} INFO - Skipping SLA check for <DAG: capstone_dag> because no tasks in DAG have SLAs
[2019-11-17 12:18:55,999] {scheduler_job.py:152} INFO - Processing /Users/likejun/airflow/dags/capstone_dag.py took 0.076 seconds
[2019-11-17 12:19:38,054] {scheduler_job.py:146} INFO - Started process (PID=19104) to work on /Users/likejun/airflow/dags/capstone_dag.py
[2019-11-17 12:19:38,061] {scheduler_job.py:1520} INFO - Processing file /Users/likejun/airflow/dags/capstone_dag.py for tasks to queue
[2019-11-17 12:19:38,062] {logging_mixin.py:95} INFO - [2019-11-17 12:19:38,062] {dagbag.py:90} INFO - Filling up the DagBag from /Users/likejun/airflow/dags/capstone_dag.py
[2019-11-17 12:19:38,069] {scheduler_job.py:1532} INFO - DAG(s) dict_keys(['capstone_dag']) retrieved from /Users/likejun/airflow/dags/capstone_dag.py
[2019-11-17 12:19:38,092] {scheduler_job.py:1255} INFO - Processing capstone_dag
[2019-11-17 12:19:38,098] {scheduler_job.py:729} INFO - Examining DAG run <DagRun capstone_dag @ 2018-11-03 17:00:00+00:00: scheduled__2018-11-03T17:00:00+00:00, externally triggered: False>
[2019-11-17 12:19:38,107] {scheduler_job.py:729} INFO - Examining DAG run <DagRun capstone_dag @ 2019-11-16 01:52:26.697382+00:00: manual__2019-11-16T01:52:26.697382+00:00, externally triggered: True>
[2019-11-17 12:19:38,108] {scheduler_job.py:739} INFO - Number of active dag runs reached max_active_run.
[2019-11-17 12:19:38,120] {scheduler_job.py:429} INFO - Skipping SLA check for <DAG: capstone_dag> because no tasks in DAG have SLAs
[2019-11-17 12:19:38,124] {scheduler_job.py:152} INFO - Processing /Users/likejun/airflow/dags/capstone_dag.py took 0.070 seconds
[2019-11-17 12:20:20,172] {scheduler_job.py:146} INFO - Started process (PID=19131) to work on /Users/likejun/airflow/dags/capstone_dag.py
[2019-11-17 12:20:20,179] {scheduler_job.py:1520} INFO - Processing file /Users/likejun/airflow/dags/capstone_dag.py for tasks to queue
[2019-11-17 12:20:20,180] {logging_mixin.py:95} INFO - [2019-11-17 12:20:20,180] {dagbag.py:90} INFO - Filling up the DagBag from /Users/likejun/airflow/dags/capstone_dag.py
[2019-11-17 12:20:20,186] {scheduler_job.py:1532} INFO - DAG(s) dict_keys(['capstone_dag']) retrieved from /Users/likejun/airflow/dags/capstone_dag.py
[2019-11-17 12:20:20,206] {scheduler_job.py:1255} INFO - Processing capstone_dag
[2019-11-17 12:20:20,210] {scheduler_job.py:729} INFO - Examining DAG run <DagRun capstone_dag @ 2018-11-03 17:00:00+00:00: scheduled__2018-11-03T17:00:00+00:00, externally triggered: False>
[2019-11-17 12:20:20,219] {scheduler_job.py:729} INFO - Examining DAG run <DagRun capstone_dag @ 2019-11-16 01:52:26.697382+00:00: manual__2019-11-16T01:52:26.697382+00:00, externally triggered: True>
[2019-11-17 12:20:20,219] {scheduler_job.py:739} INFO - Number of active dag runs reached max_active_run.
[2019-11-17 12:20:20,231] {scheduler_job.py:429} INFO - Skipping SLA check for <DAG: capstone_dag> because no tasks in DAG have SLAs
[2019-11-17 12:20:20,235] {scheduler_job.py:152} INFO - Processing /Users/likejun/airflow/dags/capstone_dag.py took 0.062 seconds
[2019-11-17 12:21:02,313] {scheduler_job.py:146} INFO - Started process (PID=19157) to work on /Users/likejun/airflow/dags/capstone_dag.py
[2019-11-17 12:21:02,321] {scheduler_job.py:1520} INFO - Processing file /Users/likejun/airflow/dags/capstone_dag.py for tasks to queue
[2019-11-17 12:21:02,322] {logging_mixin.py:95} INFO - [2019-11-17 12:21:02,321] {dagbag.py:90} INFO - Filling up the DagBag from /Users/likejun/airflow/dags/capstone_dag.py
[2019-11-17 12:21:02,329] {scheduler_job.py:1532} INFO - DAG(s) dict_keys(['capstone_dag']) retrieved from /Users/likejun/airflow/dags/capstone_dag.py
[2019-11-17 12:21:02,354] {scheduler_job.py:1255} INFO - Processing capstone_dag
[2019-11-17 12:21:02,358] {scheduler_job.py:729} INFO - Examining DAG run <DagRun capstone_dag @ 2018-11-03 17:00:00+00:00: scheduled__2018-11-03T17:00:00+00:00, externally triggered: False>
[2019-11-17 12:21:02,369] {scheduler_job.py:729} INFO - Examining DAG run <DagRun capstone_dag @ 2019-11-16 01:52:26.697382+00:00: manual__2019-11-16T01:52:26.697382+00:00, externally triggered: True>
[2019-11-17 12:21:02,369] {scheduler_job.py:739} INFO - Number of active dag runs reached max_active_run.
[2019-11-17 12:21:02,383] {scheduler_job.py:429} INFO - Skipping SLA check for <DAG: capstone_dag> because no tasks in DAG have SLAs
[2019-11-17 12:21:02,389] {logging_mixin.py:95} INFO - [2019-11-17 12:21:02,389] {dagbag.py:309} INFO - Detected zombie job with dag_id capstone_dag, task_id Load_repositories_fact_table, and execution date 2018-11-03T17:00:00+00:00
[2019-11-17 12:21:02,392] {logging_mixin.py:95} INFO - [2019-11-17 12:21:02,392] {taskinstance.py:1051} ERROR - <TaskInstance: capstone_dag.Load_repositories_fact_table 2018-11-03 17:00:00+00:00 [running]> detected as zombie
NoneType: None
[2019-11-17 12:21:02,393] {logging_mixin.py:95} INFO - [2019-11-17 12:21:02,393] {taskinstance.py:1074} INFO - Marking task as UP_FOR_RETRY
[2019-11-17 12:21:02,400] {logging_mixin.py:95} INFO - [2019-11-17 12:21:02,399] {dagbag.py:314} INFO - Marked zombie job <TaskInstance: capstone_dag.Load_repositories_fact_table 2018-11-03 17:00:00+00:00 [up_for_retry]> as up_for_retry
[2019-11-17 12:21:02,400] {scheduler_job.py:152} INFO - Processing /Users/likejun/airflow/dags/capstone_dag.py took 0.087 seconds
[2019-11-17 12:21:44,465] {scheduler_job.py:146} INFO - Started process (PID=19183) to work on /Users/likejun/airflow/dags/capstone_dag.py
[2019-11-17 12:21:44,472] {scheduler_job.py:1520} INFO - Processing file /Users/likejun/airflow/dags/capstone_dag.py for tasks to queue
[2019-11-17 12:21:44,473] {logging_mixin.py:95} INFO - [2019-11-17 12:21:44,473] {dagbag.py:90} INFO - Filling up the DagBag from /Users/likejun/airflow/dags/capstone_dag.py
[2019-11-17 12:21:44,484] {scheduler_job.py:1532} INFO - DAG(s) dict_keys(['capstone_dag']) retrieved from /Users/likejun/airflow/dags/capstone_dag.py
[2019-11-17 12:21:44,509] {scheduler_job.py:1255} INFO - Processing capstone_dag
[2019-11-17 12:21:44,514] {scheduler_job.py:729} INFO - Examining DAG run <DagRun capstone_dag @ 2018-11-03 17:00:00+00:00: scheduled__2018-11-03T17:00:00+00:00, externally triggered: False>
[2019-11-17 12:21:44,524] {scheduler_job.py:729} INFO - Examining DAG run <DagRun capstone_dag @ 2019-11-16 01:52:26.697382+00:00: manual__2019-11-16T01:52:26.697382+00:00, externally triggered: True>
[2019-11-17 12:21:44,524] {scheduler_job.py:739} INFO - Number of active dag runs reached max_active_run.
[2019-11-17 12:21:44,538] {scheduler_job.py:429} INFO - Skipping SLA check for <DAG: capstone_dag> because no tasks in DAG have SLAs
[2019-11-17 12:21:44,543] {scheduler_job.py:152} INFO - Processing /Users/likejun/airflow/dags/capstone_dag.py took 0.078 seconds
[2019-11-17 12:22:26,589] {scheduler_job.py:146} INFO - Started process (PID=19213) to work on /Users/likejun/airflow/dags/capstone_dag.py
[2019-11-17 12:22:26,597] {scheduler_job.py:1520} INFO - Processing file /Users/likejun/airflow/dags/capstone_dag.py for tasks to queue
[2019-11-17 12:22:26,598] {logging_mixin.py:95} INFO - [2019-11-17 12:22:26,598] {dagbag.py:90} INFO - Filling up the DagBag from /Users/likejun/airflow/dags/capstone_dag.py
[2019-11-17 12:22:26,609] {scheduler_job.py:1532} INFO - DAG(s) dict_keys(['capstone_dag']) retrieved from /Users/likejun/airflow/dags/capstone_dag.py
[2019-11-17 12:22:26,631] {scheduler_job.py:1255} INFO - Processing capstone_dag
[2019-11-17 12:22:26,636] {scheduler_job.py:729} INFO - Examining DAG run <DagRun capstone_dag @ 2018-11-03 17:00:00+00:00: scheduled__2018-11-03T17:00:00+00:00, externally triggered: False>
[2019-11-17 12:22:26,647] {scheduler_job.py:729} INFO - Examining DAG run <DagRun capstone_dag @ 2019-11-16 01:52:26.697382+00:00: manual__2019-11-16T01:52:26.697382+00:00, externally triggered: True>
[2019-11-17 12:22:26,647] {scheduler_job.py:739} INFO - Number of active dag runs reached max_active_run.
[2019-11-17 12:22:26,664] {scheduler_job.py:429} INFO - Skipping SLA check for <DAG: capstone_dag> because no tasks in DAG have SLAs
[2019-11-17 12:22:26,669] {scheduler_job.py:152} INFO - Processing /Users/likejun/airflow/dags/capstone_dag.py took 0.079 seconds
[2019-11-17 12:23:08,702] {scheduler_job.py:146} INFO - Started process (PID=19239) to work on /Users/likejun/airflow/dags/capstone_dag.py
[2019-11-17 12:23:08,709] {scheduler_job.py:1520} INFO - Processing file /Users/likejun/airflow/dags/capstone_dag.py for tasks to queue
[2019-11-17 12:23:08,710] {logging_mixin.py:95} INFO - [2019-11-17 12:23:08,709] {dagbag.py:90} INFO - Filling up the DagBag from /Users/likejun/airflow/dags/capstone_dag.py
[2019-11-17 12:23:08,720] {scheduler_job.py:1532} INFO - DAG(s) dict_keys(['capstone_dag']) retrieved from /Users/likejun/airflow/dags/capstone_dag.py
[2019-11-17 12:23:08,740] {scheduler_job.py:1255} INFO - Processing capstone_dag
[2019-11-17 12:23:08,746] {scheduler_job.py:729} INFO - Examining DAG run <DagRun capstone_dag @ 2018-11-03 17:00:00+00:00: scheduled__2018-11-03T17:00:00+00:00, externally triggered: False>
[2019-11-17 12:23:08,757] {scheduler_job.py:729} INFO - Examining DAG run <DagRun capstone_dag @ 2019-11-16 01:52:26.697382+00:00: manual__2019-11-16T01:52:26.697382+00:00, externally triggered: True>
[2019-11-17 12:23:08,757] {scheduler_job.py:739} INFO - Number of active dag runs reached max_active_run.
[2019-11-17 12:23:08,772] {scheduler_job.py:429} INFO - Skipping SLA check for <DAG: capstone_dag> because no tasks in DAG have SLAs
[2019-11-17 12:23:08,776] {scheduler_job.py:152} INFO - Processing /Users/likejun/airflow/dags/capstone_dag.py took 0.074 seconds
[2019-11-17 12:23:50,809] {scheduler_job.py:146} INFO - Started process (PID=19273) to work on /Users/likejun/airflow/dags/capstone_dag.py
[2019-11-17 12:23:50,816] {scheduler_job.py:1520} INFO - Processing file /Users/likejun/airflow/dags/capstone_dag.py for tasks to queue
[2019-11-17 12:23:50,817] {logging_mixin.py:95} INFO - [2019-11-17 12:23:50,817] {dagbag.py:90} INFO - Filling up the DagBag from /Users/likejun/airflow/dags/capstone_dag.py
[2019-11-17 12:23:50,829] {scheduler_job.py:1532} INFO - DAG(s) dict_keys(['capstone_dag']) retrieved from /Users/likejun/airflow/dags/capstone_dag.py
[2019-11-17 12:23:50,850] {scheduler_job.py:1255} INFO - Processing capstone_dag
[2019-11-17 12:23:50,856] {scheduler_job.py:729} INFO - Examining DAG run <DagRun capstone_dag @ 2018-11-03 17:00:00+00:00: scheduled__2018-11-03T17:00:00+00:00, externally triggered: False>
[2019-11-17 12:23:50,867] {scheduler_job.py:729} INFO - Examining DAG run <DagRun capstone_dag @ 2019-11-16 01:52:26.697382+00:00: manual__2019-11-16T01:52:26.697382+00:00, externally triggered: True>
[2019-11-17 12:23:50,867] {scheduler_job.py:739} INFO - Number of active dag runs reached max_active_run.
[2019-11-17 12:23:50,881] {scheduler_job.py:429} INFO - Skipping SLA check for <DAG: capstone_dag> because no tasks in DAG have SLAs
[2019-11-17 12:23:50,886] {scheduler_job.py:152} INFO - Processing /Users/likejun/airflow/dags/capstone_dag.py took 0.077 seconds
[2019-11-17 12:24:32,916] {scheduler_job.py:146} INFO - Started process (PID=19300) to work on /Users/likejun/airflow/dags/capstone_dag.py
[2019-11-17 12:24:32,925] {scheduler_job.py:1520} INFO - Processing file /Users/likejun/airflow/dags/capstone_dag.py for tasks to queue
[2019-11-17 12:24:32,926] {logging_mixin.py:95} INFO - [2019-11-17 12:24:32,926] {dagbag.py:90} INFO - Filling up the DagBag from /Users/likejun/airflow/dags/capstone_dag.py
[2019-11-17 12:24:32,937] {scheduler_job.py:1532} INFO - DAG(s) dict_keys(['capstone_dag']) retrieved from /Users/likejun/airflow/dags/capstone_dag.py
[2019-11-17 12:24:32,962] {scheduler_job.py:1255} INFO - Processing capstone_dag
[2019-11-17 12:24:32,967] {scheduler_job.py:729} INFO - Examining DAG run <DagRun capstone_dag @ 2018-11-03 17:00:00+00:00: scheduled__2018-11-03T17:00:00+00:00, externally triggered: False>
[2019-11-17 12:24:32,979] {scheduler_job.py:729} INFO - Examining DAG run <DagRun capstone_dag @ 2019-11-16 01:52:26.697382+00:00: manual__2019-11-16T01:52:26.697382+00:00, externally triggered: True>
[2019-11-17 12:24:32,979] {scheduler_job.py:739} INFO - Number of active dag runs reached max_active_run.
[2019-11-17 12:24:32,995] {scheduler_job.py:429} INFO - Skipping SLA check for <DAG: capstone_dag> because no tasks in DAG have SLAs
[2019-11-17 12:24:32,998] {scheduler_job.py:1596} INFO - Creating / updating <TaskInstance: capstone_dag.Load_repositories_fact_table 2018-11-03 17:00:00+00:00 [scheduled]> in ORM
[2019-11-17 12:24:33,005] {scheduler_job.py:152} INFO - Processing /Users/likejun/airflow/dags/capstone_dag.py took 0.089 seconds
