[2019-11-17 21:59:29,842] {taskinstance.py:620} INFO - Dependencies all met for <TaskInstance: udacity_dag.Stage_dependencies 2007-10-29T02:00:00+00:00 [queued]>
[2019-11-17 21:59:29,847] {taskinstance.py:620} INFO - Dependencies all met for <TaskInstance: udacity_dag.Stage_dependencies 2007-10-29T02:00:00+00:00 [queued]>
[2019-11-17 21:59:29,847] {taskinstance.py:838} INFO - 
--------------------------------------------------------------------------------
[2019-11-17 21:59:29,847] {taskinstance.py:839} INFO - Starting attempt 1 of 4
[2019-11-17 21:59:29,847] {taskinstance.py:840} INFO - 
--------------------------------------------------------------------------------
[2019-11-17 21:59:29,852] {taskinstance.py:859} INFO - Executing <Task(StageToRedshiftOperator): Stage_dependencies> on 2007-10-29T02:00:00+00:00
[2019-11-17 21:59:29,853] {base_task_runner.py:133} INFO - Running: ['airflow', 'run', 'udacity_dag', 'Stage_dependencies', '2007-10-29T02:00:00+00:00', '--job_id', '286', '--pool', 'default_pool', '--raw', '-sd', 'DAGS_FOLDER/udacity_dag.py', '--cfg_path', '/var/folders/8q/nyxhvd6d55nfqjdbrybk6jpw0000gn/T/tmp3gfkwnlg']
[2019-11-17 21:59:30,494] {base_task_runner.py:115} INFO - Job 286: Subtask Stage_dependencies /Users/likejun/anaconda3/lib/python3.7/site-packages/psycopg2/__init__.py:144: UserWarning: The psycopg2 wheel package will be renamed from release 2.8; in order to keep installing from binary please use "pip install psycopg2-binary" instead. For details see: <http://initd.org/psycopg/docs/install.html#binary-install-from-pypi>.
[2019-11-17 21:59:30,495] {base_task_runner.py:115} INFO - Job 286: Subtask Stage_dependencies   """)
[2019-11-17 21:59:30,568] {base_task_runner.py:115} INFO - Job 286: Subtask Stage_dependencies [2019-11-17 21:59:30,568] {__init__.py:51} INFO - Using executor SequentialExecutor
[2019-11-17 21:59:30,842] {base_task_runner.py:115} INFO - Job 286: Subtask Stage_dependencies [2019-11-17 21:59:30,841] {dagbag.py:90} INFO - Filling up the DagBag from /Users/likejun/airflow/dags/udacity_dag.py
[2019-11-17 21:59:30,859] {base_task_runner.py:115} INFO - Job 286: Subtask Stage_dependencies [2019-11-17 21:59:30,859] {cli.py:516} INFO - Running <TaskInstance: udacity_dag.Stage_dependencies 2007-10-29T02:00:00+00:00 [running]> on host likejundeMacBook-Pro.local
[2019-11-17 21:59:30,866] {staging_redshift.py:33} INFO - StageToRedshiftOperator for staging_dependencies on 2007-10-29T02:00:00+00:00
[2019-11-17 21:59:30,873] {staging_redshift.py:44} INFO - copy command 
        COPY staging_dependencies FROM 's3://dend-capstone-lkj/dependencies-1.0.0-2017-06-15.csv'
        ACCESS_KEY_ID 'AKIA2ZJJD7TPQUMASLMS'
        SECRET_ACCESS_KEY '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'
        REGION 'us-west-2'
        IGNOREHEADER 1 CSV;
        
[2019-11-17 21:59:30,875] {logging_mixin.py:95} INFO - [[34m2019-11-17 21:59:30,875[0m] {[34mbase_hook.py:[0m84} INFO[0m - Using connection to: [1mid: redshift. Host: redshift-cluster.chjcdyihped1.us-west-2.redshift.amazonaws.com, Port: 5439, Schema: dev, Login: awsuser, Password: XXXXXXXX, extra: {}[0m[0m
[2019-11-17 21:59:36,636] {logging_mixin.py:95} INFO - [[34m2019-11-17 21:59:36,636[0m] {[34mdbapi_hook.py:[0m171} INFO[0m - 
        COPY staging_dependencies FROM 's3://dend-capstone-lkj/dependencies-1.0.0-2017-06-15.csv'
        ACCESS_KEY_ID 'AKIA2ZJJD7TPQUMASLMS'
        SECRET_ACCESS_KEY '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'
        REGION 'us-west-2'
        IGNOREHEADER 1 CSV;
        [0m
[2019-11-17 22:02:40,033] {staging_redshift.py:48} INFO - staging_dependencies loaded
[2019-11-17 22:02:40,067] {logging_mixin.py:95} INFO - [[34m2019-11-17 22:02:40,066[0m] {[34mlocal_task_job.py:[0m172} [33mWARNING[0m - [33mState of this instance has been externally set to [1msuccess[0m. Taking the poison pill.[0m
[2019-11-17 22:02:40,072] {helpers.py:307} INFO - Sending Signals.SIGTERM to GPID 8935
[2019-11-17 22:02:40,087] {helpers.py:285} INFO - Process psutil.Process(pid=8935, status='terminated') (8935) terminated with exit code -15
[2019-11-17 22:02:40,088] {logging_mixin.py:95} INFO - [[34m2019-11-17 22:02:40,088[0m] {[34mlocal_task_job.py:[0m105} INFO[0m - Task exited with return code 0[0m
