[2019-11-17 22:05:38,877] {taskinstance.py:620} INFO - Dependencies all met for <TaskInstance: udacity_dag.Load_dependencies_dim_table 2007-10-29T02:00:00+00:00 [queued]>
[2019-11-17 22:05:38,883] {taskinstance.py:620} INFO - Dependencies all met for <TaskInstance: udacity_dag.Load_dependencies_dim_table 2007-10-29T02:00:00+00:00 [queued]>
[2019-11-17 22:05:38,883] {taskinstance.py:838} INFO - 
--------------------------------------------------------------------------------
[2019-11-17 22:05:38,883] {taskinstance.py:839} INFO - Starting attempt 1 of 4
[2019-11-17 22:05:38,883] {taskinstance.py:840} INFO - 
--------------------------------------------------------------------------------
[2019-11-17 22:05:38,890] {taskinstance.py:859} INFO - Executing <Task(LoadDimensionOperator): Load_dependencies_dim_table> on 2007-10-29T02:00:00+00:00
[2019-11-17 22:05:38,891] {base_task_runner.py:133} INFO - Running: ['airflow', 'run', 'udacity_dag', 'Load_dependencies_dim_table', '2007-10-29T02:00:00+00:00', '--job_id', '291', '--pool', 'default_pool', '--raw', '-sd', 'DAGS_FOLDER/udacity_dag.py', '--cfg_path', '/var/folders/8q/nyxhvd6d55nfqjdbrybk6jpw0000gn/T/tmpn82jcop7']
[2019-11-17 22:05:39,530] {base_task_runner.py:115} INFO - Job 291: Subtask Load_dependencies_dim_table /Users/likejun/anaconda3/lib/python3.7/site-packages/psycopg2/__init__.py:144: UserWarning: The psycopg2 wheel package will be renamed from release 2.8; in order to keep installing from binary please use "pip install psycopg2-binary" instead. For details see: <http://initd.org/psycopg/docs/install.html#binary-install-from-pypi>.
[2019-11-17 22:05:39,531] {base_task_runner.py:115} INFO - Job 291: Subtask Load_dependencies_dim_table   """)
[2019-11-17 22:05:39,605] {base_task_runner.py:115} INFO - Job 291: Subtask Load_dependencies_dim_table [2019-11-17 22:05:39,605] {__init__.py:51} INFO - Using executor SequentialExecutor
[2019-11-17 22:05:39,879] {base_task_runner.py:115} INFO - Job 291: Subtask Load_dependencies_dim_table [2019-11-17 22:05:39,878] {dagbag.py:90} INFO - Filling up the DagBag from /Users/likejun/airflow/dags/udacity_dag.py
[2019-11-17 22:05:39,896] {base_task_runner.py:115} INFO - Job 291: Subtask Load_dependencies_dim_table [2019-11-17 22:05:39,896] {cli.py:516} INFO - Running <TaskInstance: udacity_dag.Load_dependencies_dim_table 2007-10-29T02:00:00+00:00 [running]> on host likejundeMacBook-Pro.local
[2019-11-17 22:05:39,903] {load_dimensions.py:23} INFO - LoadDimensionOperator for dependency_dim
[2019-11-17 22:05:39,908] {logging_mixin.py:95} INFO - [[34m2019-11-17 22:05:39,907[0m] {[34mbase_hook.py:[0m84} INFO[0m - Using connection to: [1mid: redshift. Host: redshift-cluster.chjcdyihped1.us-west-2.redshift.amazonaws.com, Port: 5439, Schema: dev, Login: awsuser, Password: XXXXXXXX, extra: {}[0m[0m
[2019-11-17 22:05:42,648] {logging_mixin.py:95} INFO - [[34m2019-11-17 22:05:42,648[0m] {[34mdbapi_hook.py:[0m171} INFO[0m - DELETE FROM dependency_dim[0m
[2019-11-17 22:05:44,409] {logging_mixin.py:95} INFO - [[34m2019-11-17 22:05:44,409[0m] {[34mbase_hook.py:[0m84} INFO[0m - Using connection to: [1mid: redshift. Host: redshift-cluster.chjcdyihped1.us-west-2.redshift.amazonaws.com, Port: 5439, Schema: dev, Login: awsuser, Password: XXXXXXXX, extra: {}[0m[0m
[2019-11-17 22:05:46,530] {logging_mixin.py:95} INFO - [[34m2019-11-17 22:05:46,530[0m] {[34mdbapi_hook.py:[0m171} INFO[0m - 
    INSERT into dependency_dim
        (SELECT
            id AS dependency_id,
            "Dependency Name" AS dependency_name,
            "Dependency Platform" AS dependency_platform,
            "Dependency Kind" AS dependency_kind
        FROM staging_dependencies)
    [0m
[2019-11-17 22:06:41,209] {load_dimensions.py:41} INFO - inserted into dependency_dim
[2019-11-17 22:06:43,947] {logging_mixin.py:95} INFO - [[34m2019-11-17 22:06:43,946[0m] {[34mlocal_task_job.py:[0m105} INFO[0m - Task exited with return code 0[0m
