[2019-11-17 22:18:28,105] {taskinstance.py:620} INFO - Dependencies all met for <TaskInstance: udacity_dag.Load_dependencies_dim_table 2007-10-30T00:00:00+00:00 [queued]>
[2019-11-17 22:18:28,109] {taskinstance.py:620} INFO - Dependencies all met for <TaskInstance: udacity_dag.Load_dependencies_dim_table 2007-10-30T00:00:00+00:00 [queued]>
[2019-11-17 22:18:28,109] {taskinstance.py:838} INFO - 
--------------------------------------------------------------------------------
[2019-11-17 22:18:28,109] {taskinstance.py:839} INFO - Starting attempt 1 of 4
[2019-11-17 22:18:28,109] {taskinstance.py:840} INFO - 
--------------------------------------------------------------------------------
[2019-11-17 22:18:28,114] {taskinstance.py:859} INFO - Executing <Task(LoadDimensionOperator): Load_dependencies_dim_table> on 2007-10-30T00:00:00+00:00
[2019-11-17 22:18:28,114] {base_task_runner.py:133} INFO - Running: ['airflow', 'run', 'udacity_dag', 'Load_dependencies_dim_table', '2007-10-30T00:00:00+00:00', '--job_id', '302', '--pool', 'default_pool', '--raw', '-sd', 'DAGS_FOLDER/udacity_dag.py', '--cfg_path', '/var/folders/8q/nyxhvd6d55nfqjdbrybk6jpw0000gn/T/tmpfl0ad9wl']
[2019-11-17 22:18:28,767] {base_task_runner.py:115} INFO - Job 302: Subtask Load_dependencies_dim_table /Users/likejun/anaconda3/lib/python3.7/site-packages/psycopg2/__init__.py:144: UserWarning: The psycopg2 wheel package will be renamed from release 2.8; in order to keep installing from binary please use "pip install psycopg2-binary" instead. For details see: <http://initd.org/psycopg/docs/install.html#binary-install-from-pypi>.
[2019-11-17 22:18:28,768] {base_task_runner.py:115} INFO - Job 302: Subtask Load_dependencies_dim_table   """)
[2019-11-17 22:18:28,838] {base_task_runner.py:115} INFO - Job 302: Subtask Load_dependencies_dim_table [2019-11-17 22:18:28,838] {__init__.py:51} INFO - Using executor SequentialExecutor
[2019-11-17 22:18:29,110] {base_task_runner.py:115} INFO - Job 302: Subtask Load_dependencies_dim_table [2019-11-17 22:18:29,110] {dagbag.py:90} INFO - Filling up the DagBag from /Users/likejun/airflow/dags/udacity_dag.py
[2019-11-17 22:18:29,123] {base_task_runner.py:115} INFO - Job 302: Subtask Load_dependencies_dim_table [2019-11-17 22:18:29,122] {cli.py:516} INFO - Running <TaskInstance: udacity_dag.Load_dependencies_dim_table 2007-10-30T00:00:00+00:00 [running]> on host likejundeMacBook-Pro.local
[2019-11-17 22:18:29,129] {load_dimensions.py:23} INFO - LoadDimensionOperator for dependency_dim
[2019-11-17 22:18:29,133] {logging_mixin.py:95} INFO - [[34m2019-11-17 22:18:29,133[0m] {[34mbase_hook.py:[0m84} INFO[0m - Using connection to: [1mid: redshift. Host: redshift-cluster.chjcdyihped1.us-west-2.redshift.amazonaws.com, Port: 5439, Schema: dev, Login: awsuser, Password: XXXXXXXX, extra: {}[0m[0m
[2019-11-17 22:18:31,707] {logging_mixin.py:95} INFO - [[34m2019-11-17 22:18:31,707[0m] {[34mdbapi_hook.py:[0m171} INFO[0m - DELETE FROM dependency_dim[0m
[2019-11-17 22:18:33,876] {logging_mixin.py:95} INFO - [[34m2019-11-17 22:18:33,875[0m] {[34mbase_hook.py:[0m84} INFO[0m - Using connection to: [1mid: redshift. Host: redshift-cluster.chjcdyihped1.us-west-2.redshift.amazonaws.com, Port: 5439, Schema: dev, Login: awsuser, Password: XXXXXXXX, extra: {}[0m[0m
[2019-11-17 22:18:36,678] {logging_mixin.py:95} INFO - [[34m2019-11-17 22:18:36,678[0m] {[34mdbapi_hook.py:[0m171} INFO[0m - 
    INSERT into dependency_dim
        (SELECT
            id AS dependency_id,
            "Dependency Name" AS dependency_name,
            "Dependency Platform" AS dependency_platform,
            "Dependency Kind" AS dependency_kind
        FROM staging_dependencies)
    [0m
[2019-11-17 22:19:40,719] {load_dimensions.py:41} INFO - inserted into dependency_dim
[2019-11-17 22:19:43,191] {logging_mixin.py:95} INFO - [[34m2019-11-17 22:19:43,191[0m] {[34mlocal_task_job.py:[0m105} INFO[0m - Task exited with return code 0[0m
