[2019-11-17 14:17:17,992] {taskinstance.py:620} INFO - Dependencies all met for <TaskInstance: dend_dag.Stage_versions 2018-11-03T01:00:00+00:00 [queued]>
[2019-11-17 14:17:17,996] {taskinstance.py:620} INFO - Dependencies all met for <TaskInstance: dend_dag.Stage_versions 2018-11-03T01:00:00+00:00 [queued]>
[2019-11-17 14:17:17,997] {taskinstance.py:838} INFO - 
--------------------------------------------------------------------------------
[2019-11-17 14:17:17,997] {taskinstance.py:839} INFO - Starting attempt 1 of 4
[2019-11-17 14:17:17,997] {taskinstance.py:840} INFO - 
--------------------------------------------------------------------------------
[2019-11-17 14:17:18,002] {taskinstance.py:859} INFO - Executing <Task(StageToRedshiftOperator): Stage_versions> on 2018-11-03T01:00:00+00:00
[2019-11-17 14:17:18,002] {base_task_runner.py:133} INFO - Running: ['airflow', 'run', 'dend_dag', 'Stage_versions', '2018-11-03T01:00:00+00:00', '--job_id', '234', '--pool', 'default_pool', '--raw', '-sd', 'DAGS_FOLDER/dend_dag.py', '--cfg_path', '/var/folders/8q/nyxhvd6d55nfqjdbrybk6jpw0000gn/T/tmpjs2soltt']
[2019-11-17 14:17:18,730] {base_task_runner.py:115} INFO - Job 234: Subtask Stage_versions /Users/likejun/anaconda3/lib/python3.7/site-packages/psycopg2/__init__.py:144: UserWarning: The psycopg2 wheel package will be renamed from release 2.8; in order to keep installing from binary please use "pip install psycopg2-binary" instead. For details see: <http://initd.org/psycopg/docs/install.html#binary-install-from-pypi>.
[2019-11-17 14:17:18,730] {base_task_runner.py:115} INFO - Job 234: Subtask Stage_versions   """)
[2019-11-17 14:17:18,812] {base_task_runner.py:115} INFO - Job 234: Subtask Stage_versions [2019-11-17 14:17:18,812] {__init__.py:51} INFO - Using executor SequentialExecutor
[2019-11-17 14:17:19,128] {base_task_runner.py:115} INFO - Job 234: Subtask Stage_versions [2019-11-17 14:17:19,128] {dagbag.py:90} INFO - Filling up the DagBag from /Users/likejun/airflow/dags/dend_dag.py
[2019-11-17 14:17:19,141] {base_task_runner.py:115} INFO - Job 234: Subtask Stage_versions [2019-11-17 14:17:19,141] {cli.py:516} INFO - Running <TaskInstance: dend_dag.Stage_versions 2018-11-03T01:00:00+00:00 [running]> on host likejundeMacBook-Pro.local
[2019-11-17 14:17:19,147] {staging_redshift.py:33} INFO - StageToRedshiftOperator for staging_versions on 2018-11-03T01:00:00+00:00
[2019-11-17 14:17:19,154] {staging_redshift.py:44} INFO - copy command 
        COPY staging_versions FROM 's3://dend-capstone-lkj/versions.json'
        ACCESS_KEY_ID 'AKIA2ZJJD7TPQUMASLMS'
        SECRET_ACCESS_KEY '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'
        REGION 'us-west-2'
        JSON 'auto';
        
[2019-11-17 14:17:19,156] {logging_mixin.py:95} INFO - [[34m2019-11-17 14:17:19,156[0m] {[34mbase_hook.py:[0m84} INFO[0m - Using connection to: [1mid: redshift. Host: redshift-cluster.chjcdyihped1.us-west-2.redshift.amazonaws.com, Port: 5439, Schema: dev, Login: awsuser, Password: XXXXXXXX, extra: {}[0m[0m
[2019-11-17 14:21:41,958] {taskinstance.py:1051} ERROR - could not receive data from server: Operation timed out
Traceback (most recent call last):
  File "/Users/likejun/anaconda3/lib/python3.7/site-packages/airflow/models/taskinstance.py", line 926, in _run_raw_task
    result = task_copy.execute(context=context)
  File "/Users/likejun/airflow/plugins/operators/staging_redshift.py", line 47, in execute
    pg_hook.run(copy_stmt)
  File "/Users/likejun/anaconda3/lib/python3.7/site-packages/airflow/hooks/dbapi_hook.py", line 159, in run
    with closing(self.get_conn()) as conn:
  File "/Users/likejun/anaconda3/lib/python3.7/site-packages/airflow/hooks/postgres_hook.py", line 75, in get_conn
    self.conn = psycopg2.connect(**conn_args)
  File "/Users/likejun/anaconda3/lib/python3.7/site-packages/psycopg2/__init__.py", line 130, in connect
    conn = _connect(dsn, connection_factory=connection_factory, **kwasync)
psycopg2.DatabaseError: could not receive data from server: Operation timed out

[2019-11-17 14:21:41,961] {taskinstance.py:1074} INFO - Marking task as UP_FOR_RETRY
[2019-11-17 14:21:41,973] {base_task_runner.py:115} INFO - Job 234: Subtask Stage_versions Traceback (most recent call last):
[2019-11-17 14:21:41,973] {base_task_runner.py:115} INFO - Job 234: Subtask Stage_versions   File "/Users/likejun/anaconda3/bin/airflow", line 32, in <module>
[2019-11-17 14:21:41,973] {base_task_runner.py:115} INFO - Job 234: Subtask Stage_versions     args.func(args)
[2019-11-17 14:21:41,973] {base_task_runner.py:115} INFO - Job 234: Subtask Stage_versions   File "/Users/likejun/anaconda3/lib/python3.7/site-packages/airflow/utils/cli.py", line 74, in wrapper
[2019-11-17 14:21:41,974] {base_task_runner.py:115} INFO - Job 234: Subtask Stage_versions     return f(*args, **kwargs)
[2019-11-17 14:21:41,974] {base_task_runner.py:115} INFO - Job 234: Subtask Stage_versions   File "/Users/likejun/anaconda3/lib/python3.7/site-packages/airflow/bin/cli.py", line 522, in run
[2019-11-17 14:21:41,974] {base_task_runner.py:115} INFO - Job 234: Subtask Stage_versions     _run(args, dag, ti)
[2019-11-17 14:21:41,974] {base_task_runner.py:115} INFO - Job 234: Subtask Stage_versions   File "/Users/likejun/anaconda3/lib/python3.7/site-packages/airflow/bin/cli.py", line 440, in _run
[2019-11-17 14:21:41,974] {base_task_runner.py:115} INFO - Job 234: Subtask Stage_versions     pool=args.pool,
[2019-11-17 14:21:41,974] {base_task_runner.py:115} INFO - Job 234: Subtask Stage_versions   File "/Users/likejun/anaconda3/lib/python3.7/site-packages/airflow/utils/db.py", line 74, in wrapper
[2019-11-17 14:21:41,974] {base_task_runner.py:115} INFO - Job 234: Subtask Stage_versions     return func(*args, **kwargs)
[2019-11-17 14:21:41,974] {base_task_runner.py:115} INFO - Job 234: Subtask Stage_versions   File "/Users/likejun/anaconda3/lib/python3.7/site-packages/airflow/models/taskinstance.py", line 926, in _run_raw_task
[2019-11-17 14:21:41,974] {base_task_runner.py:115} INFO - Job 234: Subtask Stage_versions     result = task_copy.execute(context=context)
[2019-11-17 14:21:41,974] {base_task_runner.py:115} INFO - Job 234: Subtask Stage_versions   File "/Users/likejun/airflow/plugins/operators/staging_redshift.py", line 47, in execute
[2019-11-17 14:21:41,974] {base_task_runner.py:115} INFO - Job 234: Subtask Stage_versions     pg_hook.run(copy_stmt)
[2019-11-17 14:21:41,974] {base_task_runner.py:115} INFO - Job 234: Subtask Stage_versions   File "/Users/likejun/anaconda3/lib/python3.7/site-packages/airflow/hooks/dbapi_hook.py", line 159, in run
[2019-11-17 14:21:41,974] {base_task_runner.py:115} INFO - Job 234: Subtask Stage_versions     with closing(self.get_conn()) as conn:
[2019-11-17 14:21:41,974] {base_task_runner.py:115} INFO - Job 234: Subtask Stage_versions   File "/Users/likejun/anaconda3/lib/python3.7/site-packages/airflow/hooks/postgres_hook.py", line 75, in get_conn
[2019-11-17 14:21:41,974] {base_task_runner.py:115} INFO - Job 234: Subtask Stage_versions     self.conn = psycopg2.connect(**conn_args)
[2019-11-17 14:21:41,974] {base_task_runner.py:115} INFO - Job 234: Subtask Stage_versions   File "/Users/likejun/anaconda3/lib/python3.7/site-packages/psycopg2/__init__.py", line 130, in connect
[2019-11-17 14:21:41,974] {base_task_runner.py:115} INFO - Job 234: Subtask Stage_versions     conn = _connect(dsn, connection_factory=connection_factory, **kwasync)
[2019-11-17 14:21:41,974] {base_task_runner.py:115} INFO - Job 234: Subtask Stage_versions psycopg2.DatabaseError: could not receive data from server: Operation timed out
[2019-11-17 14:21:41,975] {base_task_runner.py:115} INFO - Job 234: Subtask Stage_versions 
[2019-11-17 14:21:43,340] {logging_mixin.py:95} INFO - [[34m2019-11-17 14:21:43,340[0m] {[34mlocal_task_job.py:[0m105} INFO[0m - Task exited with return code 1[0m
