[2019-11-17 21:41:22,327] {taskinstance.py:620} INFO - Dependencies all met for <TaskInstance: udacity_dag.Run_data_quality_checks 2007-10-29T00:00:00+00:00 [queued]>
[2019-11-17 21:41:22,332] {taskinstance.py:620} INFO - Dependencies all met for <TaskInstance: udacity_dag.Run_data_quality_checks 2007-10-29T00:00:00+00:00 [queued]>
[2019-11-17 21:41:22,332] {taskinstance.py:838} INFO - 
--------------------------------------------------------------------------------
[2019-11-17 21:41:22,332] {taskinstance.py:839} INFO - Starting attempt 1 of 4
[2019-11-17 21:41:22,332] {taskinstance.py:840} INFO - 
--------------------------------------------------------------------------------
[2019-11-17 21:41:22,337] {taskinstance.py:859} INFO - Executing <Task(QualityCheckOperator): Run_data_quality_checks> on 2007-10-29T00:00:00+00:00
[2019-11-17 21:41:22,337] {base_task_runner.py:133} INFO - Running: ['airflow', 'run', 'udacity_dag', 'Run_data_quality_checks', '2007-10-29T00:00:00+00:00', '--job_id', '271', '--pool', 'default_pool', '--raw', '-sd', 'DAGS_FOLDER/udacity_dag.py', '--cfg_path', '/var/folders/8q/nyxhvd6d55nfqjdbrybk6jpw0000gn/T/tmpu8hvo8yp']
[2019-11-17 21:41:23,010] {base_task_runner.py:115} INFO - Job 271: Subtask Run_data_quality_checks /Users/likejun/anaconda3/lib/python3.7/site-packages/psycopg2/__init__.py:144: UserWarning: The psycopg2 wheel package will be renamed from release 2.8; in order to keep installing from binary please use "pip install psycopg2-binary" instead. For details see: <http://initd.org/psycopg/docs/install.html#binary-install-from-pypi>.
[2019-11-17 21:41:23,010] {base_task_runner.py:115} INFO - Job 271: Subtask Run_data_quality_checks   """)
[2019-11-17 21:41:23,084] {base_task_runner.py:115} INFO - Job 271: Subtask Run_data_quality_checks [2019-11-17 21:41:23,084] {__init__.py:51} INFO - Using executor SequentialExecutor
[2019-11-17 21:41:23,361] {base_task_runner.py:115} INFO - Job 271: Subtask Run_data_quality_checks [2019-11-17 21:41:23,360] {dagbag.py:90} INFO - Filling up the DagBag from /Users/likejun/airflow/dags/udacity_dag.py
[2019-11-17 21:41:23,373] {base_task_runner.py:115} INFO - Job 271: Subtask Run_data_quality_checks [2019-11-17 21:41:23,373] {cli.py:516} INFO - Running <TaskInstance: udacity_dag.Run_data_quality_checks 2007-10-29T00:00:00+00:00 [running]> on host likejundeMacBook-Pro.local
[2019-11-17 21:41:23,380] {quality_check.py:20} INFO - QualityCheckOperator for ['staging_versions', 'staging_dependencies', 'staging_projects', 'repository_fact', 'version_dim', 'dependency_dim', 'project_dim', 'time_dim']
[2019-11-17 21:41:23,384] {logging_mixin.py:95} INFO - [[34m2019-11-17 21:41:23,384[0m] {[34mbase_hook.py:[0m84} INFO[0m - Using connection to: [1mid: redshift. Host: redshift-cluster.chjcdyihped1.us-west-2.redshift.amazonaws.com, Port: 5439, Schema: dev, Login: awsuser, Password: XXXXXXXX, extra: {}[0m[0m
[2019-11-17 21:41:28,544] {quality_check.py:29} INFO - data quality check on staging_versions check passed with 36092420 records
[2019-11-17 21:41:28,548] {logging_mixin.py:95} INFO - [[34m2019-11-17 21:41:28,548[0m] {[34mbase_hook.py:[0m84} INFO[0m - Using connection to: [1mid: redshift. Host: redshift-cluster.chjcdyihped1.us-west-2.redshift.amazonaws.com, Port: 5439, Schema: dev, Login: awsuser, Password: XXXXXXXX, extra: {}[0m[0m
[2019-11-17 21:41:32,755] {quality_check.py:29} INFO - data quality check on staging_dependencies check passed with 204959944 records
[2019-11-17 21:41:32,760] {logging_mixin.py:95} INFO - [[34m2019-11-17 21:41:32,759[0m] {[34mbase_hook.py:[0m84} INFO[0m - Using connection to: [1mid: redshift. Host: redshift-cluster.chjcdyihped1.us-west-2.redshift.amazonaws.com, Port: 5439, Schema: dev, Login: awsuser, Password: XXXXXXXX, extra: {}[0m[0m
[2019-11-17 21:41:35,981] {quality_check.py:29} INFO - data quality check on staging_projects check passed with 8861004 records
[2019-11-17 21:41:35,986] {logging_mixin.py:95} INFO - [[34m2019-11-17 21:41:35,985[0m] {[34mbase_hook.py:[0m84} INFO[0m - Using connection to: [1mid: redshift. Host: redshift-cluster.chjcdyihped1.us-west-2.redshift.amazonaws.com, Port: 5439, Schema: dev, Login: awsuser, Password: XXXXXXXX, extra: {}[0m[0m
[2019-11-17 21:41:40,213] {quality_check.py:29} INFO - data quality check on repository_fact check passed with 33088 records
[2019-11-17 21:41:40,215] {logging_mixin.py:95} INFO - [[34m2019-11-17 21:41:40,215[0m] {[34mbase_hook.py:[0m84} INFO[0m - Using connection to: [1mid: redshift. Host: redshift-cluster.chjcdyihped1.us-west-2.redshift.amazonaws.com, Port: 5439, Schema: dev, Login: awsuser, Password: XXXXXXXX, extra: {}[0m[0m
[2019-11-17 21:41:46,904] {quality_check.py:29} INFO - data quality check on version_dim check passed with 736 records
[2019-11-17 21:41:46,909] {logging_mixin.py:95} INFO - [[34m2019-11-17 21:41:46,908[0m] {[34mbase_hook.py:[0m84} INFO[0m - Using connection to: [1mid: redshift. Host: redshift-cluster.chjcdyihped1.us-west-2.redshift.amazonaws.com, Port: 5439, Schema: dev, Login: awsuser, Password: XXXXXXXX, extra: {}[0m[0m
[2019-11-17 21:41:55,573] {quality_check.py:29} INFO - data quality check on dependency_dim check passed with 204959944 records
[2019-11-17 21:41:55,577] {logging_mixin.py:95} INFO - [[34m2019-11-17 21:41:55,577[0m] {[34mbase_hook.py:[0m84} INFO[0m - Using connection to: [1mid: redshift. Host: redshift-cluster.chjcdyihped1.us-west-2.redshift.amazonaws.com, Port: 5439, Schema: dev, Login: awsuser, Password: XXXXXXXX, extra: {}[0m[0m
[2019-11-17 21:42:00,207] {quality_check.py:29} INFO - data quality check on project_dim check passed with 76 records
[2019-11-17 21:42:00,213] {logging_mixin.py:95} INFO - [[34m2019-11-17 21:42:00,213[0m] {[34mbase_hook.py:[0m84} INFO[0m - Using connection to: [1mid: redshift. Host: redshift-cluster.chjcdyihped1.us-west-2.redshift.amazonaws.com, Port: 5439, Schema: dev, Login: awsuser, Password: XXXXXXXX, extra: {}[0m[0m
[2019-11-17 21:42:07,707] {quality_check.py:29} INFO - data quality check on time_dim check passed with 76 records
[2019-11-17 21:42:12,371] {logging_mixin.py:95} INFO - [[34m2019-11-17 21:42:12,371[0m] {[34mlocal_task_job.py:[0m105} INFO[0m - Task exited with return code 0[0m
