[2019-11-03 11:19:03,120] {taskinstance.py:620} INFO - Dependencies all met for <TaskInstance: capstone_dag.Stage_stars 2018-11-03T02:00:00+00:00 [queued]>
[2019-11-03 11:19:03,124] {taskinstance.py:620} INFO - Dependencies all met for <TaskInstance: capstone_dag.Stage_stars 2018-11-03T02:00:00+00:00 [queued]>
[2019-11-03 11:19:03,124] {taskinstance.py:838} INFO - 
--------------------------------------------------------------------------------
[2019-11-03 11:19:03,124] {taskinstance.py:839} INFO - Starting attempt 1 of 4
[2019-11-03 11:19:03,124] {taskinstance.py:840} INFO - 
--------------------------------------------------------------------------------
[2019-11-03 11:19:03,129] {taskinstance.py:859} INFO - Executing <Task(StageToRedshiftOperator): Stage_stars> on 2018-11-03T02:00:00+00:00
[2019-11-03 11:19:03,129] {base_task_runner.py:133} INFO - Running: ['airflow', 'run', 'capstone_dag', 'Stage_stars', '2018-11-03T02:00:00+00:00', '--job_id', '45', '--pool', 'default_pool', '--raw', '-sd', 'DAGS_FOLDER/capstone_dag.py', '--cfg_path', '/var/folders/8q/nyxhvd6d55nfqjdbrybk6jpw0000gn/T/tmpnwq997f_']
[2019-11-03 11:19:03,792] {base_task_runner.py:115} INFO - Job 45: Subtask Stage_stars /Users/likejun/anaconda3/lib/python3.7/site-packages/psycopg2/__init__.py:144: UserWarning: The psycopg2 wheel package will be renamed from release 2.8; in order to keep installing from binary please use "pip install psycopg2-binary" instead. For details see: <http://initd.org/psycopg/docs/install.html#binary-install-from-pypi>.
[2019-11-03 11:19:03,792] {base_task_runner.py:115} INFO - Job 45: Subtask Stage_stars   """)
[2019-11-03 11:19:03,869] {base_task_runner.py:115} INFO - Job 45: Subtask Stage_stars [2019-11-03 11:19:03,868] {__init__.py:51} INFO - Using executor SequentialExecutor
[2019-11-03 11:19:04,149] {base_task_runner.py:115} INFO - Job 45: Subtask Stage_stars [2019-11-03 11:19:04,149] {dagbag.py:90} INFO - Filling up the DagBag from /Users/likejun/airflow/dags/capstone_dag.py
[2019-11-03 11:19:04,162] {base_task_runner.py:115} INFO - Job 45: Subtask Stage_stars [2019-11-03 11:19:04,162] {cli.py:516} INFO - Running <TaskInstance: capstone_dag.Stage_stars 2018-11-03T02:00:00+00:00 [running]> on host likejundeMacBook-Pro.local
[2019-11-03 11:19:04,168] {staging_redshift.py:33} INFO - StageToRedshiftOperator for staging_stars on 2018-11-03T02:00:00+00:00
[2019-11-03 11:19:04,175] {staging_redshift.py:44} INFO - copy command 
        COPY staging_stars FROM 's3://dend-capstone-lkj/star.json'
        ACCESS_KEY_ID 'AKIA2ZJJD7TPQUMASLMS'
        SECRET_ACCESS_KEY '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'
        REGION 'us-west-2'
        JSON 'auto';
        
[2019-11-03 11:19:04,176] {logging_mixin.py:95} INFO - [[34m2019-11-03 11:19:04,176[0m] {[34mbase_hook.py:[0m84} INFO[0m - Using connection to: [1mid: redshift. Host: redshift-cluster.chjcdyihped1.us-west-2.redshift.amazonaws.com, Port: 5439, Schema: dev, Login: awsuser, Password: XXXXXXXX, extra: {}[0m[0m
[2019-11-03 11:19:06,383] {logging_mixin.py:95} INFO - [[34m2019-11-03 11:19:06,383[0m] {[34mdbapi_hook.py:[0m171} INFO[0m - 
        COPY staging_stars FROM 's3://dend-capstone-lkj/star.json'
        ACCESS_KEY_ID 'AKIA2ZJJD7TPQUMASLMS'
        SECRET_ACCESS_KEY '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'
        REGION 'us-west-2'
        JSON 'auto';
        [0m
[2019-11-03 11:19:08,748] {taskinstance.py:1051} ERROR - Load into table 'staging_stars' failed.  Check 'stl_load_errors' system table for details.
Traceback (most recent call last):
  File "/Users/likejun/anaconda3/lib/python3.7/site-packages/airflow/models/taskinstance.py", line 926, in _run_raw_task
    result = task_copy.execute(context=context)
  File "/Users/likejun/airflow/plugins/operators/staging_redshift.py", line 47, in execute
    pg_hook.run(copy_stmt)
  File "/Users/likejun/anaconda3/lib/python3.7/site-packages/airflow/hooks/dbapi_hook.py", line 172, in run
    cur.execute(s)
psycopg2.InternalError: Load into table 'staging_stars' failed.  Check 'stl_load_errors' system table for details.

[2019-11-03 11:19:08,750] {taskinstance.py:1074} INFO - Marking task as UP_FOR_RETRY
[2019-11-03 11:19:08,763] {base_task_runner.py:115} INFO - Job 45: Subtask Stage_stars Traceback (most recent call last):
[2019-11-03 11:19:08,763] {base_task_runner.py:115} INFO - Job 45: Subtask Stage_stars   File "/Users/likejun/anaconda3/bin/airflow", line 32, in <module>
[2019-11-03 11:19:08,763] {base_task_runner.py:115} INFO - Job 45: Subtask Stage_stars     args.func(args)
[2019-11-03 11:19:08,763] {base_task_runner.py:115} INFO - Job 45: Subtask Stage_stars   File "/Users/likejun/anaconda3/lib/python3.7/site-packages/airflow/utils/cli.py", line 74, in wrapper
[2019-11-03 11:19:08,763] {base_task_runner.py:115} INFO - Job 45: Subtask Stage_stars     return f(*args, **kwargs)
[2019-11-03 11:19:08,763] {base_task_runner.py:115} INFO - Job 45: Subtask Stage_stars   File "/Users/likejun/anaconda3/lib/python3.7/site-packages/airflow/bin/cli.py", line 522, in run
[2019-11-03 11:19:08,763] {base_task_runner.py:115} INFO - Job 45: Subtask Stage_stars     _run(args, dag, ti)
[2019-11-03 11:19:08,763] {base_task_runner.py:115} INFO - Job 45: Subtask Stage_stars   File "/Users/likejun/anaconda3/lib/python3.7/site-packages/airflow/bin/cli.py", line 440, in _run
[2019-11-03 11:19:08,763] {base_task_runner.py:115} INFO - Job 45: Subtask Stage_stars     pool=args.pool,
[2019-11-03 11:19:08,763] {base_task_runner.py:115} INFO - Job 45: Subtask Stage_stars   File "/Users/likejun/anaconda3/lib/python3.7/site-packages/airflow/utils/db.py", line 74, in wrapper
[2019-11-03 11:19:08,763] {base_task_runner.py:115} INFO - Job 45: Subtask Stage_stars     return func(*args, **kwargs)
[2019-11-03 11:19:08,763] {base_task_runner.py:115} INFO - Job 45: Subtask Stage_stars   File "/Users/likejun/anaconda3/lib/python3.7/site-packages/airflow/models/taskinstance.py", line 926, in _run_raw_task
[2019-11-03 11:19:08,763] {base_task_runner.py:115} INFO - Job 45: Subtask Stage_stars     result = task_copy.execute(context=context)
[2019-11-03 11:19:08,764] {base_task_runner.py:115} INFO - Job 45: Subtask Stage_stars   File "/Users/likejun/airflow/plugins/operators/staging_redshift.py", line 47, in execute
[2019-11-03 11:19:08,764] {base_task_runner.py:115} INFO - Job 45: Subtask Stage_stars     pg_hook.run(copy_stmt)
[2019-11-03 11:19:08,764] {base_task_runner.py:115} INFO - Job 45: Subtask Stage_stars   File "/Users/likejun/anaconda3/lib/python3.7/site-packages/airflow/hooks/dbapi_hook.py", line 172, in run
[2019-11-03 11:19:08,764] {base_task_runner.py:115} INFO - Job 45: Subtask Stage_stars     cur.execute(s)
[2019-11-03 11:19:08,764] {base_task_runner.py:115} INFO - Job 45: Subtask Stage_stars psycopg2.InternalError: Load into table 'staging_stars' failed.  Check 'stl_load_errors' system table for details.
[2019-11-03 11:19:08,764] {base_task_runner.py:115} INFO - Job 45: Subtask Stage_stars 
[2019-11-03 11:19:13,129] {logging_mixin.py:95} INFO - [[34m2019-11-03 11:19:13,128[0m] {[34mlocal_task_job.py:[0m105} INFO[0m - Task exited with return code 1[0m
