[2019-11-17 12:49:47,806] {taskinstance.py:620} INFO - Dependencies all met for <TaskInstance: dend_dag.Stage_versions 2018-11-03T00:00:00+00:00 [queued]>
[2019-11-17 12:49:47,812] {taskinstance.py:620} INFO - Dependencies all met for <TaskInstance: dend_dag.Stage_versions 2018-11-03T00:00:00+00:00 [queued]>
[2019-11-17 12:49:47,812] {taskinstance.py:838} INFO - 
--------------------------------------------------------------------------------
[2019-11-17 12:49:47,812] {taskinstance.py:839} INFO - Starting attempt 1 of 4
[2019-11-17 12:49:47,812] {taskinstance.py:840} INFO - 
--------------------------------------------------------------------------------
[2019-11-17 12:49:47,816] {taskinstance.py:859} INFO - Executing <Task(StageToRedshiftOperator): Stage_versions> on 2018-11-03T00:00:00+00:00
[2019-11-17 12:49:47,817] {base_task_runner.py:133} INFO - Running: ['airflow', 'run', 'dend_dag', 'Stage_versions', '2018-11-03T00:00:00+00:00', '--job_id', '225', '--pool', 'default_pool', '--raw', '-sd', 'DAGS_FOLDER/dend_dag.py', '--cfg_path', '/var/folders/8q/nyxhvd6d55nfqjdbrybk6jpw0000gn/T/tmp7mm62ein']
[2019-11-17 12:49:48,545] {base_task_runner.py:115} INFO - Job 225: Subtask Stage_versions /Users/likejun/anaconda3/lib/python3.7/site-packages/psycopg2/__init__.py:144: UserWarning: The psycopg2 wheel package will be renamed from release 2.8; in order to keep installing from binary please use "pip install psycopg2-binary" instead. For details see: <http://initd.org/psycopg/docs/install.html#binary-install-from-pypi>.
[2019-11-17 12:49:48,545] {base_task_runner.py:115} INFO - Job 225: Subtask Stage_versions   """)
[2019-11-17 12:49:48,641] {base_task_runner.py:115} INFO - Job 225: Subtask Stage_versions [2019-11-17 12:49:48,640] {__init__.py:51} INFO - Using executor SequentialExecutor
[2019-11-17 12:49:48,986] {base_task_runner.py:115} INFO - Job 225: Subtask Stage_versions [2019-11-17 12:49:48,986] {dagbag.py:90} INFO - Filling up the DagBag from /Users/likejun/airflow/dags/dend_dag.py
[2019-11-17 12:49:49,002] {base_task_runner.py:115} INFO - Job 225: Subtask Stage_versions [2019-11-17 12:49:49,002] {cli.py:516} INFO - Running <TaskInstance: dend_dag.Stage_versions 2018-11-03T00:00:00+00:00 [running]> on host likejundeMacBook-Pro.local
[2019-11-17 12:49:49,009] {staging_redshift.py:33} INFO - StageToRedshiftOperator for staging_versions on 2018-11-03T00:00:00+00:00
[2019-11-17 12:49:49,019] {staging_redshift.py:44} INFO - copy command 
        COPY staging_versions FROM 's3://dend-capstone-lkj/versions.json'
        ACCESS_KEY_ID 'AKIA2ZJJD7TPQUMASLMS'
        SECRET_ACCESS_KEY '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'
        REGION 'us-west-2'
        JSON 'auto';
        
[2019-11-17 12:49:49,022] {logging_mixin.py:95} INFO - [[34m2019-11-17 12:49:49,022[0m] {[34mbase_hook.py:[0m84} INFO[0m - Using connection to: [1mid: redshift. Host: redshift-cluster.chjcdyihped1.us-west-2.redshift.amazonaws.com, Port: 5439, Schema: dev, Login: awsuser, Password: XXXXXXXX, extra: {}[0m[0m
[2019-11-17 12:49:51,769] {logging_mixin.py:95} INFO - [[34m2019-11-17 12:49:51,769[0m] {[34mdbapi_hook.py:[0m171} INFO[0m - 
        COPY staging_versions FROM 's3://dend-capstone-lkj/versions.json'
        ACCESS_KEY_ID 'AKIA2ZJJD7TPQUMASLMS'
        SECRET_ACCESS_KEY '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'
        REGION 'us-west-2'
        JSON 'auto';
        [0m
[2019-11-17 12:50:54,584] {staging_redshift.py:48} INFO - staging_versions loaded
[2019-11-17 12:50:57,893] {logging_mixin.py:95} INFO - [[34m2019-11-17 12:50:57,893[0m] {[34mlocal_task_job.py:[0m105} INFO[0m - Task exited with return code 0[0m
