[2019-11-17 22:04:23,971] {taskinstance.py:620} INFO - Dependencies all met for <TaskInstance: udacity_dag.Load_repositories_fact_table 2007-10-29T02:00:00+00:00 [queued]>
[2019-11-17 22:04:23,977] {taskinstance.py:620} INFO - Dependencies all met for <TaskInstance: udacity_dag.Load_repositories_fact_table 2007-10-29T02:00:00+00:00 [queued]>
[2019-11-17 22:04:23,977] {taskinstance.py:838} INFO - 
--------------------------------------------------------------------------------
[2019-11-17 22:04:23,977] {taskinstance.py:839} INFO - Starting attempt 1 of 4
[2019-11-17 22:04:23,978] {taskinstance.py:840} INFO - 
--------------------------------------------------------------------------------
[2019-11-17 22:04:23,983] {taskinstance.py:859} INFO - Executing <Task(LoadFactOperator): Load_repositories_fact_table> on 2007-10-29T02:00:00+00:00
[2019-11-17 22:04:23,983] {base_task_runner.py:133} INFO - Running: ['airflow', 'run', 'udacity_dag', 'Load_repositories_fact_table', '2007-10-29T02:00:00+00:00', '--job_id', '288', '--pool', 'default_pool', '--raw', '-sd', 'DAGS_FOLDER/udacity_dag.py', '--cfg_path', '/var/folders/8q/nyxhvd6d55nfqjdbrybk6jpw0000gn/T/tmpbac_3wwn']
[2019-11-17 22:04:24,641] {base_task_runner.py:115} INFO - Job 288: Subtask Load_repositories_fact_table /Users/likejun/anaconda3/lib/python3.7/site-packages/psycopg2/__init__.py:144: UserWarning: The psycopg2 wheel package will be renamed from release 2.8; in order to keep installing from binary please use "pip install psycopg2-binary" instead. For details see: <http://initd.org/psycopg/docs/install.html#binary-install-from-pypi>.
[2019-11-17 22:04:24,641] {base_task_runner.py:115} INFO - Job 288: Subtask Load_repositories_fact_table   """)
[2019-11-17 22:04:24,713] {base_task_runner.py:115} INFO - Job 288: Subtask Load_repositories_fact_table [2019-11-17 22:04:24,713] {__init__.py:51} INFO - Using executor SequentialExecutor
[2019-11-17 22:04:24,993] {base_task_runner.py:115} INFO - Job 288: Subtask Load_repositories_fact_table [2019-11-17 22:04:24,993] {dagbag.py:90} INFO - Filling up the DagBag from /Users/likejun/airflow/dags/udacity_dag.py
[2019-11-17 22:04:25,005] {base_task_runner.py:115} INFO - Job 288: Subtask Load_repositories_fact_table [2019-11-17 22:04:25,005] {cli.py:516} INFO - Running <TaskInstance: udacity_dag.Load_repositories_fact_table 2007-10-29T02:00:00+00:00 [running]> on host likejundeMacBook-Pro.local
[2019-11-17 22:04:25,012] {load_facts.py:21} INFO - LoadFactOperator for repository_fact
[2019-11-17 22:04:25,017] {logging_mixin.py:95} INFO - [[34m2019-11-17 22:04:25,016[0m] {[34mbase_hook.py:[0m84} INFO[0m - Using connection to: [1mid: redshift. Host: redshift-cluster.chjcdyihped1.us-west-2.redshift.amazonaws.com, Port: 5439, Schema: dev, Login: awsuser, Password: XXXXXXXX, extra: {}[0m[0m
[2019-11-17 22:04:28,184] {logging_mixin.py:95} INFO - [[34m2019-11-17 22:04:28,183[0m] {[34mdbapi_hook.py:[0m171} INFO[0m - 
    INSERT INTO repository_fact
        (SELECT
            sp."repository id" AS repository_id,
            sp."repository stars count" AS stars,
            sp."repository forks count" AS forks,
            sp."repository watchers count" AS watchers,
            sp."repository contributors count" AS contributors,
            sp."repository size" AS size,
            sp."repository name with owner" AS repo,
            sv.id AS version_id,
            sv.project_id,
            sp."repository created timestamp" AS create_time,
            sd.id AS dependency_id
            FROM staging_projects sp
            JOIN staging_versions sv
            ON sp.id = sv.project_id
            JOIN staging_dependencies sd
            ON sp.id = sd."project id"
            WHERE sp."repository id" IS NOT NULL 
            AND TO_CHAR(sp."repository created timestamp", 'YYYY-MM-DD') = '2007-10-29')
    [0m
[2019-11-17 22:04:31,869] {load_facts.py:32} INFO - inserted into repository_fact
[2019-11-17 22:04:33,978] {logging_mixin.py:95} INFO - [[34m2019-11-17 22:04:33,977[0m] {[34mlocal_task_job.py:[0m105} INFO[0m - Task exited with return code 0[0m
