[2019-11-17 21:39:33,573] {taskinstance.py:620} INFO - Dependencies all met for <TaskInstance: udacity_dag.Load_dependencies_dim_table 2007-10-29T00:00:00+00:00 [queued]>
[2019-11-17 21:39:33,578] {taskinstance.py:620} INFO - Dependencies all met for <TaskInstance: udacity_dag.Load_dependencies_dim_table 2007-10-29T00:00:00+00:00 [queued]>
[2019-11-17 21:39:33,578] {taskinstance.py:838} INFO - 
--------------------------------------------------------------------------------
[2019-11-17 21:39:33,578] {taskinstance.py:839} INFO - Starting attempt 1 of 4
[2019-11-17 21:39:33,578] {taskinstance.py:840} INFO - 
--------------------------------------------------------------------------------
[2019-11-17 21:39:33,584] {taskinstance.py:859} INFO - Executing <Task(LoadDimensionOperator): Load_dependencies_dim_table> on 2007-10-29T00:00:00+00:00
[2019-11-17 21:39:33,584] {base_task_runner.py:133} INFO - Running: ['airflow', 'run', 'udacity_dag', 'Load_dependencies_dim_table', '2007-10-29T00:00:00+00:00', '--job_id', '269', '--pool', 'default_pool', '--raw', '-sd', 'DAGS_FOLDER/udacity_dag.py', '--cfg_path', '/var/folders/8q/nyxhvd6d55nfqjdbrybk6jpw0000gn/T/tmp5s9z4ld5']
[2019-11-17 21:39:34,285] {base_task_runner.py:115} INFO - Job 269: Subtask Load_dependencies_dim_table /Users/likejun/anaconda3/lib/python3.7/site-packages/psycopg2/__init__.py:144: UserWarning: The psycopg2 wheel package will be renamed from release 2.8; in order to keep installing from binary please use "pip install psycopg2-binary" instead. For details see: <http://initd.org/psycopg/docs/install.html#binary-install-from-pypi>.
[2019-11-17 21:39:34,286] {base_task_runner.py:115} INFO - Job 269: Subtask Load_dependencies_dim_table   """)
[2019-11-17 21:39:34,360] {base_task_runner.py:115} INFO - Job 269: Subtask Load_dependencies_dim_table [2019-11-17 21:39:34,360] {__init__.py:51} INFO - Using executor SequentialExecutor
[2019-11-17 21:39:34,631] {base_task_runner.py:115} INFO - Job 269: Subtask Load_dependencies_dim_table [2019-11-17 21:39:34,631] {dagbag.py:90} INFO - Filling up the DagBag from /Users/likejun/airflow/dags/udacity_dag.py
[2019-11-17 21:39:34,644] {base_task_runner.py:115} INFO - Job 269: Subtask Load_dependencies_dim_table [2019-11-17 21:39:34,643] {cli.py:516} INFO - Running <TaskInstance: udacity_dag.Load_dependencies_dim_table 2007-10-29T00:00:00+00:00 [running]> on host likejundeMacBook-Pro.local
[2019-11-17 21:39:34,650] {load_dimensions.py:23} INFO - LoadDimensionOperator for dependency_dim
[2019-11-17 21:39:34,655] {logging_mixin.py:95} INFO - [[34m2019-11-17 21:39:34,655[0m] {[34mbase_hook.py:[0m84} INFO[0m - Using connection to: [1mid: redshift. Host: redshift-cluster.chjcdyihped1.us-west-2.redshift.amazonaws.com, Port: 5439, Schema: dev, Login: awsuser, Password: XXXXXXXX, extra: {}[0m[0m
[2019-11-17 21:39:39,803] {logging_mixin.py:95} INFO - [[34m2019-11-17 21:39:39,803[0m] {[34mdbapi_hook.py:[0m171} INFO[0m - DELETE FROM dependency_dim[0m
[2019-11-17 21:39:46,248] {logging_mixin.py:95} INFO - [[34m2019-11-17 21:39:46,248[0m] {[34mbase_hook.py:[0m84} INFO[0m - Using connection to: [1mid: redshift. Host: redshift-cluster.chjcdyihped1.us-west-2.redshift.amazonaws.com, Port: 5439, Schema: dev, Login: awsuser, Password: XXXXXXXX, extra: {}[0m[0m
[2019-11-17 21:39:50,361] {logging_mixin.py:95} INFO - [[34m2019-11-17 21:39:50,361[0m] {[34mdbapi_hook.py:[0m171} INFO[0m - 
    INSERT into dependency_dim
        (SELECT
            id AS dependency_id,
            "Dependency Name" AS dependency_name,
            "Dependency Platform" AS dependency_platform,
            "Dependency Kind" AS dependency_kind
        FROM staging_dependencies)
    [0m
[2019-11-17 21:40:26,374] {load_dimensions.py:41} INFO - inserted into dependency_dim
[2019-11-17 21:40:28,636] {logging_mixin.py:95} INFO - [[34m2019-11-17 21:40:28,636[0m] {[34mlocal_task_job.py:[0m105} INFO[0m - Task exited with return code 0[0m
