[2019-11-17 21:45:12,942] {taskinstance.py:620} INFO - Dependencies all met for <TaskInstance: udacity_dag.Stage_versions 2007-10-29T01:00:00+00:00 [queued]>
[2019-11-17 21:45:12,946] {taskinstance.py:620} INFO - Dependencies all met for <TaskInstance: udacity_dag.Stage_versions 2007-10-29T01:00:00+00:00 [queued]>
[2019-11-17 21:45:12,946] {taskinstance.py:838} INFO - 
--------------------------------------------------------------------------------
[2019-11-17 21:45:12,946] {taskinstance.py:839} INFO - Starting attempt 1 of 4
[2019-11-17 21:45:12,947] {taskinstance.py:840} INFO - 
--------------------------------------------------------------------------------
[2019-11-17 21:45:12,951] {taskinstance.py:859} INFO - Executing <Task(StageToRedshiftOperator): Stage_versions> on 2007-10-29T01:00:00+00:00
[2019-11-17 21:45:12,951] {base_task_runner.py:133} INFO - Running: ['airflow', 'run', 'udacity_dag', 'Stage_versions', '2007-10-29T01:00:00+00:00', '--job_id', '274', '--pool', 'default_pool', '--raw', '-sd', 'DAGS_FOLDER/udacity_dag.py', '--cfg_path', '/var/folders/8q/nyxhvd6d55nfqjdbrybk6jpw0000gn/T/tmp2vccetam']
[2019-11-17 21:45:13,658] {base_task_runner.py:115} INFO - Job 274: Subtask Stage_versions /Users/likejun/anaconda3/lib/python3.7/site-packages/psycopg2/__init__.py:144: UserWarning: The psycopg2 wheel package will be renamed from release 2.8; in order to keep installing from binary please use "pip install psycopg2-binary" instead. For details see: <http://initd.org/psycopg/docs/install.html#binary-install-from-pypi>.
[2019-11-17 21:45:13,658] {base_task_runner.py:115} INFO - Job 274: Subtask Stage_versions   """)
[2019-11-17 21:45:13,740] {base_task_runner.py:115} INFO - Job 274: Subtask Stage_versions [2019-11-17 21:45:13,739] {__init__.py:51} INFO - Using executor SequentialExecutor
[2019-11-17 21:45:14,093] {base_task_runner.py:115} INFO - Job 274: Subtask Stage_versions [2019-11-17 21:45:14,093] {dagbag.py:90} INFO - Filling up the DagBag from /Users/likejun/airflow/dags/udacity_dag.py
[2019-11-17 21:45:14,108] {base_task_runner.py:115} INFO - Job 274: Subtask Stage_versions [2019-11-17 21:45:14,108] {cli.py:516} INFO - Running <TaskInstance: udacity_dag.Stage_versions 2007-10-29T01:00:00+00:00 [running]> on host likejundeMacBook-Pro.local
[2019-11-17 21:45:14,119] {staging_redshift.py:33} INFO - StageToRedshiftOperator for staging_versions on 2007-10-29T01:00:00+00:00
[2019-11-17 21:45:14,131] {staging_redshift.py:44} INFO - copy command 
        COPY staging_versions FROM 's3://dend-capstone-lkj/versions.json'
        ACCESS_KEY_ID 'AKIA2ZJJD7TPQUMASLMS'
        SECRET_ACCESS_KEY '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'
        REGION 'us-west-2'
        JSON 'auto';
        
[2019-11-17 21:45:14,133] {logging_mixin.py:95} INFO - [[34m2019-11-17 21:45:14,133[0m] {[34mbase_hook.py:[0m84} INFO[0m - Using connection to: [1mid: redshift. Host: redshift-cluster.chjcdyihped1.us-west-2.redshift.amazonaws.com, Port: 5439, Schema: dev, Login: awsuser, Password: XXXXXXXX, extra: {}[0m[0m
[2019-11-17 21:45:17,710] {logging_mixin.py:95} INFO - [[34m2019-11-17 21:45:17,709[0m] {[34mdbapi_hook.py:[0m171} INFO[0m - 
        COPY staging_versions FROM 's3://dend-capstone-lkj/versions.json'
        ACCESS_KEY_ID 'AKIA2ZJJD7TPQUMASLMS'
        SECRET_ACCESS_KEY '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'
        REGION 'us-west-2'
        JSON 'auto';
        [0m
[2019-11-17 21:46:23,175] {staging_redshift.py:48} INFO - staging_versions loaded
[2019-11-17 21:46:28,042] {logging_mixin.py:95} INFO - [[34m2019-11-17 21:46:28,041[0m] {[34mlocal_task_job.py:[0m105} INFO[0m - Task exited with return code 0[0m
