[2019-11-17 21:52:07,067] {taskinstance.py:620} INFO - Dependencies all met for <TaskInstance: udacity_dag.Load_projects_dim_table 2007-10-29T01:00:00+00:00 [queued]>
[2019-11-17 21:52:07,072] {taskinstance.py:620} INFO - Dependencies all met for <TaskInstance: udacity_dag.Load_projects_dim_table 2007-10-29T01:00:00+00:00 [queued]>
[2019-11-17 21:52:07,072] {taskinstance.py:838} INFO - 
--------------------------------------------------------------------------------
[2019-11-17 21:52:07,072] {taskinstance.py:839} INFO - Starting attempt 1 of 4
[2019-11-17 21:52:07,072] {taskinstance.py:840} INFO - 
--------------------------------------------------------------------------------
[2019-11-17 21:52:07,078] {taskinstance.py:859} INFO - Executing <Task(LoadDimensionOperator): Load_projects_dim_table> on 2007-10-29T01:00:00+00:00
[2019-11-17 21:52:07,078] {base_task_runner.py:133} INFO - Running: ['airflow', 'run', 'udacity_dag', 'Load_projects_dim_table', '2007-10-29T01:00:00+00:00', '--job_id', '278', '--pool', 'default_pool', '--raw', '-sd', 'DAGS_FOLDER/udacity_dag.py', '--cfg_path', '/var/folders/8q/nyxhvd6d55nfqjdbrybk6jpw0000gn/T/tmpcqt05iq3']
[2019-11-17 21:52:07,744] {base_task_runner.py:115} INFO - Job 278: Subtask Load_projects_dim_table /Users/likejun/anaconda3/lib/python3.7/site-packages/psycopg2/__init__.py:144: UserWarning: The psycopg2 wheel package will be renamed from release 2.8; in order to keep installing from binary please use "pip install psycopg2-binary" instead. For details see: <http://initd.org/psycopg/docs/install.html#binary-install-from-pypi>.
[2019-11-17 21:52:07,744] {base_task_runner.py:115} INFO - Job 278: Subtask Load_projects_dim_table   """)
[2019-11-17 21:52:07,819] {base_task_runner.py:115} INFO - Job 278: Subtask Load_projects_dim_table [2019-11-17 21:52:07,819] {__init__.py:51} INFO - Using executor SequentialExecutor
[2019-11-17 21:52:08,092] {base_task_runner.py:115} INFO - Job 278: Subtask Load_projects_dim_table [2019-11-17 21:52:08,091] {dagbag.py:90} INFO - Filling up the DagBag from /Users/likejun/airflow/dags/udacity_dag.py
[2019-11-17 21:52:08,105] {base_task_runner.py:115} INFO - Job 278: Subtask Load_projects_dim_table [2019-11-17 21:52:08,105] {cli.py:516} INFO - Running <TaskInstance: udacity_dag.Load_projects_dim_table 2007-10-29T01:00:00+00:00 [running]> on host likejundeMacBook-Pro.local
[2019-11-17 21:52:08,113] {load_dimensions.py:23} INFO - LoadDimensionOperator for project_dim
[2019-11-17 21:52:08,120] {logging_mixin.py:95} INFO - [[34m2019-11-17 21:52:08,120[0m] {[34mbase_hook.py:[0m84} INFO[0m - Using connection to: [1mid: redshift. Host: redshift-cluster.chjcdyihped1.us-west-2.redshift.amazonaws.com, Port: 5439, Schema: dev, Login: awsuser, Password: XXXXXXXX, extra: {}[0m[0m
[2019-11-17 21:52:10,494] {logging_mixin.py:95} INFO - [[34m2019-11-17 21:52:10,493[0m] {[34mdbapi_hook.py:[0m171} INFO[0m - 
    INSERT INTO project_dim
        (SELECT
            id AS project_id,
            platform,
            name,
            "repository host type" AS host,
            language,
            licenses,
            status
        FROM staging_projects
        WHERE TO_CHAR("repository created timestamp", 'YYYY-MM-DD') = '2007-10-29')
    [0m
[2019-11-17 21:52:12,732] {load_dimensions.py:41} INFO - inserted into project_dim
[2019-11-17 21:52:17,076] {logging_mixin.py:95} INFO - [[34m2019-11-17 21:52:17,076[0m] {[34mlocal_task_job.py:[0m105} INFO[0m - Task exited with return code 0[0m
