[2019-11-17 14:21:44,741] {taskinstance.py:620} INFO - Dependencies all met for <TaskInstance: dend_dag.Stage_dependencies 2018-11-03T01:00:00+00:00 [queued]>
[2019-11-17 14:21:44,747] {taskinstance.py:620} INFO - Dependencies all met for <TaskInstance: dend_dag.Stage_dependencies 2018-11-03T01:00:00+00:00 [queued]>
[2019-11-17 14:21:44,748] {taskinstance.py:838} INFO - 
--------------------------------------------------------------------------------
[2019-11-17 14:21:44,748] {taskinstance.py:839} INFO - Starting attempt 1 of 4
[2019-11-17 14:21:44,748] {taskinstance.py:840} INFO - 
--------------------------------------------------------------------------------
[2019-11-17 14:21:44,754] {taskinstance.py:859} INFO - Executing <Task(StageToRedshiftOperator): Stage_dependencies> on 2018-11-03T01:00:00+00:00
[2019-11-17 14:21:44,754] {base_task_runner.py:133} INFO - Running: ['airflow', 'run', 'dend_dag', 'Stage_dependencies', '2018-11-03T01:00:00+00:00', '--job_id', '235', '--pool', 'default_pool', '--raw', '-sd', 'DAGS_FOLDER/dend_dag.py', '--cfg_path', '/var/folders/8q/nyxhvd6d55nfqjdbrybk6jpw0000gn/T/tmp8y5n6lek']
[2019-11-17 14:21:45,470] {base_task_runner.py:115} INFO - Job 235: Subtask Stage_dependencies /Users/likejun/anaconda3/lib/python3.7/site-packages/psycopg2/__init__.py:144: UserWarning: The psycopg2 wheel package will be renamed from release 2.8; in order to keep installing from binary please use "pip install psycopg2-binary" instead. For details see: <http://initd.org/psycopg/docs/install.html#binary-install-from-pypi>.
[2019-11-17 14:21:45,470] {base_task_runner.py:115} INFO - Job 235: Subtask Stage_dependencies   """)
[2019-11-17 14:21:45,558] {base_task_runner.py:115} INFO - Job 235: Subtask Stage_dependencies [2019-11-17 14:21:45,558] {__init__.py:51} INFO - Using executor SequentialExecutor
[2019-11-17 14:21:45,875] {base_task_runner.py:115} INFO - Job 235: Subtask Stage_dependencies [2019-11-17 14:21:45,875] {dagbag.py:90} INFO - Filling up the DagBag from /Users/likejun/airflow/dags/dend_dag.py
[2019-11-17 14:21:45,889] {base_task_runner.py:115} INFO - Job 235: Subtask Stage_dependencies [2019-11-17 14:21:45,889] {cli.py:516} INFO - Running <TaskInstance: dend_dag.Stage_dependencies 2018-11-03T01:00:00+00:00 [running]> on host likejundeMacBook-Pro.local
[2019-11-17 14:21:45,896] {staging_redshift.py:33} INFO - StageToRedshiftOperator for staging_dependencies on 2018-11-03T01:00:00+00:00
[2019-11-17 14:21:45,904] {staging_redshift.py:44} INFO - copy command 
        COPY staging_dependencies FROM 's3://dend-capstone-lkj/dependencies-1.0.0-2017-06-15.csv'
        ACCESS_KEY_ID 'AKIA2ZJJD7TPQUMASLMS'
        SECRET_ACCESS_KEY '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'
        REGION 'us-west-2'
        IGNOREHEADER 1 CSV;
        
[2019-11-17 14:21:45,906] {logging_mixin.py:95} INFO - [[34m2019-11-17 14:21:45,906[0m] {[34mbase_hook.py:[0m84} INFO[0m - Using connection to: [1mid: redshift. Host: redshift-cluster.chjcdyihped1.us-west-2.redshift.amazonaws.com, Port: 5439, Schema: dev, Login: awsuser, Password: XXXXXXXX, extra: {}[0m[0m
[2019-11-17 14:32:44,685] {logging_mixin.py:95} INFO - [[34m2019-11-17 14:32:44,685[0m] {[34mdbapi_hook.py:[0m171} INFO[0m - 
        COPY staging_dependencies FROM 's3://dend-capstone-lkj/dependencies-1.0.0-2017-06-15.csv'
        ACCESS_KEY_ID 'AKIA2ZJJD7TPQUMASLMS'
        SECRET_ACCESS_KEY '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'
        REGION 'us-west-2'
        IGNOREHEADER 1 CSV;
        [0m
[2019-11-17 14:39:55,740] {taskinstance.py:1051} ERROR - could not receive data from server: Operation timed out
Traceback (most recent call last):
  File "/Users/likejun/anaconda3/lib/python3.7/site-packages/airflow/models/taskinstance.py", line 926, in _run_raw_task
    result = task_copy.execute(context=context)
  File "/Users/likejun/airflow/plugins/operators/staging_redshift.py", line 47, in execute
    pg_hook.run(copy_stmt)
  File "/Users/likejun/anaconda3/lib/python3.7/site-packages/airflow/hooks/dbapi_hook.py", line 172, in run
    cur.execute(s)
psycopg2.DatabaseError: could not receive data from server: Operation timed out

[2019-11-17 14:39:55,742] {taskinstance.py:1074} INFO - Marking task as UP_FOR_RETRY
[2019-11-17 14:39:55,752] {base_task_runner.py:115} INFO - Job 235: Subtask Stage_dependencies Traceback (most recent call last):
[2019-11-17 14:39:55,752] {base_task_runner.py:115} INFO - Job 235: Subtask Stage_dependencies   File "/Users/likejun/anaconda3/bin/airflow", line 32, in <module>
[2019-11-17 14:39:55,752] {base_task_runner.py:115} INFO - Job 235: Subtask Stage_dependencies     args.func(args)
[2019-11-17 14:39:55,752] {base_task_runner.py:115} INFO - Job 235: Subtask Stage_dependencies   File "/Users/likejun/anaconda3/lib/python3.7/site-packages/airflow/utils/cli.py", line 74, in wrapper
[2019-11-17 14:39:55,752] {base_task_runner.py:115} INFO - Job 235: Subtask Stage_dependencies     return f(*args, **kwargs)
[2019-11-17 14:39:55,752] {base_task_runner.py:115} INFO - Job 235: Subtask Stage_dependencies   File "/Users/likejun/anaconda3/lib/python3.7/site-packages/airflow/bin/cli.py", line 522, in run
[2019-11-17 14:39:55,752] {base_task_runner.py:115} INFO - Job 235: Subtask Stage_dependencies     _run(args, dag, ti)
[2019-11-17 14:39:55,752] {base_task_runner.py:115} INFO - Job 235: Subtask Stage_dependencies   File "/Users/likejun/anaconda3/lib/python3.7/site-packages/airflow/bin/cli.py", line 440, in _run
[2019-11-17 14:39:55,752] {base_task_runner.py:115} INFO - Job 235: Subtask Stage_dependencies     pool=args.pool,
[2019-11-17 14:39:55,752] {base_task_runner.py:115} INFO - Job 235: Subtask Stage_dependencies   File "/Users/likejun/anaconda3/lib/python3.7/site-packages/airflow/utils/db.py", line 74, in wrapper
[2019-11-17 14:39:55,752] {base_task_runner.py:115} INFO - Job 235: Subtask Stage_dependencies     return func(*args, **kwargs)
[2019-11-17 14:39:55,752] {base_task_runner.py:115} INFO - Job 235: Subtask Stage_dependencies   File "/Users/likejun/anaconda3/lib/python3.7/site-packages/airflow/models/taskinstance.py", line 926, in _run_raw_task
[2019-11-17 14:39:55,752] {base_task_runner.py:115} INFO - Job 235: Subtask Stage_dependencies     result = task_copy.execute(context=context)
[2019-11-17 14:39:55,752] {base_task_runner.py:115} INFO - Job 235: Subtask Stage_dependencies   File "/Users/likejun/airflow/plugins/operators/staging_redshift.py", line 47, in execute
[2019-11-17 14:39:55,752] {base_task_runner.py:115} INFO - Job 235: Subtask Stage_dependencies     pg_hook.run(copy_stmt)
[2019-11-17 14:39:55,752] {base_task_runner.py:115} INFO - Job 235: Subtask Stage_dependencies   File "/Users/likejun/anaconda3/lib/python3.7/site-packages/airflow/hooks/dbapi_hook.py", line 172, in run
[2019-11-17 14:39:55,752] {base_task_runner.py:115} INFO - Job 235: Subtask Stage_dependencies     cur.execute(s)
[2019-11-17 14:39:55,752] {base_task_runner.py:115} INFO - Job 235: Subtask Stage_dependencies psycopg2.DatabaseError: could not receive data from server: Operation timed out
[2019-11-17 14:39:55,753] {base_task_runner.py:115} INFO - Job 235: Subtask Stage_dependencies 
[2019-11-17 14:39:56,099] {logging_mixin.py:95} INFO - [[34m2019-11-17 14:39:56,099[0m] {[34mlocal_task_job.py:[0m105} INFO[0m - Task exited with return code 1[0m
