[2019-11-17 22:37:34,119] {taskinstance.py:620} INFO - Dependencies all met for <TaskInstance: udacity_dag.Stage_versions 2007-11-01T00:00:00+00:00 [queued]>
[2019-11-17 22:37:34,125] {taskinstance.py:620} INFO - Dependencies all met for <TaskInstance: udacity_dag.Stage_versions 2007-11-01T00:00:00+00:00 [queued]>
[2019-11-17 22:37:34,125] {taskinstance.py:838} INFO - 
--------------------------------------------------------------------------------
[2019-11-17 22:37:34,125] {taskinstance.py:839} INFO - Starting attempt 1 of 4
[2019-11-17 22:37:34,125] {taskinstance.py:840} INFO - 
--------------------------------------------------------------------------------
[2019-11-17 22:37:34,131] {taskinstance.py:859} INFO - Executing <Task(StageToRedshiftOperator): Stage_versions> on 2007-11-01T00:00:00+00:00
[2019-11-17 22:37:34,131] {base_task_runner.py:133} INFO - Running: ['airflow', 'run', 'udacity_dag', 'Stage_versions', '2007-11-01T00:00:00+00:00', '--job_id', '318', '--pool', 'default_pool', '--raw', '-sd', 'DAGS_FOLDER/udacity_dag.py', '--cfg_path', '/var/folders/8q/nyxhvd6d55nfqjdbrybk6jpw0000gn/T/tmpdtrdt9uz']
[2019-11-17 22:37:34,793] {base_task_runner.py:115} INFO - Job 318: Subtask Stage_versions /Users/likejun/anaconda3/lib/python3.7/site-packages/psycopg2/__init__.py:144: UserWarning: The psycopg2 wheel package will be renamed from release 2.8; in order to keep installing from binary please use "pip install psycopg2-binary" instead. For details see: <http://initd.org/psycopg/docs/install.html#binary-install-from-pypi>.
[2019-11-17 22:37:34,793] {base_task_runner.py:115} INFO - Job 318: Subtask Stage_versions   """)
[2019-11-17 22:37:34,862] {base_task_runner.py:115} INFO - Job 318: Subtask Stage_versions [2019-11-17 22:37:34,862] {__init__.py:51} INFO - Using executor SequentialExecutor
[2019-11-17 22:37:35,202] {base_task_runner.py:115} INFO - Job 318: Subtask Stage_versions [2019-11-17 22:37:35,202] {dagbag.py:90} INFO - Filling up the DagBag from /Users/likejun/airflow/dags/udacity_dag.py
[2019-11-17 22:37:35,215] {base_task_runner.py:115} INFO - Job 318: Subtask Stage_versions [2019-11-17 22:37:35,215] {cli.py:516} INFO - Running <TaskInstance: udacity_dag.Stage_versions 2007-11-01T00:00:00+00:00 [running]> on host likejundeMacBook-Pro.local
[2019-11-17 22:37:35,222] {staging_redshift.py:33} INFO - StageToRedshiftOperator for staging_versions on 2007-11-01T00:00:00+00:00
[2019-11-17 22:37:35,231] {staging_redshift.py:44} INFO - copy command 
        COPY staging_versions FROM 's3://dend-capstone-lkj/versions.json'
        ACCESS_KEY_ID 'AKIA2ZJJD7TPQUMASLMS'
        SECRET_ACCESS_KEY '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'
        REGION 'us-west-2'
        JSON 'auto';
        
[2019-11-17 22:37:35,233] {logging_mixin.py:95} INFO - [[34m2019-11-17 22:37:35,233[0m] {[34mbase_hook.py:[0m84} INFO[0m - Using connection to: [1mid: redshift. Host: redshift-cluster.chjcdyihped1.us-west-2.redshift.amazonaws.com, Port: 5439, Schema: dev, Login: awsuser, Password: XXXXXXXX, extra: {}[0m[0m
[2019-11-17 22:37:44,077] {logging_mixin.py:95} INFO - [[34m2019-11-17 22:37:44,076[0m] {[34mdbapi_hook.py:[0m171} INFO[0m - 
        COPY staging_versions FROM 's3://dend-capstone-lkj/versions.json'
        ACCESS_KEY_ID 'AKIA2ZJJD7TPQUMASLMS'
        SECRET_ACCESS_KEY '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'
        REGION 'us-west-2'
        JSON 'auto';
        [0m
[2019-11-17 22:39:01,882] {staging_redshift.py:48} INFO - staging_versions loaded
[2019-11-17 22:39:04,247] {logging_mixin.py:95} INFO - [[34m2019-11-17 22:39:04,246[0m] {[34mlocal_task_job.py:[0m105} INFO[0m - Task exited with return code 0[0m
