[2019-11-10 21:33:54,992] {taskinstance.py:620} INFO - Dependencies all met for <TaskInstance: capstone_dag.Stage_stars 2018-11-03T09:00:00+00:00 [queued]>
[2019-11-10 21:33:54,997] {taskinstance.py:620} INFO - Dependencies all met for <TaskInstance: capstone_dag.Stage_stars 2018-11-03T09:00:00+00:00 [queued]>
[2019-11-10 21:33:54,997] {taskinstance.py:838} INFO - 
--------------------------------------------------------------------------------
[2019-11-10 21:33:54,997] {taskinstance.py:839} INFO - Starting attempt 1 of 4
[2019-11-10 21:33:54,997] {taskinstance.py:840} INFO - 
--------------------------------------------------------------------------------
[2019-11-10 21:33:55,002] {taskinstance.py:859} INFO - Executing <Task(StageToRedshiftOperator): Stage_stars> on 2018-11-03T09:00:00+00:00
[2019-11-10 21:33:55,002] {base_task_runner.py:133} INFO - Running: ['airflow', 'run', 'capstone_dag', 'Stage_stars', '2018-11-03T09:00:00+00:00', '--job_id', '131', '--pool', 'default_pool', '--raw', '-sd', 'DAGS_FOLDER/capstone_dag.py', '--cfg_path', '/var/folders/8q/nyxhvd6d55nfqjdbrybk6jpw0000gn/T/tmp5dxt5syf']
[2019-11-10 21:33:55,766] {base_task_runner.py:115} INFO - Job 131: Subtask Stage_stars /Users/likejun/anaconda3/lib/python3.7/site-packages/psycopg2/__init__.py:144: UserWarning: The psycopg2 wheel package will be renamed from release 2.8; in order to keep installing from binary please use "pip install psycopg2-binary" instead. For details see: <http://initd.org/psycopg/docs/install.html#binary-install-from-pypi>.
[2019-11-10 21:33:55,767] {base_task_runner.py:115} INFO - Job 131: Subtask Stage_stars   """)
[2019-11-10 21:33:55,846] {base_task_runner.py:115} INFO - Job 131: Subtask Stage_stars [2019-11-10 21:33:55,846] {__init__.py:51} INFO - Using executor SequentialExecutor
[2019-11-10 21:33:56,160] {base_task_runner.py:115} INFO - Job 131: Subtask Stage_stars [2019-11-10 21:33:56,160] {dagbag.py:90} INFO - Filling up the DagBag from /Users/likejun/airflow/dags/capstone_dag.py
[2019-11-10 21:33:56,174] {base_task_runner.py:115} INFO - Job 131: Subtask Stage_stars [2019-11-10 21:33:56,173] {cli.py:516} INFO - Running <TaskInstance: capstone_dag.Stage_stars 2018-11-03T09:00:00+00:00 [running]> on host likejundeMacBook-Pro.local
[2019-11-10 21:33:56,180] {staging_redshift.py:33} INFO - StageToRedshiftOperator for staging_stars on 2018-11-03T09:00:00+00:00
[2019-11-10 21:33:56,188] {staging_redshift.py:44} INFO - copy command 
        COPY staging_stars FROM 's3://dend-capstone-lkj/star.json'
        ACCESS_KEY_ID 'AKIA2ZJJD7TPQUMASLMS'
        SECRET_ACCESS_KEY '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'
        REGION 'us-west-2'
        JSON 'auto' TIMEFORMAT 'YYYY-MM-DDTHH:MI:SSZ';
        
[2019-11-10 21:33:56,190] {logging_mixin.py:95} INFO - [[34m2019-11-10 21:33:56,190[0m] {[34mbase_hook.py:[0m84} INFO[0m - Using connection to: [1mid: redshift. Host: redshift-cluster.chjcdyihped1.us-west-2.redshift.amazonaws.com, Port: 5439, Schema: dev, Login: awsuser, Password: XXXXXXXX, extra: {}[0m[0m
[2019-11-10 21:33:57,956] {logging_mixin.py:95} INFO - [[34m2019-11-10 21:33:57,956[0m] {[34mdbapi_hook.py:[0m171} INFO[0m - 
        COPY staging_stars FROM 's3://dend-capstone-lkj/star.json'
        ACCESS_KEY_ID 'AKIA2ZJJD7TPQUMASLMS'
        SECRET_ACCESS_KEY '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'
        REGION 'us-west-2'
        JSON 'auto' TIMEFORMAT 'YYYY-MM-DDTHH:MI:SSZ';
        [0m
[2019-11-10 21:33:59,313] {staging_redshift.py:48} INFO - staging_stars loaded
[2019-11-10 21:33:59,996] {logging_mixin.py:95} INFO - [[34m2019-11-10 21:33:59,996[0m] {[34mlocal_task_job.py:[0m105} INFO[0m - Task exited with return code 0[0m
