[2019-11-12 14:41:47,993] {taskinstance.py:620} INFO - Dependencies all met for <TaskInstance: capstone_dag.Stage_stars 2018-11-03T15:00:00+00:00 [queued]>
[2019-11-12 14:41:47,996] {taskinstance.py:620} INFO - Dependencies all met for <TaskInstance: capstone_dag.Stage_stars 2018-11-03T15:00:00+00:00 [queued]>
[2019-11-12 14:41:47,997] {taskinstance.py:838} INFO - 
--------------------------------------------------------------------------------
[2019-11-12 14:41:47,997] {taskinstance.py:839} INFO - Starting attempt 1 of 4
[2019-11-12 14:41:47,997] {taskinstance.py:840} INFO - 
--------------------------------------------------------------------------------
[2019-11-12 14:41:48,001] {taskinstance.py:859} INFO - Executing <Task(StageToRedshiftOperator): Stage_stars> on 2018-11-03T15:00:00+00:00
[2019-11-12 14:41:48,001] {base_task_runner.py:133} INFO - Running: ['airflow', 'run', 'capstone_dag', 'Stage_stars', '2018-11-03T15:00:00+00:00', '--job_id', '182', '--pool', 'default_pool', '--raw', '-sd', 'DAGS_FOLDER/capstone_dag.py', '--cfg_path', '/var/folders/8q/nyxhvd6d55nfqjdbrybk6jpw0000gn/T/tmpzk8bul2t']
[2019-11-12 14:41:48,717] {base_task_runner.py:115} INFO - Job 182: Subtask Stage_stars /Users/likejun/anaconda3/lib/python3.7/site-packages/psycopg2/__init__.py:144: UserWarning: The psycopg2 wheel package will be renamed from release 2.8; in order to keep installing from binary please use "pip install psycopg2-binary" instead. For details see: <http://initd.org/psycopg/docs/install.html#binary-install-from-pypi>.
[2019-11-12 14:41:48,718] {base_task_runner.py:115} INFO - Job 182: Subtask Stage_stars   """)
[2019-11-12 14:41:48,805] {base_task_runner.py:115} INFO - Job 182: Subtask Stage_stars [2019-11-12 14:41:48,804] {__init__.py:51} INFO - Using executor SequentialExecutor
[2019-11-12 14:41:49,097] {base_task_runner.py:115} INFO - Job 182: Subtask Stage_stars [2019-11-12 14:41:49,097] {dagbag.py:90} INFO - Filling up the DagBag from /Users/likejun/airflow/dags/capstone_dag.py
[2019-11-12 14:41:49,111] {base_task_runner.py:115} INFO - Job 182: Subtask Stage_stars [2019-11-12 14:41:49,110] {cli.py:516} INFO - Running <TaskInstance: capstone_dag.Stage_stars 2018-11-03T15:00:00+00:00 [running]> on host likejundeMacBook-Pro.local
[2019-11-12 14:41:49,117] {staging_redshift.py:33} INFO - StageToRedshiftOperator for staging_stars on 2018-11-03T15:00:00+00:00
[2019-11-12 14:41:49,124] {staging_redshift.py:44} INFO - copy command 
        COPY staging_stars FROM 's3://dend-capstone-lkj/star.json'
        ACCESS_KEY_ID 'AKIA2ZJJD7TPQUMASLMS'
        SECRET_ACCESS_KEY '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'
        REGION 'us-west-2'
        JSON 'auto' TIMEFORMAT 'YYYY-MM-DDTHH:MI:SSZ';
        
[2019-11-12 14:41:49,126] {logging_mixin.py:95} INFO - [[34m2019-11-12 14:41:49,125[0m] {[34mbase_hook.py:[0m84} INFO[0m - Using connection to: [1mid: redshift. Host: redshift-cluster.chjcdyihped1.us-west-2.redshift.amazonaws.com, Port: 5439, Schema: dev, Login: awsuser, Password: XXXXXXXX, extra: {}[0m[0m
[2019-11-12 14:43:55,175] {logging_mixin.py:95} INFO - [[34m2019-11-12 14:43:55,174[0m] {[34mdbapi_hook.py:[0m171} INFO[0m - 
        COPY staging_stars FROM 's3://dend-capstone-lkj/star.json'
        ACCESS_KEY_ID 'AKIA2ZJJD7TPQUMASLMS'
        SECRET_ACCESS_KEY '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'
        REGION 'us-west-2'
        JSON 'auto' TIMEFORMAT 'YYYY-MM-DDTHH:MI:SSZ';
        [0m
[2019-11-12 14:43:59,269] {staging_redshift.py:48} INFO - staging_stars loaded
[2019-11-12 14:44:03,150] {logging_mixin.py:95} INFO - [[34m2019-11-12 14:44:03,149[0m] {[34mlocal_task_job.py:[0m105} INFO[0m - Task exited with return code 0[0m
